!SESSION 2017-07-25 12:43:57.624 -----------------------------------------------
eclipse.buildId=4.6.3.M20170301-0400
java.version=1.8.0_141
java.vendor=Oracle Corporation
BootLoader constants: OS=win32, ARCH=x86_64, WS=win32, NL=zh_CN
Framework arguments:  -product org.eclipse.epp.package.java.product
Command-line arguments:  -os win32 -ws win32 -arch x86_64 -product org.eclipse.epp.package.java.product

!ENTRY org.eclipse.egit.ui 2 0 2017-07-25 12:44:38.467
!MESSAGE Warning: The environment variable HOME is not set. The following directory will be used to store the Git
user global configuration and to define the default location to store repositories: 'C:\Users\ruanhuabin'. If this is
not correct please set the HOME environment variable and restart Eclipse. Otherwise Git for Windows and
EGit might behave differently since they see different configuration options.
This warning can be switched off on the Team > Git > Confirmations and Warnings preference page.
!SESSION 2017-07-25 12:47:34.522 -----------------------------------------------
eclipse.buildId=4.6.3.M20170301-0400
java.version=1.8.0_141
java.vendor=Oracle Corporation
BootLoader constants: OS=win32, ARCH=x86_64, WS=win32, NL=zh_CN
Framework arguments:  -product org.eclipse.epp.package.java.product
Command-line arguments:  -os win32 -ws win32 -arch x86_64 -product org.eclipse.epp.package.java.product

!ENTRY org.eclipse.egit.ui 2 0 2017-07-25 12:47:46.873
!MESSAGE Warning: The environment variable HOME is not set. The following directory will be used to store the Git
user global configuration and to define the default location to store repositories: 'C:\Users\ruanhuabin'. If this is
not correct please set the HOME environment variable and restart Eclipse. Otherwise Git for Windows and
EGit might behave differently since they see different configuration options.
This warning can be switched off on the Team > Git > Confirmations and Warnings preference page.

!ENTRY org.python.pydev.shared_core 1 1 2017-07-25 12:48:09.787
!MESSAGE - Ok, file is non-null. Getting info on:D:\Python27\python.exe
- Beggining task:Getting libs totalWork:100
- Setting task name:Mounting executable string...
- Setting task name:Executing:  D:\Python27\python.exe -u D:\eclipse_neon\eclipse\plugins\org.python.pydev_5.8.0.201706061859\pysrc\interpreterInfo.py
- Setting task name:Making pythonpath environment... D:\Python27\python.exe -u D:\eclipse_neon\eclipse\plugins\org.python.pydev_5.8.0.201706061859\pysrc\interpreterInfo.py
- Setting task name:Making exec... D:\Python27\python.exe -u D:\eclipse_neon\eclipse\plugins\org.python.pydev_5.8.0.201706061859\pysrc\interpreterInfo.py
- Setting task name:Reading output...
- Setting task name:Waiting for process to finish.
- Success getting the info. Result:<xml>
<name>python</name>
<version>2.7</version>
<executable>D:\Python27\python.exe</executable>
<lib>D:\Python27\DLLs</lib>
<lib>D:\Python27\lib</lib>
<lib>D:\Python27\lib\lib-tk</lib>
<lib>D:\Python27</lib>
<lib>D:\Python27\lib\site-packages</lib>
<forced_lib>Image</forced_lib>
<forced_lib>OpenGL</forced_lib>
<forced_lib>__builtin__</forced_lib>
<forced_lib>__main__</forced_lib>
<forced_lib>_ast</forced_lib>
<forced_lib>_bisect</forced_lib>
<forced_lib>_bytesio</forced_lib>
<forced_lib>_codecs</forced_lib>
<forced_lib>_codecs_cn</forced_lib>
<forced_lib>_codecs_hk</forced_lib>
<forced_lib>_codecs_iso2022</forced_lib>
<forced_lib>_codecs_jp</forced_lib>
<forced_lib>_codecs_kr</forced_lib>
<forced_lib>_codecs_tw</forced_lib>
<forced_lib>_collections</forced_lib>
<forced_lib>_csv</forced_lib>
<forced_lib>_fileio</forced_lib>
<forced_lib>_functools</forced_lib>
<forced_lib>_heapq</forced_lib>
<forced_lib>_hotshot</forced_lib>
<forced_lib>_io</forced_lib>
<forced_lib>_json</forced_lib>
<forced_lib>_locale</forced_lib>
<forced_lib>_lsprof</forced_lib>
<forced_lib>_md5</forced_lib>
<forced_lib>_multibytecodec</forced_lib>
<forced_lib>_random</forced_lib>
<forced_lib>_sha</forced_lib>
<forced_lib>_sha256</forced_lib>
<forced_lib>_sha512</forced_lib>
<forced_lib>_sre</forced_lib>
<forced_lib>_struct</forced_lib>
<forced_lib>_subprocess</forced_lib>
<forced_lib>_symtable</forced_lib>
<forced_lib>_warnings</forced_lib>
<forced_lib>_weakref</forced_lib>
<forced_lib>_winreg</forced_lib>
<forced_lib>array</forced_lib>
<forced_lib>audioop</forced_lib>
<forced_lib>binascii</forced_lib>
<forced_lib>cPickle</forced_lib>
<forced_lib>cStringIO</forced_lib>
<forced_lib>cmath</forced_lib>
<forced_lib>datetime</forced_lib>
<forced_lib>email</forced_lib>
<forced_lib>errno</forced_lib>
<forced_lib>exceptions</forced_lib>
<forced_lib>future_builtins</forced_lib>
<forced_lib>gc</forced_lib>
<forced_lib>gi</forced_lib>
<forced_lib>hashlib</forced_lib>
<forced_lib>imageop</forced_lib>
<forced_lib>imp</forced_lib>
<forced_lib>itertools</forced_lib>
<forced_lib>marshal</forced_lib>
<forced_lib>math</forced_lib>
<forced_lib>mmap</forced_lib>
<forced_lib>mock</forced_lib>
<forced_lib>msvcrt</forced_lib>
<forced_lib>multiprocessing</forced_lib>
<forced_lib>nt</forced_lib>
<forced_lib>numpy</forced_lib>
<forced_lib>operator</forced_lib>
<forced_lib>os</forced_lib>
<forced_lib>os.path</forced_lib>
<forced_lib>parser</forced_lib>
<forced_lib>pytest</forced_lib>
<forced_lib>scipy</forced_lib>
<forced_lib>signal</forced_lib>
<forced_lib>six</forced_lib>
<forced_lib>socket</forced_lib>
<forced_lib>ssl</forced_lib>
<forced_lib>strop</forced_lib>
<forced_lib>sys</forced_lib>
<forced_lib>thread</forced_lib>
<forced_lib>time</forced_lib>
<forced_lib>wx</forced_lib>
<forced_lib>wxPython</forced_lib>
<forced_lib>xxsubtype</forced_lib>
<forced_lib>zipimport</forced_lib>
<forced_lib>zlib</forced_lib>
</xml>

!STACK 0
java.lang.RuntimeException: - Ok, file is non-null. Getting info on:D:\Python27\python.exe
- Beggining task:Getting libs totalWork:100
- Setting task name:Mounting executable string...
- Setting task name:Executing:  D:\Python27\python.exe -u D:\eclipse_neon\eclipse\plugins\org.python.pydev_5.8.0.201706061859\pysrc\interpreterInfo.py
- Setting task name:Making pythonpath environment... D:\Python27\python.exe -u D:\eclipse_neon\eclipse\plugins\org.python.pydev_5.8.0.201706061859\pysrc\interpreterInfo.py
- Setting task name:Making exec... D:\Python27\python.exe -u D:\eclipse_neon\eclipse\plugins\org.python.pydev_5.8.0.201706061859\pysrc\interpreterInfo.py
- Setting task name:Reading output...
- Setting task name:Waiting for process to finish.
- Success getting the info. Result:<xml>
<name>python</name>
<version>2.7</version>
<executable>D:\Python27\python.exe</executable>
<lib>D:\Python27\DLLs</lib>
<lib>D:\Python27\lib</lib>
<lib>D:\Python27\lib\lib-tk</lib>
<lib>D:\Python27</lib>
<lib>D:\Python27\lib\site-packages</lib>
<forced_lib>Image</forced_lib>
<forced_lib>OpenGL</forced_lib>
<forced_lib>__builtin__</forced_lib>
<forced_lib>__main__</forced_lib>
<forced_lib>_ast</forced_lib>
<forced_lib>_bisect</forced_lib>
<forced_lib>_bytesio</forced_lib>
<forced_lib>_codecs</forced_lib>
<forced_lib>_codecs_cn</forced_lib>
<forced_lib>_codecs_hk</forced_lib>
<forced_lib>_codecs_iso2022</forced_lib>
<forced_lib>_codecs_jp</forced_lib>
<forced_lib>_codecs_kr</forced_lib>
<forced_lib>_codecs_tw</forced_lib>
<forced_lib>_collections</forced_lib>
<forced_lib>_csv</forced_lib>
<forced_lib>_fileio</forced_lib>
<forced_lib>_functools</forced_lib>
<forced_lib>_heapq</forced_lib>
<forced_lib>_hotshot</forced_lib>
<forced_lib>_io</forced_lib>
<forced_lib>_json</forced_lib>
<forced_lib>_locale</forced_lib>
<forced_lib>_lsprof</forced_lib>
<forced_lib>_md5</forced_lib>
<forced_lib>_multibytecodec</forced_lib>
<forced_lib>_random</forced_lib>
<forced_lib>_sha</forced_lib>
<forced_lib>_sha256</forced_lib>
<forced_lib>_sha512</forced_lib>
<forced_lib>_sre</forced_lib>
<forced_lib>_struct</forced_lib>
<forced_lib>_subprocess</forced_lib>
<forced_lib>_symtable</forced_lib>
<forced_lib>_warnings</forced_lib>
<forced_lib>_weakref</forced_lib>
<forced_lib>_winreg</forced_lib>
<forced_lib>array</forced_lib>
<forced_lib>audioop</forced_lib>
<forced_lib>binascii</forced_lib>
<forced_lib>cPickle</forced_lib>
<forced_lib>cStringIO</forced_lib>
<forced_lib>cmath</forced_lib>
<forced_lib>datetime</forced_lib>
<forced_lib>email</forced_lib>
<forced_lib>errno</forced_lib>
<forced_lib>exceptions</forced_lib>
<forced_lib>future_builtins</forced_lib>
<forced_lib>gc</forced_lib>
<forced_lib>gi</forced_lib>
<forced_lib>hashlib</forced_lib>
<forced_lib>imageop</forced_lib>
<forced_lib>imp</forced_lib>
<forced_lib>itertools</forced_lib>
<forced_lib>marshal</forced_lib>
<forced_lib>math</forced_lib>
<forced_lib>mmap</forced_lib>
<forced_lib>mock</forced_lib>
<forced_lib>msvcrt</forced_lib>
<forced_lib>multiprocessing</forced_lib>
<forced_lib>nt</forced_lib>
<forced_lib>numpy</forced_lib>
<forced_lib>operator</forced_lib>
<forced_lib>os</forced_lib>
<forced_lib>os.path</forced_lib>
<forced_lib>parser</forced_lib>
<forced_lib>pytest</forced_lib>
<forced_lib>scipy</forced_lib>
<forced_lib>signal</forced_lib>
<forced_lib>six</forced_lib>
<forced_lib>socket</forced_lib>
<forced_lib>ssl</forced_lib>
<forced_lib>strop</forced_lib>
<forced_lib>sys</forced_lib>
<forced_lib>thread</forced_lib>
<forced_lib>time</forced_lib>
<forced_lib>wx</forced_lib>
<forced_lib>wxPython</forced_lib>
<forced_lib>xxsubtype</forced_lib>
<forced_lib>zipimport</forced_lib>
<forced_lib>zlib</forced_lib>
</xml>

	at org.python.pydev.core.log.Log.logInfo(Log.java:66)
	at org.python.pydev.ui.pythonpathconf.AutoConfigMaker.autoConfigSingleApply(AutoConfigMaker.java:177)
	at org.python.pydev.ui.PyProjectPythonDetails$ProjectInterpreterAndGrammarConfig$2.widgetSelected(PyProjectPythonDetails.java:289)
	at org.eclipse.swt.widgets.TypedListener.handleEvent(TypedListener.java:249)
	at org.eclipse.swt.widgets.EventTable.sendEvent(EventTable.java:84)
	at org.eclipse.swt.widgets.Display.sendEvent(Display.java:4418)
	at org.eclipse.swt.widgets.Widget.sendEvent(Widget.java:1079)
	at org.eclipse.swt.widgets.Widget.sendEvent(Widget.java:1103)
	at org.eclipse.swt.widgets.Widget.sendSelectionEvent(Widget.java:1120)
	at org.eclipse.swt.widgets.Link.WM_LBUTTONUP(Link.java:1035)
	at org.eclipse.swt.widgets.Control.windowProc(Control.java:4836)
	at org.eclipse.swt.widgets.Display.windowProc(Display.java:5123)
	at org.eclipse.swt.internal.win32.OS.DispatchMessageW(Native Method)
	at org.eclipse.swt.internal.win32.OS.DispatchMessage(OS.java:2552)
	at org.eclipse.swt.widgets.Display.readAndDispatch(Display.java:3822)
	at org.eclipse.jface.window.Window.runEventLoop(Window.java:818)
	at org.eclipse.jface.window.Window.open(Window.java:794)
	at org.eclipse.ui.actions.NewProjectAction.run(NewProjectAction.java:115)
	at org.eclipse.jface.action.Action.runWithEvent(Action.java:473)
	at org.eclipse.jface.action.ActionContributionItem.handleWidgetSelection(ActionContributionItem.java:565)
	at org.eclipse.jface.action.ActionContributionItem.lambda$4(ActionContributionItem.java:397)
	at org.eclipse.swt.widgets.EventTable.sendEvent(EventTable.java:84)
	at org.eclipse.swt.widgets.Display.sendEvent(Display.java:4418)
	at org.eclipse.swt.widgets.Widget.sendEvent(Widget.java:1079)
	at org.eclipse.swt.widgets.Display.runDeferredEvents(Display.java:4236)
	at org.eclipse.swt.widgets.Display.readAndDispatch(Display.java:3824)
	at org.eclipse.e4.ui.internal.workbench.swt.PartRenderingEngine$4.run(PartRenderingEngine.java:1121)
	at org.eclipse.core.databinding.observable.Realm.runWithDefault(Realm.java:336)
	at org.eclipse.e4.ui.internal.workbench.swt.PartRenderingEngine.run(PartRenderingEngine.java:1022)
	at org.eclipse.e4.ui.internal.workbench.E4Workbench.createAndRunUI(E4Workbench.java:150)
	at org.eclipse.ui.internal.Workbench$5.run(Workbench.java:693)
	at org.eclipse.core.databinding.observable.Realm.runWithDefault(Realm.java:336)
	at org.eclipse.ui.internal.Workbench.createAndRunWorkbench(Workbench.java:610)
	at org.eclipse.ui.PlatformUI.createAndRunWorkbench(PlatformUI.java:148)
	at org.eclipse.ui.internal.ide.application.IDEApplication.start(IDEApplication.java:138)
	at org.eclipse.equinox.internal.app.EclipseAppHandle.run(EclipseAppHandle.java:196)
	at org.eclipse.core.runtime.internal.adaptor.EclipseAppLauncher.runApplication(EclipseAppLauncher.java:134)
	at org.eclipse.core.runtime.internal.adaptor.EclipseAppLauncher.start(EclipseAppLauncher.java:104)
	at org.eclipse.core.runtime.adaptor.EclipseStarter.run(EclipseStarter.java:388)
	at org.eclipse.core.runtime.adaptor.EclipseStarter.run(EclipseStarter.java:243)
	at sun.reflect.NativeMethodAccessorImpl.invoke0(Native Method)
	at sun.reflect.NativeMethodAccessorImpl.invoke(NativeMethodAccessorImpl.java:62)
	at sun.reflect.DelegatingMethodAccessorImpl.invoke(DelegatingMethodAccessorImpl.java:43)
	at java.lang.reflect.Method.invoke(Method.java:498)
	at org.eclipse.equinox.launcher.Main.invokeFramework(Main.java:673)
	at org.eclipse.equinox.launcher.Main.basicRun(Main.java:610)
	at org.eclipse.equinox.launcher.Main.run(Main.java:1519)

!ENTRY org.python.pydev.shared_core 1 1 2017-07-25 12:48:09.802
!MESSAGE Restoring info for: D:\Python27\python.exe
!STACK 0
java.lang.RuntimeException: Restoring info for: D:\Python27\python.exe
	at org.python.pydev.ui.interpreters.AbstractInterpreterManager.getInterpretersFromPersistedString(AbstractInterpreterManager.java:529)
	at org.python.pydev.ui.interpreters.AbstractInterpreterManager.internalRecreateCacheGetInterpreterInfos(AbstractInterpreterManager.java:345)
	at org.python.pydev.ui.interpreters.AbstractInterpreterManager.setInfos(AbstractInterpreterManager.java:655)
	at org.python.pydev.ui.pythonpathconf.AutoConfigMaker$1.run(AutoConfigMaker.java:137)
	at org.eclipse.core.internal.jobs.Worker.run(Worker.java:55)
Caused by: java.io.IOException: Expecting: D:\workspace2\.metadata\.plugins\org.python.pydev\v1_32jisk5jx1oeuhf8ucv5rvrxu\modulesKeys to exist (and be a file).
	at org.python.pydev.editor.codecompletion.revisited.ModulesManager.loadFromFile(ModulesManager.java:293)
	at org.python.pydev.editor.codecompletion.revisited.SystemModulesManager.load(SystemModulesManager.java:397)
	at org.python.pydev.ui.interpreters.AbstractInterpreterManager.getInterpretersFromPersistedString(AbstractInterpreterManager.java:527)
	... 4 more

!ENTRY org.python.pydev.shared_core 1 1 2017-07-25 12:48:09.958
!MESSAGE Finished restoring information for: D:\Python27\python.exe at: D:\workspace2\.metadata\.plugins\org.python.pydev\v1_32jisk5jx1oeuhf8ucv5rvrxu
!STACK 0
java.lang.RuntimeException: Finished restoring information for: D:\Python27\python.exe at: D:\workspace2\.metadata\.plugins\org.python.pydev\v1_32jisk5jx1oeuhf8ucv5rvrxu
	at org.python.pydev.core.log.Log.logInfo(Log.java:66)
	at org.python.pydev.ui.interpreters.AbstractInterpreterManager.getInterpretersFromPersistedString(AbstractInterpreterManager.java:574)
	at org.python.pydev.ui.interpreters.AbstractInterpreterManager.internalRecreateCacheGetInterpreterInfos(AbstractInterpreterManager.java:345)
	at org.python.pydev.ui.interpreters.AbstractInterpreterManager.setInfos(AbstractInterpreterManager.java:655)
	at org.python.pydev.ui.pythonpathconf.AutoConfigMaker$1.run(AutoConfigMaker.java:137)
	at org.eclipse.core.internal.jobs.Worker.run(Worker.java:55)

!ENTRY org.python.pydev.shared_core 4 4 2017-07-25 12:48:10.041
!MESSAGE Info: Rebuilding internal caches: D:\workspace2\.metadata\.plugins\com.python.pydev.analysis\python_v1_32jisk5jx1oeuhf8ucv5rvrxu\python.pydevsysteminfo (Expected error to be provided and got no error!)

!ENTRY org.python.pydev.shared_core 4 4 2017-07-25 12:48:37.176
!MESSAGE Info: Rebuilding internal caches: D:\workspace2\.metadata\.plugins\org.eclipse.core.resources\.projects\CryoEMFileAnalysis\com.python.pydev.analysis\AdditionalProjectInterpreterInfo.pydevinfo (Expected error to be provided and got no error!)
!SESSION 2017-07-25 12:47:34.407 -----------------------------------------------
eclipse.buildId=4.6.3.M20170301-0400
java.version=1.8.0_141
java.vendor=Oracle Corporation
BootLoader constants: OS=win32, ARCH=x86_64, WS=win32, NL=zh_CN
Framework arguments:  -product org.eclipse.epp.package.java.product -product org.eclipse.epp.package.java.product
Command-line arguments:  -os win32 -ws win32 -arch x86_64 -product org.eclipse.epp.package.java.product -data file:/D:/workspace2/ -product org.eclipse.epp.package.java.product

!ENTRY org.eclipse.equinox.p2.reconciler.dropins 4 0 2017-07-25 12:47:42.386
!MESSAGE FrameworkEvent ERROR
!STACK 0
org.osgi.framework.BundleException: Exception in org.eclipse.equinox.internal.p2.reconciler.dropins.Activator.start() of bundle org.eclipse.equinox.p2.reconciler.dropins.
	at org.eclipse.osgi.internal.framework.BundleContextImpl.startActivator(BundleContextImpl.java:795)
	at org.eclipse.osgi.internal.framework.BundleContextImpl.start(BundleContextImpl.java:724)
	at org.eclipse.osgi.internal.framework.EquinoxBundle.startWorker0(EquinoxBundle.java:932)
	at org.eclipse.osgi.internal.framework.EquinoxBundle$EquinoxModule.startWorker(EquinoxBundle.java:309)
	at org.eclipse.osgi.container.Module.doStart(Module.java:581)
	at org.eclipse.osgi.container.Module.start(Module.java:449)
	at org.eclipse.osgi.container.ModuleContainer$ContainerStartLevel.incStartLevel(ModuleContainer.java:1620)
	at org.eclipse.osgi.container.ModuleContainer$ContainerStartLevel.incStartLevel(ModuleContainer.java:1600)
	at org.eclipse.osgi.container.ModuleContainer$ContainerStartLevel.doContainerStartLevel(ModuleContainer.java:1571)
	at org.eclipse.osgi.container.ModuleContainer$ContainerStartLevel.dispatchEvent(ModuleContainer.java:1514)
	at org.eclipse.osgi.container.ModuleContainer$ContainerStartLevel.dispatchEvent(ModuleContainer.java:1)
	at org.eclipse.osgi.framework.eventmgr.EventManager.dispatchEvent(EventManager.java:230)
	at org.eclipse.osgi.framework.eventmgr.EventManager$EventThread.run(EventManager.java:340)
Caused by: java.lang.IllegalStateException: Profile epp.package.java is not current. Expected timestamp 0 but was 0.
	at org.eclipse.equinox.internal.p2.engine.SimpleProfileRegistry.lockProfile(SimpleProfileRegistry.java:854)
	at org.eclipse.equinox.internal.p2.engine.Engine.perform(Engine.java:67)
	at org.eclipse.equinox.internal.p2.engine.Engine.perform(Engine.java:44)
	at org.eclipse.equinox.internal.p2.reconciler.dropins.ProfileSynchronizer.executePlan(ProfileSynchronizer.java:805)
	at org.eclipse.equinox.internal.p2.reconciler.dropins.ProfileSynchronizer.performAddRemove(ProfileSynchronizer.java:202)
	at org.eclipse.equinox.internal.p2.reconciler.dropins.ProfileSynchronizer.synchronize(ProfileSynchronizer.java:141)
	at org.eclipse.equinox.internal.p2.reconciler.dropins.Activator.synchronize(Activator.java:469)
	at org.eclipse.equinox.internal.p2.reconciler.dropins.Activator.start(Activator.java:177)
	at org.eclipse.osgi.internal.framework.BundleContextImpl$3.run(BundleContextImpl.java:774)
	at org.eclipse.osgi.internal.framework.BundleContextImpl$3.run(BundleContextImpl.java:1)
	at java.security.AccessController.doPrivileged(Native Method)
	at org.eclipse.osgi.internal.framework.BundleContextImpl.startActivator(BundleContextImpl.java:767)
	... 12 more
Root exception:
java.lang.IllegalStateException: Profile epp.package.java is not current. Expected timestamp 0 but was 0.
	at org.eclipse.equinox.internal.p2.engine.SimpleProfileRegistry.lockProfile(SimpleProfileRegistry.java:854)
	at org.eclipse.equinox.internal.p2.engine.Engine.perform(Engine.java:67)
	at org.eclipse.equinox.internal.p2.engine.Engine.perform(Engine.java:44)
	at org.eclipse.equinox.internal.p2.reconciler.dropins.ProfileSynchronizer.executePlan(ProfileSynchronizer.java:805)
	at org.eclipse.equinox.internal.p2.reconciler.dropins.ProfileSynchronizer.performAddRemove(ProfileSynchronizer.java:202)
	at org.eclipse.equinox.internal.p2.reconciler.dropins.ProfileSynchronizer.synchronize(ProfileSynchronizer.java:141)
	at org.eclipse.equinox.internal.p2.reconciler.dropins.Activator.synchronize(Activator.java:469)
	at org.eclipse.equinox.internal.p2.reconciler.dropins.Activator.start(Activator.java:177)
	at org.eclipse.osgi.internal.framework.BundleContextImpl$3.run(BundleContextImpl.java:774)
	at org.eclipse.osgi.internal.framework.BundleContextImpl$3.run(BundleContextImpl.java:1)
	at java.security.AccessController.doPrivileged(Native Method)
	at org.eclipse.osgi.internal.framework.BundleContextImpl.startActivator(BundleContextImpl.java:767)
	at org.eclipse.osgi.internal.framework.BundleContextImpl.start(BundleContextImpl.java:724)
	at org.eclipse.osgi.internal.framework.EquinoxBundle.startWorker0(EquinoxBundle.java:932)
	at org.eclipse.osgi.internal.framework.EquinoxBundle$EquinoxModule.startWorker(EquinoxBundle.java:309)
	at org.eclipse.osgi.container.Module.doStart(Module.java:581)
	at org.eclipse.osgi.container.Module.start(Module.java:449)
	at org.eclipse.osgi.container.ModuleContainer$ContainerStartLevel.incStartLevel(ModuleContainer.java:1620)
	at org.eclipse.osgi.container.ModuleContainer$ContainerStartLevel.incStartLevel(ModuleContainer.java:1600)
	at org.eclipse.osgi.container.ModuleContainer$ContainerStartLevel.doContainerStartLevel(ModuleContainer.java:1571)
	at org.eclipse.osgi.container.ModuleContainer$ContainerStartLevel.dispatchEvent(ModuleContainer.java:1514)
	at org.eclipse.osgi.container.ModuleContainer$ContainerStartLevel.dispatchEvent(ModuleContainer.java:1)
	at org.eclipse.osgi.framework.eventmgr.EventManager.dispatchEvent(EventManager.java:230)
	at org.eclipse.osgi.framework.eventmgr.EventManager$EventThread.run(EventManager.java:340)

!ENTRY org.python.pydev.shared_core 4 4 2017-07-25 14:42:31.514
!MESSAGE Did not expect to find item below node: Assign[targets=[Name[id=content, ctx=Store, reserved=false]], value=null, type=null] (module: Logger file: D:\workspace2\CryoEMFileAnalysis\Logger.py row: 38).
!STACK 0
java.lang.RuntimeException: Did not expect to find item below node: Assign[targets=[Name[id=content, ctx=Store, reserved=false]], value=null, type=null] (module: Logger file: D:\workspace2\CryoEMFileAnalysis\Logger.py row: 38).
	at org.python.pydev.core.log.Log.log(Log.java:54)
	at org.python.pydev.parser.fastparser.FastDefinitionsParser.endScopesInStack(FastDefinitionsParser.java:604)
	at org.python.pydev.parser.fastparser.FastDefinitionsParser.handleNewLine(FastDefinitionsParser.java:394)
	at org.python.pydev.parser.fastparser.FastDefinitionsParser.extractBody(FastDefinitionsParser.java:259)
	at org.python.pydev.parser.fastparser.FastDefinitionsParser.parse(FastDefinitionsParser.java:691)
	at org.python.pydev.parser.fastparser.FastDefinitionsParser.parse(FastDefinitionsParser.java:685)
	at org.python.pydev.parser.fastparser.FastDefinitionsParser.parse(FastDefinitionsParser.java:676)
	at com.python.pydev.analysis.builder.AnalysisBuilderVisitor$1.call(AnalysisBuilderVisitor.java:115)
	at com.python.pydev.analysis.builder.AnalysisBuilderVisitor$1.call(AnalysisBuilderVisitor.java:1)
	at com.python.pydev.analysis.builder.AnalysisBuilderRunnable.<init>(AnalysisBuilderRunnable.java:164)
	at com.python.pydev.analysis.builder.AnalysisBuilderRunnableFactory.createRunnable(AnalysisBuilderRunnableFactory.java:222)
	at com.python.pydev.analysis.builder.AnalysisBuilderVisitor.doVisitChangedResource(AnalysisBuilderVisitor.java:180)
	at com.python.pydev.analysis.builder.AnalysisBuilderVisitor.visitChangedResource(AnalysisBuilderVisitor.java:129)
	at com.python.pydev.analysis.builder.AnalysisBuilderVisitor.visitChangedResource(AnalysisBuilderVisitor.java:45)
	at org.python.pydev.builder.PyDevBuilderVisitor.visitAddedResource(PyDevBuilderVisitor.java:308)
	at org.python.pydev.builder.PydevGrouperVisitor.visitWith(PydevGrouperVisitor.java:111)
	at org.python.pydev.builder.PydevGrouperVisitor.visitAddedResource(PydevGrouperVisitor.java:161)
	at org.python.pydev.builder.PydevGrouperVisitor.finishDelayedVisits(PydevGrouperVisitor.java:183)
	at org.python.pydev.builder.PyDevBuilder.build(PyDevBuilder.java:133)
	at org.eclipse.core.internal.events.BuildManager$2.run(BuildManager.java:735)
	at org.eclipse.core.runtime.SafeRunner.run(SafeRunner.java:42)
	at org.eclipse.core.internal.events.BuildManager.basicBuild(BuildManager.java:206)
	at org.eclipse.core.internal.events.BuildManager.basicBuild(BuildManager.java:246)
	at org.eclipse.core.internal.events.BuildManager$1.run(BuildManager.java:301)
	at org.eclipse.core.runtime.SafeRunner.run(SafeRunner.java:42)
	at org.eclipse.core.internal.events.BuildManager.basicBuild(BuildManager.java:304)
	at org.eclipse.core.internal.events.BuildManager.basicBuildLoop(BuildManager.java:360)
	at org.eclipse.core.internal.events.BuildManager.build(BuildManager.java:383)
	at org.eclipse.core.internal.events.AutoBuildJob.doBuild(AutoBuildJob.java:144)
	at org.eclipse.core.internal.events.AutoBuildJob.run(AutoBuildJob.java:235)
	at org.eclipse.core.internal.jobs.Worker.run(Worker.java:55)

!ENTRY org.python.pydev.shared_core 4 4 2017-07-25 14:42:31.522
!MESSAGE Did not expect to find item below node: Assign[targets=[Name[id=content, ctx=Store, reserved=false]], value=null, type=null] (module: Logger file: D:\workspace2\CryoEMFileAnalysis\Logger.py row: 51).
!STACK 0
java.lang.RuntimeException: Did not expect to find item below node: Assign[targets=[Name[id=content, ctx=Store, reserved=false]], value=null, type=null] (module: Logger file: D:\workspace2\CryoEMFileAnalysis\Logger.py row: 51).
	at org.python.pydev.core.log.Log.log(Log.java:54)
	at org.python.pydev.parser.fastparser.FastDefinitionsParser.endScopesInStack(FastDefinitionsParser.java:604)
	at org.python.pydev.parser.fastparser.FastDefinitionsParser.handleNewLine(FastDefinitionsParser.java:394)
	at org.python.pydev.parser.fastparser.FastDefinitionsParser.extractBody(FastDefinitionsParser.java:259)
	at org.python.pydev.parser.fastparser.FastDefinitionsParser.parse(FastDefinitionsParser.java:691)
	at org.python.pydev.parser.fastparser.FastDefinitionsParser.parse(FastDefinitionsParser.java:685)
	at org.python.pydev.parser.fastparser.FastDefinitionsParser.parse(FastDefinitionsParser.java:676)
	at com.python.pydev.analysis.builder.AnalysisBuilderVisitor$1.call(AnalysisBuilderVisitor.java:115)
	at com.python.pydev.analysis.builder.AnalysisBuilderVisitor$1.call(AnalysisBuilderVisitor.java:1)
	at com.python.pydev.analysis.builder.AnalysisBuilderRunnable.<init>(AnalysisBuilderRunnable.java:164)
	at com.python.pydev.analysis.builder.AnalysisBuilderRunnableFactory.createRunnable(AnalysisBuilderRunnableFactory.java:222)
	at com.python.pydev.analysis.builder.AnalysisBuilderVisitor.doVisitChangedResource(AnalysisBuilderVisitor.java:180)
	at com.python.pydev.analysis.builder.AnalysisBuilderVisitor.visitChangedResource(AnalysisBuilderVisitor.java:129)
	at com.python.pydev.analysis.builder.AnalysisBuilderVisitor.visitChangedResource(AnalysisBuilderVisitor.java:45)
	at org.python.pydev.builder.PyDevBuilderVisitor.visitAddedResource(PyDevBuilderVisitor.java:308)
	at org.python.pydev.builder.PydevGrouperVisitor.visitWith(PydevGrouperVisitor.java:111)
	at org.python.pydev.builder.PydevGrouperVisitor.visitAddedResource(PydevGrouperVisitor.java:161)
	at org.python.pydev.builder.PydevGrouperVisitor.finishDelayedVisits(PydevGrouperVisitor.java:183)
	at org.python.pydev.builder.PyDevBuilder.build(PyDevBuilder.java:133)
	at org.eclipse.core.internal.events.BuildManager$2.run(BuildManager.java:735)
	at org.eclipse.core.runtime.SafeRunner.run(SafeRunner.java:42)
	at org.eclipse.core.internal.events.BuildManager.basicBuild(BuildManager.java:206)
	at org.eclipse.core.internal.events.BuildManager.basicBuild(BuildManager.java:246)
	at org.eclipse.core.internal.events.BuildManager$1.run(BuildManager.java:301)
	at org.eclipse.core.runtime.SafeRunner.run(SafeRunner.java:42)
	at org.eclipse.core.internal.events.BuildManager.basicBuild(BuildManager.java:304)
	at org.eclipse.core.internal.events.BuildManager.basicBuildLoop(BuildManager.java:360)
	at org.eclipse.core.internal.events.BuildManager.build(BuildManager.java:383)
	at org.eclipse.core.internal.events.AutoBuildJob.doBuild(AutoBuildJob.java:144)
	at org.eclipse.core.internal.events.AutoBuildJob.run(AutoBuildJob.java:235)
	at org.eclipse.core.internal.jobs.Worker.run(Worker.java:55)

!ENTRY org.python.pydev.shared_core 4 4 2017-07-25 14:42:31.526
!MESSAGE Did not expect to find item below node: Assign[targets=[Name[id=name, ctx=Store, reserved=false], Name[id=content, ctx=Store, reserved=false]], value=null, type=null] (module: Logger file: D:\workspace2\CryoEMFileAnalysis\Logger.py row: 63).
!STACK 0
java.lang.RuntimeException: Did not expect to find item below node: Assign[targets=[Name[id=name, ctx=Store, reserved=false], Name[id=content, ctx=Store, reserved=false]], value=null, type=null] (module: Logger file: D:\workspace2\CryoEMFileAnalysis\Logger.py row: 63).
	at org.python.pydev.core.log.Log.log(Log.java:54)
	at org.python.pydev.parser.fastparser.FastDefinitionsParser.endScopesInStack(FastDefinitionsParser.java:604)
	at org.python.pydev.parser.fastparser.FastDefinitionsParser.handleNewLine(FastDefinitionsParser.java:394)
	at org.python.pydev.parser.fastparser.FastDefinitionsParser.extractBody(FastDefinitionsParser.java:259)
	at org.python.pydev.parser.fastparser.FastDefinitionsParser.parse(FastDefinitionsParser.java:691)
	at org.python.pydev.parser.fastparser.FastDefinitionsParser.parse(FastDefinitionsParser.java:685)
	at org.python.pydev.parser.fastparser.FastDefinitionsParser.parse(FastDefinitionsParser.java:676)
	at com.python.pydev.analysis.builder.AnalysisBuilderVisitor$1.call(AnalysisBuilderVisitor.java:115)
	at com.python.pydev.analysis.builder.AnalysisBuilderVisitor$1.call(AnalysisBuilderVisitor.java:1)
	at com.python.pydev.analysis.builder.AnalysisBuilderRunnable.<init>(AnalysisBuilderRunnable.java:164)
	at com.python.pydev.analysis.builder.AnalysisBuilderRunnableFactory.createRunnable(AnalysisBuilderRunnableFactory.java:222)
	at com.python.pydev.analysis.builder.AnalysisBuilderVisitor.doVisitChangedResource(AnalysisBuilderVisitor.java:180)
	at com.python.pydev.analysis.builder.AnalysisBuilderVisitor.visitChangedResource(AnalysisBuilderVisitor.java:129)
	at com.python.pydev.analysis.builder.AnalysisBuilderVisitor.visitChangedResource(AnalysisBuilderVisitor.java:45)
	at org.python.pydev.builder.PyDevBuilderVisitor.visitAddedResource(PyDevBuilderVisitor.java:308)
	at org.python.pydev.builder.PydevGrouperVisitor.visitWith(PydevGrouperVisitor.java:111)
	at org.python.pydev.builder.PydevGrouperVisitor.visitAddedResource(PydevGrouperVisitor.java:161)
	at org.python.pydev.builder.PydevGrouperVisitor.finishDelayedVisits(PydevGrouperVisitor.java:183)
	at org.python.pydev.builder.PyDevBuilder.build(PyDevBuilder.java:133)
	at org.eclipse.core.internal.events.BuildManager$2.run(BuildManager.java:735)
	at org.eclipse.core.runtime.SafeRunner.run(SafeRunner.java:42)
	at org.eclipse.core.internal.events.BuildManager.basicBuild(BuildManager.java:206)
	at org.eclipse.core.internal.events.BuildManager.basicBuild(BuildManager.java:246)
	at org.eclipse.core.internal.events.BuildManager$1.run(BuildManager.java:301)
	at org.eclipse.core.runtime.SafeRunner.run(SafeRunner.java:42)
	at org.eclipse.core.internal.events.BuildManager.basicBuild(BuildManager.java:304)
	at org.eclipse.core.internal.events.BuildManager.basicBuildLoop(BuildManager.java:360)
	at org.eclipse.core.internal.events.BuildManager.build(BuildManager.java:383)
	at org.eclipse.core.internal.events.AutoBuildJob.doBuild(AutoBuildJob.java:144)
	at org.eclipse.core.internal.events.AutoBuildJob.run(AutoBuildJob.java:235)
	at org.eclipse.core.internal.jobs.Worker.run(Worker.java:55)

!ENTRY org.python.pydev.shared_core 4 4 2017-07-25 14:42:31.530
!MESSAGE Did not expect to find item below node: Assign[targets=[Name[id=name, ctx=Store, reserved=false]], value=null, type=null] (module: Logger file: D:\workspace2\CryoEMFileAnalysis\Logger.py row: 63).
!STACK 0
java.lang.RuntimeException: Did not expect to find item below node: Assign[targets=[Name[id=name, ctx=Store, reserved=false]], value=null, type=null] (module: Logger file: D:\workspace2\CryoEMFileAnalysis\Logger.py row: 63).
	at org.python.pydev.core.log.Log.log(Log.java:54)
	at org.python.pydev.parser.fastparser.FastDefinitionsParser.endScopesInStack(FastDefinitionsParser.java:604)
	at org.python.pydev.parser.fastparser.FastDefinitionsParser.handleNewLine(FastDefinitionsParser.java:394)
	at org.python.pydev.parser.fastparser.FastDefinitionsParser.extractBody(FastDefinitionsParser.java:259)
	at org.python.pydev.parser.fastparser.FastDefinitionsParser.parse(FastDefinitionsParser.java:691)
	at org.python.pydev.parser.fastparser.FastDefinitionsParser.parse(FastDefinitionsParser.java:685)
	at org.python.pydev.parser.fastparser.FastDefinitionsParser.parse(FastDefinitionsParser.java:676)
	at com.python.pydev.analysis.builder.AnalysisBuilderVisitor$1.call(AnalysisBuilderVisitor.java:115)
	at com.python.pydev.analysis.builder.AnalysisBuilderVisitor$1.call(AnalysisBuilderVisitor.java:1)
	at com.python.pydev.analysis.builder.AnalysisBuilderRunnable.<init>(AnalysisBuilderRunnable.java:164)
	at com.python.pydev.analysis.builder.AnalysisBuilderRunnableFactory.createRunnable(AnalysisBuilderRunnableFactory.java:222)
	at com.python.pydev.analysis.builder.AnalysisBuilderVisitor.doVisitChangedResource(AnalysisBuilderVisitor.java:180)
	at com.python.pydev.analysis.builder.AnalysisBuilderVisitor.visitChangedResource(AnalysisBuilderVisitor.java:129)
	at com.python.pydev.analysis.builder.AnalysisBuilderVisitor.visitChangedResource(AnalysisBuilderVisitor.java:45)
	at org.python.pydev.builder.PyDevBuilderVisitor.visitAddedResource(PyDevBuilderVisitor.java:308)
	at org.python.pydev.builder.PydevGrouperVisitor.visitWith(PydevGrouperVisitor.java:111)
	at org.python.pydev.builder.PydevGrouperVisitor.visitAddedResource(PydevGrouperVisitor.java:161)
	at org.python.pydev.builder.PydevGrouperVisitor.finishDelayedVisits(PydevGrouperVisitor.java:183)
	at org.python.pydev.builder.PyDevBuilder.build(PyDevBuilder.java:133)
	at org.eclipse.core.internal.events.BuildManager$2.run(BuildManager.java:735)
	at org.eclipse.core.runtime.SafeRunner.run(SafeRunner.java:42)
	at org.eclipse.core.internal.events.BuildManager.basicBuild(BuildManager.java:206)
	at org.eclipse.core.internal.events.BuildManager.basicBuild(BuildManager.java:246)
	at org.eclipse.core.internal.events.BuildManager$1.run(BuildManager.java:301)
	at org.eclipse.core.runtime.SafeRunner.run(SafeRunner.java:42)
	at org.eclipse.core.internal.events.BuildManager.basicBuild(BuildManager.java:304)
	at org.eclipse.core.internal.events.BuildManager.basicBuildLoop(BuildManager.java:360)
	at org.eclipse.core.internal.events.BuildManager.build(BuildManager.java:383)
	at org.eclipse.core.internal.events.AutoBuildJob.doBuild(AutoBuildJob.java:144)
	at org.eclipse.core.internal.events.AutoBuildJob.run(AutoBuildJob.java:235)
	at org.eclipse.core.internal.jobs.Worker.run(Worker.java:55)

!ENTRY org.python.pydev.shared_core 4 4 2017-07-25 14:42:31.535
!MESSAGE Did not expect to find item below node: Assign[targets=[Name[id=content, ctx=Store, reserved=false]], value=null, type=null] (module: Logger file: D:\workspace2\CryoEMFileAnalysis\Logger.py row: 66).
!STACK 0
java.lang.RuntimeException: Did not expect to find item below node: Assign[targets=[Name[id=content, ctx=Store, reserved=false]], value=null, type=null] (module: Logger file: D:\workspace2\CryoEMFileAnalysis\Logger.py row: 66).
	at org.python.pydev.core.log.Log.log(Log.java:54)
	at org.python.pydev.parser.fastparser.FastDefinitionsParser.endScopesInStack(FastDefinitionsParser.java:604)
	at org.python.pydev.parser.fastparser.FastDefinitionsParser.handleNewLine(FastDefinitionsParser.java:394)
	at org.python.pydev.parser.fastparser.FastDefinitionsParser.extractBody(FastDefinitionsParser.java:259)
	at org.python.pydev.parser.fastparser.FastDefinitionsParser.parse(FastDefinitionsParser.java:691)
	at org.python.pydev.parser.fastparser.FastDefinitionsParser.parse(FastDefinitionsParser.java:685)
	at org.python.pydev.parser.fastparser.FastDefinitionsParser.parse(FastDefinitionsParser.java:676)
	at com.python.pydev.analysis.builder.AnalysisBuilderVisitor$1.call(AnalysisBuilderVisitor.java:115)
	at com.python.pydev.analysis.builder.AnalysisBuilderVisitor$1.call(AnalysisBuilderVisitor.java:1)
	at com.python.pydev.analysis.builder.AnalysisBuilderRunnable.<init>(AnalysisBuilderRunnable.java:164)
	at com.python.pydev.analysis.builder.AnalysisBuilderRunnableFactory.createRunnable(AnalysisBuilderRunnableFactory.java:222)
	at com.python.pydev.analysis.builder.AnalysisBuilderVisitor.doVisitChangedResource(AnalysisBuilderVisitor.java:180)
	at com.python.pydev.analysis.builder.AnalysisBuilderVisitor.visitChangedResource(AnalysisBuilderVisitor.java:129)
	at com.python.pydev.analysis.builder.AnalysisBuilderVisitor.visitChangedResource(AnalysisBuilderVisitor.java:45)
	at org.python.pydev.builder.PyDevBuilderVisitor.visitAddedResource(PyDevBuilderVisitor.java:308)
	at org.python.pydev.builder.PydevGrouperVisitor.visitWith(PydevGrouperVisitor.java:111)
	at org.python.pydev.builder.PydevGrouperVisitor.visitAddedResource(PydevGrouperVisitor.java:161)
	at org.python.pydev.builder.PydevGrouperVisitor.finishDelayedVisits(PydevGrouperVisitor.java:183)
	at org.python.pydev.builder.PyDevBuilder.build(PyDevBuilder.java:133)
	at org.eclipse.core.internal.events.BuildManager$2.run(BuildManager.java:735)
	at org.eclipse.core.runtime.SafeRunner.run(SafeRunner.java:42)
	at org.eclipse.core.internal.events.BuildManager.basicBuild(BuildManager.java:206)
	at org.eclipse.core.internal.events.BuildManager.basicBuild(BuildManager.java:246)
	at org.eclipse.core.internal.events.BuildManager$1.run(BuildManager.java:301)
	at org.eclipse.core.runtime.SafeRunner.run(SafeRunner.java:42)
	at org.eclipse.core.internal.events.BuildManager.basicBuild(BuildManager.java:304)
	at org.eclipse.core.internal.events.BuildManager.basicBuildLoop(BuildManager.java:360)
	at org.eclipse.core.internal.events.BuildManager.build(BuildManager.java:383)
	at org.eclipse.core.internal.events.AutoBuildJob.doBuild(AutoBuildJob.java:144)
	at org.eclipse.core.internal.events.AutoBuildJob.run(AutoBuildJob.java:235)
	at org.eclipse.core.internal.jobs.Worker.run(Worker.java:55)

!ENTRY org.python.pydev.shared_core 4 4 2017-07-25 14:42:31.540
!MESSAGE Did not expect to find item below node: Assign[targets=[Name[id=content, ctx=Store, reserved=false]], value=null, type=null] (module: Logger file: D:\workspace2\CryoEMFileAnalysis\Logger.py row: 69).
!STACK 0
java.lang.RuntimeException: Did not expect to find item below node: Assign[targets=[Name[id=content, ctx=Store, reserved=false]], value=null, type=null] (module: Logger file: D:\workspace2\CryoEMFileAnalysis\Logger.py row: 69).
	at org.python.pydev.core.log.Log.log(Log.java:54)
	at org.python.pydev.parser.fastparser.FastDefinitionsParser.endScopesInStack(FastDefinitionsParser.java:604)
	at org.python.pydev.parser.fastparser.FastDefinitionsParser.handleNewLine(FastDefinitionsParser.java:394)
	at org.python.pydev.parser.fastparser.FastDefinitionsParser.extractBody(FastDefinitionsParser.java:259)
	at org.python.pydev.parser.fastparser.FastDefinitionsParser.parse(FastDefinitionsParser.java:691)
	at org.python.pydev.parser.fastparser.FastDefinitionsParser.parse(FastDefinitionsParser.java:685)
	at org.python.pydev.parser.fastparser.FastDefinitionsParser.parse(FastDefinitionsParser.java:676)
	at com.python.pydev.analysis.builder.AnalysisBuilderVisitor$1.call(AnalysisBuilderVisitor.java:115)
	at com.python.pydev.analysis.builder.AnalysisBuilderVisitor$1.call(AnalysisBuilderVisitor.java:1)
	at com.python.pydev.analysis.builder.AnalysisBuilderRunnable.<init>(AnalysisBuilderRunnable.java:164)
	at com.python.pydev.analysis.builder.AnalysisBuilderRunnableFactory.createRunnable(AnalysisBuilderRunnableFactory.java:222)
	at com.python.pydev.analysis.builder.AnalysisBuilderVisitor.doVisitChangedResource(AnalysisBuilderVisitor.java:180)
	at com.python.pydev.analysis.builder.AnalysisBuilderVisitor.visitChangedResource(AnalysisBuilderVisitor.java:129)
	at com.python.pydev.analysis.builder.AnalysisBuilderVisitor.visitChangedResource(AnalysisBuilderVisitor.java:45)
	at org.python.pydev.builder.PyDevBuilderVisitor.visitAddedResource(PyDevBuilderVisitor.java:308)
	at org.python.pydev.builder.PydevGrouperVisitor.visitWith(PydevGrouperVisitor.java:111)
	at org.python.pydev.builder.PydevGrouperVisitor.visitAddedResource(PydevGrouperVisitor.java:161)
	at org.python.pydev.builder.PydevGrouperVisitor.finishDelayedVisits(PydevGrouperVisitor.java:183)
	at org.python.pydev.builder.PyDevBuilder.build(PyDevBuilder.java:133)
	at org.eclipse.core.internal.events.BuildManager$2.run(BuildManager.java:735)
	at org.eclipse.core.runtime.SafeRunner.run(SafeRunner.java:42)
	at org.eclipse.core.internal.events.BuildManager.basicBuild(BuildManager.java:206)
	at org.eclipse.core.internal.events.BuildManager.basicBuild(BuildManager.java:246)
	at org.eclipse.core.internal.events.BuildManager$1.run(BuildManager.java:301)
	at org.eclipse.core.runtime.SafeRunner.run(SafeRunner.java:42)
	at org.eclipse.core.internal.events.BuildManager.basicBuild(BuildManager.java:304)
	at org.eclipse.core.internal.events.BuildManager.basicBuildLoop(BuildManager.java:360)
	at org.eclipse.core.internal.events.BuildManager.build(BuildManager.java:383)
	at org.eclipse.core.internal.events.AutoBuildJob.doBuild(AutoBuildJob.java:144)
	at org.eclipse.core.internal.events.AutoBuildJob.run(AutoBuildJob.java:235)
	at org.eclipse.core.internal.jobs.Worker.run(Worker.java:55)

!ENTRY org.python.pydev.shared_core 4 4 2017-07-25 14:42:31.543
!MESSAGE Did not expect to find item below node: Assign[targets=[Name[id=name, ctx=Store, reserved=false]], value=null, type=null] (module: Logger file: D:\workspace2\CryoEMFileAnalysis\Logger.py row: 69).
!STACK 0
java.lang.RuntimeException: Did not expect to find item below node: Assign[targets=[Name[id=name, ctx=Store, reserved=false]], value=null, type=null] (module: Logger file: D:\workspace2\CryoEMFileAnalysis\Logger.py row: 69).
	at org.python.pydev.core.log.Log.log(Log.java:54)
	at org.python.pydev.parser.fastparser.FastDefinitionsParser.endScopesInStack(FastDefinitionsParser.java:604)
	at org.python.pydev.parser.fastparser.FastDefinitionsParser.handleNewLine(FastDefinitionsParser.java:394)
	at org.python.pydev.parser.fastparser.FastDefinitionsParser.extractBody(FastDefinitionsParser.java:259)
	at org.python.pydev.parser.fastparser.FastDefinitionsParser.parse(FastDefinitionsParser.java:691)
	at org.python.pydev.parser.fastparser.FastDefinitionsParser.parse(FastDefinitionsParser.java:685)
	at org.python.pydev.parser.fastparser.FastDefinitionsParser.parse(FastDefinitionsParser.java:676)
	at com.python.pydev.analysis.builder.AnalysisBuilderVisitor$1.call(AnalysisBuilderVisitor.java:115)
	at com.python.pydev.analysis.builder.AnalysisBuilderVisitor$1.call(AnalysisBuilderVisitor.java:1)
	at com.python.pydev.analysis.builder.AnalysisBuilderRunnable.<init>(AnalysisBuilderRunnable.java:164)
	at com.python.pydev.analysis.builder.AnalysisBuilderRunnableFactory.createRunnable(AnalysisBuilderRunnableFactory.java:222)
	at com.python.pydev.analysis.builder.AnalysisBuilderVisitor.doVisitChangedResource(AnalysisBuilderVisitor.java:180)
	at com.python.pydev.analysis.builder.AnalysisBuilderVisitor.visitChangedResource(AnalysisBuilderVisitor.java:129)
	at com.python.pydev.analysis.builder.AnalysisBuilderVisitor.visitChangedResource(AnalysisBuilderVisitor.java:45)
	at org.python.pydev.builder.PyDevBuilderVisitor.visitAddedResource(PyDevBuilderVisitor.java:308)
	at org.python.pydev.builder.PydevGrouperVisitor.visitWith(PydevGrouperVisitor.java:111)
	at org.python.pydev.builder.PydevGrouperVisitor.visitAddedResource(PydevGrouperVisitor.java:161)
	at org.python.pydev.builder.PydevGrouperVisitor.finishDelayedVisits(PydevGrouperVisitor.java:183)
	at org.python.pydev.builder.PyDevBuilder.build(PyDevBuilder.java:133)
	at org.eclipse.core.internal.events.BuildManager$2.run(BuildManager.java:735)
	at org.eclipse.core.runtime.SafeRunner.run(SafeRunner.java:42)
	at org.eclipse.core.internal.events.BuildManager.basicBuild(BuildManager.java:206)
	at org.eclipse.core.internal.events.BuildManager.basicBuild(BuildManager.java:246)
	at org.eclipse.core.internal.events.BuildManager$1.run(BuildManager.java:301)
	at org.eclipse.core.runtime.SafeRunner.run(SafeRunner.java:42)
	at org.eclipse.core.internal.events.BuildManager.basicBuild(BuildManager.java:304)
	at org.eclipse.core.internal.events.BuildManager.basicBuildLoop(BuildManager.java:360)
	at org.eclipse.core.internal.events.BuildManager.build(BuildManager.java:383)
	at org.eclipse.core.internal.events.AutoBuildJob.doBuild(AutoBuildJob.java:144)
	at org.eclipse.core.internal.events.AutoBuildJob.run(AutoBuildJob.java:235)
	at org.eclipse.core.internal.jobs.Worker.run(Worker.java:55)

!ENTRY org.python.pydev.shared_core 4 4 2017-07-25 14:42:31.546
!MESSAGE Did not expect to find item below node: Assign[targets=[Name[id=name, ctx=Store, reserved=false]], value=null, type=null] (module: Logger file: D:\workspace2\CryoEMFileAnalysis\Logger.py row: 71).
!STACK 0
java.lang.RuntimeException: Did not expect to find item below node: Assign[targets=[Name[id=name, ctx=Store, reserved=false]], value=null, type=null] (module: Logger file: D:\workspace2\CryoEMFileAnalysis\Logger.py row: 71).
	at org.python.pydev.core.log.Log.log(Log.java:54)
	at org.python.pydev.parser.fastparser.FastDefinitionsParser.endScopesInStack(FastDefinitionsParser.java:604)
	at org.python.pydev.parser.fastparser.FastDefinitionsParser.handleNewLine(FastDefinitionsParser.java:394)
	at org.python.pydev.parser.fastparser.FastDefinitionsParser.extractBody(FastDefinitionsParser.java:259)
	at org.python.pydev.parser.fastparser.FastDefinitionsParser.parse(FastDefinitionsParser.java:691)
	at org.python.pydev.parser.fastparser.FastDefinitionsParser.parse(FastDefinitionsParser.java:685)
	at org.python.pydev.parser.fastparser.FastDefinitionsParser.parse(FastDefinitionsParser.java:676)
	at com.python.pydev.analysis.builder.AnalysisBuilderVisitor$1.call(AnalysisBuilderVisitor.java:115)
	at com.python.pydev.analysis.builder.AnalysisBuilderVisitor$1.call(AnalysisBuilderVisitor.java:1)
	at com.python.pydev.analysis.builder.AnalysisBuilderRunnable.<init>(AnalysisBuilderRunnable.java:164)
	at com.python.pydev.analysis.builder.AnalysisBuilderRunnableFactory.createRunnable(AnalysisBuilderRunnableFactory.java:222)
	at com.python.pydev.analysis.builder.AnalysisBuilderVisitor.doVisitChangedResource(AnalysisBuilderVisitor.java:180)
	at com.python.pydev.analysis.builder.AnalysisBuilderVisitor.visitChangedResource(AnalysisBuilderVisitor.java:129)
	at com.python.pydev.analysis.builder.AnalysisBuilderVisitor.visitChangedResource(AnalysisBuilderVisitor.java:45)
	at org.python.pydev.builder.PyDevBuilderVisitor.visitAddedResource(PyDevBuilderVisitor.java:308)
	at org.python.pydev.builder.PydevGrouperVisitor.visitWith(PydevGrouperVisitor.java:111)
	at org.python.pydev.builder.PydevGrouperVisitor.visitAddedResource(PydevGrouperVisitor.java:161)
	at org.python.pydev.builder.PydevGrouperVisitor.finishDelayedVisits(PydevGrouperVisitor.java:183)
	at org.python.pydev.builder.PyDevBuilder.build(PyDevBuilder.java:133)
	at org.eclipse.core.internal.events.BuildManager$2.run(BuildManager.java:735)
	at org.eclipse.core.runtime.SafeRunner.run(SafeRunner.java:42)
	at org.eclipse.core.internal.events.BuildManager.basicBuild(BuildManager.java:206)
	at org.eclipse.core.internal.events.BuildManager.basicBuild(BuildManager.java:246)
	at org.eclipse.core.internal.events.BuildManager$1.run(BuildManager.java:301)
	at org.eclipse.core.runtime.SafeRunner.run(SafeRunner.java:42)
	at org.eclipse.core.internal.events.BuildManager.basicBuild(BuildManager.java:304)
	at org.eclipse.core.internal.events.BuildManager.basicBuildLoop(BuildManager.java:360)
	at org.eclipse.core.internal.events.BuildManager.build(BuildManager.java:383)
	at org.eclipse.core.internal.events.AutoBuildJob.doBuild(AutoBuildJob.java:144)
	at org.eclipse.core.internal.events.AutoBuildJob.run(AutoBuildJob.java:235)
	at org.eclipse.core.internal.jobs.Worker.run(Worker.java:55)

!ENTRY org.python.pydev.shared_core 4 4 2017-07-25 14:42:31.548
!MESSAGE Did not expect to find item below node: Assign[targets=[Name[id=content, ctx=Store, reserved=false]], value=null, type=null] (module: Logger file: D:\workspace2\CryoEMFileAnalysis\Logger.py row: 76).
!STACK 0
java.lang.RuntimeException: Did not expect to find item below node: Assign[targets=[Name[id=content, ctx=Store, reserved=false]], value=null, type=null] (module: Logger file: D:\workspace2\CryoEMFileAnalysis\Logger.py row: 76).
	at org.python.pydev.core.log.Log.log(Log.java:54)
	at org.python.pydev.parser.fastparser.FastDefinitionsParser.endScopesInStack(FastDefinitionsParser.java:604)
	at org.python.pydev.parser.fastparser.FastDefinitionsParser.handleNewLine(FastDefinitionsParser.java:394)
	at org.python.pydev.parser.fastparser.FastDefinitionsParser.extractBody(FastDefinitionsParser.java:259)
	at org.python.pydev.parser.fastparser.FastDefinitionsParser.parse(FastDefinitionsParser.java:691)
	at org.python.pydev.parser.fastparser.FastDefinitionsParser.parse(FastDefinitionsParser.java:685)
	at org.python.pydev.parser.fastparser.FastDefinitionsParser.parse(FastDefinitionsParser.java:676)
	at com.python.pydev.analysis.builder.AnalysisBuilderVisitor$1.call(AnalysisBuilderVisitor.java:115)
	at com.python.pydev.analysis.builder.AnalysisBuilderVisitor$1.call(AnalysisBuilderVisitor.java:1)
	at com.python.pydev.analysis.builder.AnalysisBuilderRunnable.<init>(AnalysisBuilderRunnable.java:164)
	at com.python.pydev.analysis.builder.AnalysisBuilderRunnableFactory.createRunnable(AnalysisBuilderRunnableFactory.java:222)
	at com.python.pydev.analysis.builder.AnalysisBuilderVisitor.doVisitChangedResource(AnalysisBuilderVisitor.java:180)
	at com.python.pydev.analysis.builder.AnalysisBuilderVisitor.visitChangedResource(AnalysisBuilderVisitor.java:129)
	at com.python.pydev.analysis.builder.AnalysisBuilderVisitor.visitChangedResource(AnalysisBuilderVisitor.java:45)
	at org.python.pydev.builder.PyDevBuilderVisitor.visitAddedResource(PyDevBuilderVisitor.java:308)
	at org.python.pydev.builder.PydevGrouperVisitor.visitWith(PydevGrouperVisitor.java:111)
	at org.python.pydev.builder.PydevGrouperVisitor.visitAddedResource(PydevGrouperVisitor.java:161)
	at org.python.pydev.builder.PydevGrouperVisitor.finishDelayedVisits(PydevGrouperVisitor.java:183)
	at org.python.pydev.builder.PyDevBuilder.build(PyDevBuilder.java:133)
	at org.eclipse.core.internal.events.BuildManager$2.run(BuildManager.java:735)
	at org.eclipse.core.runtime.SafeRunner.run(SafeRunner.java:42)
	at org.eclipse.core.internal.events.BuildManager.basicBuild(BuildManager.java:206)
	at org.eclipse.core.internal.events.BuildManager.basicBuild(BuildManager.java:246)
	at org.eclipse.core.internal.events.BuildManager$1.run(BuildManager.java:301)
	at org.eclipse.core.runtime.SafeRunner.run(SafeRunner.java:42)
	at org.eclipse.core.internal.events.BuildManager.basicBuild(BuildManager.java:304)
	at org.eclipse.core.internal.events.BuildManager.basicBuildLoop(BuildManager.java:360)
	at org.eclipse.core.internal.events.BuildManager.build(BuildManager.java:383)
	at org.eclipse.core.internal.events.AutoBuildJob.doBuild(AutoBuildJob.java:144)
	at org.eclipse.core.internal.events.AutoBuildJob.run(AutoBuildJob.java:235)
	at org.eclipse.core.internal.jobs.Worker.run(Worker.java:55)

!ENTRY org.python.pydev.shared_core 4 4 2017-07-25 14:42:31.551
!MESSAGE Did not expect to find item below node: Assign[targets=[Name[id=name, ctx=Store, reserved=false]], value=null, type=null] (module: Logger file: D:\workspace2\CryoEMFileAnalysis\Logger.py row: 76).
!STACK 0
java.lang.RuntimeException: Did not expect to find item below node: Assign[targets=[Name[id=name, ctx=Store, reserved=false]], value=null, type=null] (module: Logger file: D:\workspace2\CryoEMFileAnalysis\Logger.py row: 76).
	at org.python.pydev.core.log.Log.log(Log.java:54)
	at org.python.pydev.parser.fastparser.FastDefinitionsParser.endScopesInStack(FastDefinitionsParser.java:604)
	at org.python.pydev.parser.fastparser.FastDefinitionsParser.handleNewLine(FastDefinitionsParser.java:394)
	at org.python.pydev.parser.fastparser.FastDefinitionsParser.extractBody(FastDefinitionsParser.java:259)
	at org.python.pydev.parser.fastparser.FastDefinitionsParser.parse(FastDefinitionsParser.java:691)
	at org.python.pydev.parser.fastparser.FastDefinitionsParser.parse(FastDefinitionsParser.java:685)
	at org.python.pydev.parser.fastparser.FastDefinitionsParser.parse(FastDefinitionsParser.java:676)
	at com.python.pydev.analysis.builder.AnalysisBuilderVisitor$1.call(AnalysisBuilderVisitor.java:115)
	at com.python.pydev.analysis.builder.AnalysisBuilderVisitor$1.call(AnalysisBuilderVisitor.java:1)
	at com.python.pydev.analysis.builder.AnalysisBuilderRunnable.<init>(AnalysisBuilderRunnable.java:164)
	at com.python.pydev.analysis.builder.AnalysisBuilderRunnableFactory.createRunnable(AnalysisBuilderRunnableFactory.java:222)
	at com.python.pydev.analysis.builder.AnalysisBuilderVisitor.doVisitChangedResource(AnalysisBuilderVisitor.java:180)
	at com.python.pydev.analysis.builder.AnalysisBuilderVisitor.visitChangedResource(AnalysisBuilderVisitor.java:129)
	at com.python.pydev.analysis.builder.AnalysisBuilderVisitor.visitChangedResource(AnalysisBuilderVisitor.java:45)
	at org.python.pydev.builder.PyDevBuilderVisitor.visitAddedResource(PyDevBuilderVisitor.java:308)
	at org.python.pydev.builder.PydevGrouperVisitor.visitWith(PydevGrouperVisitor.java:111)
	at org.python.pydev.builder.PydevGrouperVisitor.visitAddedResource(PydevGrouperVisitor.java:161)
	at org.python.pydev.builder.PydevGrouperVisitor.finishDelayedVisits(PydevGrouperVisitor.java:183)
	at org.python.pydev.builder.PyDevBuilder.build(PyDevBuilder.java:133)
	at org.eclipse.core.internal.events.BuildManager$2.run(BuildManager.java:735)
	at org.eclipse.core.runtime.SafeRunner.run(SafeRunner.java:42)
	at org.eclipse.core.internal.events.BuildManager.basicBuild(BuildManager.java:206)
	at org.eclipse.core.internal.events.BuildManager.basicBuild(BuildManager.java:246)
	at org.eclipse.core.internal.events.BuildManager$1.run(BuildManager.java:301)
	at org.eclipse.core.runtime.SafeRunner.run(SafeRunner.java:42)
	at org.eclipse.core.internal.events.BuildManager.basicBuild(BuildManager.java:304)
	at org.eclipse.core.internal.events.BuildManager.basicBuildLoop(BuildManager.java:360)
	at org.eclipse.core.internal.events.BuildManager.build(BuildManager.java:383)
	at org.eclipse.core.internal.events.AutoBuildJob.doBuild(AutoBuildJob.java:144)
	at org.eclipse.core.internal.events.AutoBuildJob.run(AutoBuildJob.java:235)
	at org.eclipse.core.internal.jobs.Worker.run(Worker.java:55)

!ENTRY org.python.pydev.shared_core 4 4 2017-07-25 14:42:31.554
!MESSAGE Did not expect to find item below node: Assign[targets=[Name[id=name, ctx=Store, reserved=false]], value=null, type=null] (module: Logger file: D:\workspace2\CryoEMFileAnalysis\Logger.py row: 77).
!STACK 0
java.lang.RuntimeException: Did not expect to find item below node: Assign[targets=[Name[id=name, ctx=Store, reserved=false]], value=null, type=null] (module: Logger file: D:\workspace2\CryoEMFileAnalysis\Logger.py row: 77).
	at org.python.pydev.core.log.Log.log(Log.java:54)
	at org.python.pydev.parser.fastparser.FastDefinitionsParser.endScopesInStack(FastDefinitionsParser.java:604)
	at org.python.pydev.parser.fastparser.FastDefinitionsParser.handleNewLine(FastDefinitionsParser.java:394)
	at org.python.pydev.parser.fastparser.FastDefinitionsParser.extractBody(FastDefinitionsParser.java:259)
	at org.python.pydev.parser.fastparser.FastDefinitionsParser.parse(FastDefinitionsParser.java:691)
	at org.python.pydev.parser.fastparser.FastDefinitionsParser.parse(FastDefinitionsParser.java:685)
	at org.python.pydev.parser.fastparser.FastDefinitionsParser.parse(FastDefinitionsParser.java:676)
	at com.python.pydev.analysis.builder.AnalysisBuilderVisitor$1.call(AnalysisBuilderVisitor.java:115)
	at com.python.pydev.analysis.builder.AnalysisBuilderVisitor$1.call(AnalysisBuilderVisitor.java:1)
	at com.python.pydev.analysis.builder.AnalysisBuilderRunnable.<init>(AnalysisBuilderRunnable.java:164)
	at com.python.pydev.analysis.builder.AnalysisBuilderRunnableFactory.createRunnable(AnalysisBuilderRunnableFactory.java:222)
	at com.python.pydev.analysis.builder.AnalysisBuilderVisitor.doVisitChangedResource(AnalysisBuilderVisitor.java:180)
	at com.python.pydev.analysis.builder.AnalysisBuilderVisitor.visitChangedResource(AnalysisBuilderVisitor.java:129)
	at com.python.pydev.analysis.builder.AnalysisBuilderVisitor.visitChangedResource(AnalysisBuilderVisitor.java:45)
	at org.python.pydev.builder.PyDevBuilderVisitor.visitAddedResource(PyDevBuilderVisitor.java:308)
	at org.python.pydev.builder.PydevGrouperVisitor.visitWith(PydevGrouperVisitor.java:111)
	at org.python.pydev.builder.PydevGrouperVisitor.visitAddedResource(PydevGrouperVisitor.java:161)
	at org.python.pydev.builder.PydevGrouperVisitor.finishDelayedVisits(PydevGrouperVisitor.java:183)
	at org.python.pydev.builder.PyDevBuilder.build(PyDevBuilder.java:133)
	at org.eclipse.core.internal.events.BuildManager$2.run(BuildManager.java:735)
	at org.eclipse.core.runtime.SafeRunner.run(SafeRunner.java:42)
	at org.eclipse.core.internal.events.BuildManager.basicBuild(BuildManager.java:206)
	at org.eclipse.core.internal.events.BuildManager.basicBuild(BuildManager.java:246)
	at org.eclipse.core.internal.events.BuildManager$1.run(BuildManager.java:301)
	at org.eclipse.core.runtime.SafeRunner.run(SafeRunner.java:42)
	at org.eclipse.core.internal.events.BuildManager.basicBuild(BuildManager.java:304)
	at org.eclipse.core.internal.events.BuildManager.basicBuildLoop(BuildManager.java:360)
	at org.eclipse.core.internal.events.BuildManager.build(BuildManager.java:383)
	at org.eclipse.core.internal.events.AutoBuildJob.doBuild(AutoBuildJob.java:144)
	at org.eclipse.core.internal.events.AutoBuildJob.run(AutoBuildJob.java:235)
	at org.eclipse.core.internal.jobs.Worker.run(Worker.java:55)

!ENTRY org.python.pydev.shared_core 4 4 2017-07-25 14:42:31.557
!MESSAGE Did not expect to find item below node: Assign[targets=[Name[id=name, ctx=Store, reserved=false]], value=null, type=null] (module: Logger file: D:\workspace2\CryoEMFileAnalysis\Logger.py row: 79).
!STACK 0
java.lang.RuntimeException: Did not expect to find item below node: Assign[targets=[Name[id=name, ctx=Store, reserved=false]], value=null, type=null] (module: Logger file: D:\workspace2\CryoEMFileAnalysis\Logger.py row: 79).
	at org.python.pydev.core.log.Log.log(Log.java:54)
	at org.python.pydev.parser.fastparser.FastDefinitionsParser.endScopesInStack(FastDefinitionsParser.java:604)
	at org.python.pydev.parser.fastparser.FastDefinitionsParser.handleNewLine(FastDefinitionsParser.java:394)
	at org.python.pydev.parser.fastparser.FastDefinitionsParser.extractBody(FastDefinitionsParser.java:259)
	at org.python.pydev.parser.fastparser.FastDefinitionsParser.parse(FastDefinitionsParser.java:691)
	at org.python.pydev.parser.fastparser.FastDefinitionsParser.parse(FastDefinitionsParser.java:685)
	at org.python.pydev.parser.fastparser.FastDefinitionsParser.parse(FastDefinitionsParser.java:676)
	at com.python.pydev.analysis.builder.AnalysisBuilderVisitor$1.call(AnalysisBuilderVisitor.java:115)
	at com.python.pydev.analysis.builder.AnalysisBuilderVisitor$1.call(AnalysisBuilderVisitor.java:1)
	at com.python.pydev.analysis.builder.AnalysisBuilderRunnable.<init>(AnalysisBuilderRunnable.java:164)
	at com.python.pydev.analysis.builder.AnalysisBuilderRunnableFactory.createRunnable(AnalysisBuilderRunnableFactory.java:222)
	at com.python.pydev.analysis.builder.AnalysisBuilderVisitor.doVisitChangedResource(AnalysisBuilderVisitor.java:180)
	at com.python.pydev.analysis.builder.AnalysisBuilderVisitor.visitChangedResource(AnalysisBuilderVisitor.java:129)
	at com.python.pydev.analysis.builder.AnalysisBuilderVisitor.visitChangedResource(AnalysisBuilderVisitor.java:45)
	at org.python.pydev.builder.PyDevBuilderVisitor.visitAddedResource(PyDevBuilderVisitor.java:308)
	at org.python.pydev.builder.PydevGrouperVisitor.visitWith(PydevGrouperVisitor.java:111)
	at org.python.pydev.builder.PydevGrouperVisitor.visitAddedResource(PydevGrouperVisitor.java:161)
	at org.python.pydev.builder.PydevGrouperVisitor.finishDelayedVisits(PydevGrouperVisitor.java:183)
	at org.python.pydev.builder.PyDevBuilder.build(PyDevBuilder.java:133)
	at org.eclipse.core.internal.events.BuildManager$2.run(BuildManager.java:735)
	at org.eclipse.core.runtime.SafeRunner.run(SafeRunner.java:42)
	at org.eclipse.core.internal.events.BuildManager.basicBuild(BuildManager.java:206)
	at org.eclipse.core.internal.events.BuildManager.basicBuild(BuildManager.java:246)
	at org.eclipse.core.internal.events.BuildManager$1.run(BuildManager.java:301)
	at org.eclipse.core.runtime.SafeRunner.run(SafeRunner.java:42)
	at org.eclipse.core.internal.events.BuildManager.basicBuild(BuildManager.java:304)
	at org.eclipse.core.internal.events.BuildManager.basicBuildLoop(BuildManager.java:360)
	at org.eclipse.core.internal.events.BuildManager.build(BuildManager.java:383)
	at org.eclipse.core.internal.events.AutoBuildJob.doBuild(AutoBuildJob.java:144)
	at org.eclipse.core.internal.events.AutoBuildJob.run(AutoBuildJob.java:235)
	at org.eclipse.core.internal.jobs.Worker.run(Worker.java:55)

!ENTRY org.python.pydev.shared_core 4 4 2017-07-25 14:42:31.560
!MESSAGE Did not expect to find item below node: Assign[targets=[Name[id=name, ctx=Store, reserved=false], Name[id=name, ctx=Store, reserved=false], Name[id=name, ctx=Store, reserved=false], Name[id=name, ctx=Store, reserved=false], Name[id=name, ctx=Store, reserved=false], Name[id=name, ctx=Store, reserved=false], Name[id=name, ctx=Store, reserved=false], Name[id=name, ctx=Store, reserved=false], Name[id=name, ctx=Store, reserved=false]], value=null, type=null] (module: Logger file: D:\workspace2\CryoEMFileAnalysis\Logger.py row: 85).
!STACK 0
java.lang.RuntimeException: Did not expect to find item below node: Assign[targets=[Name[id=name, ctx=Store, reserved=false], Name[id=name, ctx=Store, reserved=false], Name[id=name, ctx=Store, reserved=false], Name[id=name, ctx=Store, reserved=false], Name[id=name, ctx=Store, reserved=false], Name[id=name, ctx=Store, reserved=false], Name[id=name, ctx=Store, reserved=false], Name[id=name, ctx=Store, reserved=false], Name[id=name, ctx=Store, reserved=false]], value=null, type=null] (module: Logger file: D:\workspace2\CryoEMFileAnalysis\Logger.py row: 85).
	at org.python.pydev.core.log.Log.log(Log.java:54)
	at org.python.pydev.parser.fastparser.FastDefinitionsParser.endScopesInStack(FastDefinitionsParser.java:604)
	at org.python.pydev.parser.fastparser.FastDefinitionsParser.handleNewLine(FastDefinitionsParser.java:394)
	at org.python.pydev.parser.fastparser.FastDefinitionsParser.extractBody(FastDefinitionsParser.java:259)
	at org.python.pydev.parser.fastparser.FastDefinitionsParser.parse(FastDefinitionsParser.java:691)
	at org.python.pydev.parser.fastparser.FastDefinitionsParser.parse(FastDefinitionsParser.java:685)
	at org.python.pydev.parser.fastparser.FastDefinitionsParser.parse(FastDefinitionsParser.java:676)
	at com.python.pydev.analysis.builder.AnalysisBuilderVisitor$1.call(AnalysisBuilderVisitor.java:115)
	at com.python.pydev.analysis.builder.AnalysisBuilderVisitor$1.call(AnalysisBuilderVisitor.java:1)
	at com.python.pydev.analysis.builder.AnalysisBuilderRunnable.<init>(AnalysisBuilderRunnable.java:164)
	at com.python.pydev.analysis.builder.AnalysisBuilderRunnableFactory.createRunnable(AnalysisBuilderRunnableFactory.java:222)
	at com.python.pydev.analysis.builder.AnalysisBuilderVisitor.doVisitChangedResource(AnalysisBuilderVisitor.java:180)
	at com.python.pydev.analysis.builder.AnalysisBuilderVisitor.visitChangedResource(AnalysisBuilderVisitor.java:129)
	at com.python.pydev.analysis.builder.AnalysisBuilderVisitor.visitChangedResource(AnalysisBuilderVisitor.java:45)
	at org.python.pydev.builder.PyDevBuilderVisitor.visitAddedResource(PyDevBuilderVisitor.java:308)
	at org.python.pydev.builder.PydevGrouperVisitor.visitWith(PydevGrouperVisitor.java:111)
	at org.python.pydev.builder.PydevGrouperVisitor.visitAddedResource(PydevGrouperVisitor.java:161)
	at org.python.pydev.builder.PydevGrouperVisitor.finishDelayedVisits(PydevGrouperVisitor.java:183)
	at org.python.pydev.builder.PyDevBuilder.build(PyDevBuilder.java:133)
	at org.eclipse.core.internal.events.BuildManager$2.run(BuildManager.java:735)
	at org.eclipse.core.runtime.SafeRunner.run(SafeRunner.java:42)
	at org.eclipse.core.internal.events.BuildManager.basicBuild(BuildManager.java:206)
	at org.eclipse.core.internal.events.BuildManager.basicBuild(BuildManager.java:246)
	at org.eclipse.core.internal.events.BuildManager$1.run(BuildManager.java:301)
	at org.eclipse.core.runtime.SafeRunner.run(SafeRunner.java:42)
	at org.eclipse.core.internal.events.BuildManager.basicBuild(BuildManager.java:304)
	at org.eclipse.core.internal.events.BuildManager.basicBuildLoop(BuildManager.java:360)
	at org.eclipse.core.internal.events.BuildManager.build(BuildManager.java:383)
	at org.eclipse.core.internal.events.AutoBuildJob.doBuild(AutoBuildJob.java:144)
	at org.eclipse.core.internal.events.AutoBuildJob.run(AutoBuildJob.java:235)
	at org.eclipse.core.internal.jobs.Worker.run(Worker.java:55)

!ENTRY org.python.pydev.shared_core 4 4 2017-07-25 14:42:31.562
!MESSAGE Did not expect to find item below node: Assign[targets=[Name[id=name, ctx=Store, reserved=false]], value=null, type=null] (module: Logger file: D:\workspace2\CryoEMFileAnalysis\Logger.py row: 85).
!STACK 0
java.lang.RuntimeException: Did not expect to find item below node: Assign[targets=[Name[id=name, ctx=Store, reserved=false]], value=null, type=null] (module: Logger file: D:\workspace2\CryoEMFileAnalysis\Logger.py row: 85).
	at org.python.pydev.core.log.Log.log(Log.java:54)
	at org.python.pydev.parser.fastparser.FastDefinitionsParser.endScopesInStack(FastDefinitionsParser.java:604)
	at org.python.pydev.parser.fastparser.FastDefinitionsParser.handleNewLine(FastDefinitionsParser.java:394)
	at org.python.pydev.parser.fastparser.FastDefinitionsParser.extractBody(FastDefinitionsParser.java:259)
	at org.python.pydev.parser.fastparser.FastDefinitionsParser.parse(FastDefinitionsParser.java:691)
	at org.python.pydev.parser.fastparser.FastDefinitionsParser.parse(FastDefinitionsParser.java:685)
	at org.python.pydev.parser.fastparser.FastDefinitionsParser.parse(FastDefinitionsParser.java:676)
	at com.python.pydev.analysis.builder.AnalysisBuilderVisitor$1.call(AnalysisBuilderVisitor.java:115)
	at com.python.pydev.analysis.builder.AnalysisBuilderVisitor$1.call(AnalysisBuilderVisitor.java:1)
	at com.python.pydev.analysis.builder.AnalysisBuilderRunnable.<init>(AnalysisBuilderRunnable.java:164)
	at com.python.pydev.analysis.builder.AnalysisBuilderRunnableFactory.createRunnable(AnalysisBuilderRunnableFactory.java:222)
	at com.python.pydev.analysis.builder.AnalysisBuilderVisitor.doVisitChangedResource(AnalysisBuilderVisitor.java:180)
	at com.python.pydev.analysis.builder.AnalysisBuilderVisitor.visitChangedResource(AnalysisBuilderVisitor.java:129)
	at com.python.pydev.analysis.builder.AnalysisBuilderVisitor.visitChangedResource(AnalysisBuilderVisitor.java:45)
	at org.python.pydev.builder.PyDevBuilderVisitor.visitAddedResource(PyDevBuilderVisitor.java:308)
	at org.python.pydev.builder.PydevGrouperVisitor.visitWith(PydevGrouperVisitor.java:111)
	at org.python.pydev.builder.PydevGrouperVisitor.visitAddedResource(PydevGrouperVisitor.java:161)
	at org.python.pydev.builder.PydevGrouperVisitor.finishDelayedVisits(PydevGrouperVisitor.java:183)
	at org.python.pydev.builder.PyDevBuilder.build(PyDevBuilder.java:133)
	at org.eclipse.core.internal.events.BuildManager$2.run(BuildManager.java:735)
	at org.eclipse.core.runtime.SafeRunner.run(SafeRunner.java:42)
	at org.eclipse.core.internal.events.BuildManager.basicBuild(BuildManager.java:206)
	at org.eclipse.core.internal.events.BuildManager.basicBuild(BuildManager.java:246)
	at org.eclipse.core.internal.events.BuildManager$1.run(BuildManager.java:301)
	at org.eclipse.core.runtime.SafeRunner.run(SafeRunner.java:42)
	at org.eclipse.core.internal.events.BuildManager.basicBuild(BuildManager.java:304)
	at org.eclipse.core.internal.events.BuildManager.basicBuildLoop(BuildManager.java:360)
	at org.eclipse.core.internal.events.BuildManager.build(BuildManager.java:383)
	at org.eclipse.core.internal.events.AutoBuildJob.doBuild(AutoBuildJob.java:144)
	at org.eclipse.core.internal.events.AutoBuildJob.run(AutoBuildJob.java:235)
	at org.eclipse.core.internal.jobs.Worker.run(Worker.java:55)

!ENTRY org.python.pydev.shared_core 4 4 2017-07-25 14:42:31.565
!MESSAGE Did not expect to find item below node: Assign[targets=[Name[id=name, ctx=Store, reserved=false]], value=null, type=null] (module: Logger file: D:\workspace2\CryoEMFileAnalysis\Logger.py row: 87).
!STACK 0
java.lang.RuntimeException: Did not expect to find item below node: Assign[targets=[Name[id=name, ctx=Store, reserved=false]], value=null, type=null] (module: Logger file: D:\workspace2\CryoEMFileAnalysis\Logger.py row: 87).
	at org.python.pydev.core.log.Log.log(Log.java:54)
	at org.python.pydev.parser.fastparser.FastDefinitionsParser.endScopesInStack(FastDefinitionsParser.java:604)
	at org.python.pydev.parser.fastparser.FastDefinitionsParser.handleNewLine(FastDefinitionsParser.java:394)
	at org.python.pydev.parser.fastparser.FastDefinitionsParser.extractBody(FastDefinitionsParser.java:259)
	at org.python.pydev.parser.fastparser.FastDefinitionsParser.parse(FastDefinitionsParser.java:691)
	at org.python.pydev.parser.fastparser.FastDefinitionsParser.parse(FastDefinitionsParser.java:685)
	at org.python.pydev.parser.fastparser.FastDefinitionsParser.parse(FastDefinitionsParser.java:676)
	at com.python.pydev.analysis.builder.AnalysisBuilderVisitor$1.call(AnalysisBuilderVisitor.java:115)
	at com.python.pydev.analysis.builder.AnalysisBuilderVisitor$1.call(AnalysisBuilderVisitor.java:1)
	at com.python.pydev.analysis.builder.AnalysisBuilderRunnable.<init>(AnalysisBuilderRunnable.java:164)
	at com.python.pydev.analysis.builder.AnalysisBuilderRunnableFactory.createRunnable(AnalysisBuilderRunnableFactory.java:222)
	at com.python.pydev.analysis.builder.AnalysisBuilderVisitor.doVisitChangedResource(AnalysisBuilderVisitor.java:180)
	at com.python.pydev.analysis.builder.AnalysisBuilderVisitor.visitChangedResource(AnalysisBuilderVisitor.java:129)
	at com.python.pydev.analysis.builder.AnalysisBuilderVisitor.visitChangedResource(AnalysisBuilderVisitor.java:45)
	at org.python.pydev.builder.PyDevBuilderVisitor.visitAddedResource(PyDevBuilderVisitor.java:308)
	at org.python.pydev.builder.PydevGrouperVisitor.visitWith(PydevGrouperVisitor.java:111)
	at org.python.pydev.builder.PydevGrouperVisitor.visitAddedResource(PydevGrouperVisitor.java:161)
	at org.python.pydev.builder.PydevGrouperVisitor.finishDelayedVisits(PydevGrouperVisitor.java:183)
	at org.python.pydev.builder.PyDevBuilder.build(PyDevBuilder.java:133)
	at org.eclipse.core.internal.events.BuildManager$2.run(BuildManager.java:735)
	at org.eclipse.core.runtime.SafeRunner.run(SafeRunner.java:42)
	at org.eclipse.core.internal.events.BuildManager.basicBuild(BuildManager.java:206)
	at org.eclipse.core.internal.events.BuildManager.basicBuild(BuildManager.java:246)
	at org.eclipse.core.internal.events.BuildManager$1.run(BuildManager.java:301)
	at org.eclipse.core.runtime.SafeRunner.run(SafeRunner.java:42)
	at org.eclipse.core.internal.events.BuildManager.basicBuild(BuildManager.java:304)
	at org.eclipse.core.internal.events.BuildManager.basicBuildLoop(BuildManager.java:360)
	at org.eclipse.core.internal.events.BuildManager.build(BuildManager.java:383)
	at org.eclipse.core.internal.events.AutoBuildJob.doBuild(AutoBuildJob.java:144)
	at org.eclipse.core.internal.events.AutoBuildJob.run(AutoBuildJob.java:235)
	at org.eclipse.core.internal.jobs.Worker.run(Worker.java:55)

!ENTRY org.python.pydev.shared_core 4 4 2017-07-25 14:42:31.567
!MESSAGE Did not expect to find item below node: Assign[targets=[Name[id=name, ctx=Store, reserved=false]], value=null, type=null] (module: Logger file: D:\workspace2\CryoEMFileAnalysis\Logger.py row: 89).
!STACK 0
java.lang.RuntimeException: Did not expect to find item below node: Assign[targets=[Name[id=name, ctx=Store, reserved=false]], value=null, type=null] (module: Logger file: D:\workspace2\CryoEMFileAnalysis\Logger.py row: 89).
	at org.python.pydev.core.log.Log.log(Log.java:54)
	at org.python.pydev.parser.fastparser.FastDefinitionsParser.endScopesInStack(FastDefinitionsParser.java:604)
	at org.python.pydev.parser.fastparser.FastDefinitionsParser.handleNewLine(FastDefinitionsParser.java:394)
	at org.python.pydev.parser.fastparser.FastDefinitionsParser.extractBody(FastDefinitionsParser.java:259)
	at org.python.pydev.parser.fastparser.FastDefinitionsParser.parse(FastDefinitionsParser.java:691)
	at org.python.pydev.parser.fastparser.FastDefinitionsParser.parse(FastDefinitionsParser.java:685)
	at org.python.pydev.parser.fastparser.FastDefinitionsParser.parse(FastDefinitionsParser.java:676)
	at com.python.pydev.analysis.builder.AnalysisBuilderVisitor$1.call(AnalysisBuilderVisitor.java:115)
	at com.python.pydev.analysis.builder.AnalysisBuilderVisitor$1.call(AnalysisBuilderVisitor.java:1)
	at com.python.pydev.analysis.builder.AnalysisBuilderRunnable.<init>(AnalysisBuilderRunnable.java:164)
	at com.python.pydev.analysis.builder.AnalysisBuilderRunnableFactory.createRunnable(AnalysisBuilderRunnableFactory.java:222)
	at com.python.pydev.analysis.builder.AnalysisBuilderVisitor.doVisitChangedResource(AnalysisBuilderVisitor.java:180)
	at com.python.pydev.analysis.builder.AnalysisBuilderVisitor.visitChangedResource(AnalysisBuilderVisitor.java:129)
	at com.python.pydev.analysis.builder.AnalysisBuilderVisitor.visitChangedResource(AnalysisBuilderVisitor.java:45)
	at org.python.pydev.builder.PyDevBuilderVisitor.visitAddedResource(PyDevBuilderVisitor.java:308)
	at org.python.pydev.builder.PydevGrouperVisitor.visitWith(PydevGrouperVisitor.java:111)
	at org.python.pydev.builder.PydevGrouperVisitor.visitAddedResource(PydevGrouperVisitor.java:161)
	at org.python.pydev.builder.PydevGrouperVisitor.finishDelayedVisits(PydevGrouperVisitor.java:183)
	at org.python.pydev.builder.PyDevBuilder.build(PyDevBuilder.java:133)
	at org.eclipse.core.internal.events.BuildManager$2.run(BuildManager.java:735)
	at org.eclipse.core.runtime.SafeRunner.run(SafeRunner.java:42)
	at org.eclipse.core.internal.events.BuildManager.basicBuild(BuildManager.java:206)
	at org.eclipse.core.internal.events.BuildManager.basicBuild(BuildManager.java:246)
	at org.eclipse.core.internal.events.BuildManager$1.run(BuildManager.java:301)
	at org.eclipse.core.runtime.SafeRunner.run(SafeRunner.java:42)
	at org.eclipse.core.internal.events.BuildManager.basicBuild(BuildManager.java:304)
	at org.eclipse.core.internal.events.BuildManager.basicBuildLoop(BuildManager.java:360)
	at org.eclipse.core.internal.events.BuildManager.build(BuildManager.java:383)
	at org.eclipse.core.internal.events.AutoBuildJob.doBuild(AutoBuildJob.java:144)
	at org.eclipse.core.internal.events.AutoBuildJob.run(AutoBuildJob.java:235)
	at org.eclipse.core.internal.jobs.Worker.run(Worker.java:55)

!ENTRY org.python.pydev.shared_core 4 4 2017-07-25 14:42:31.569
!MESSAGE Did not expect to find item below node: Assign[targets=[Name[id=name, ctx=Store, reserved=false]], value=null, type=null] (module: Logger file: D:\workspace2\CryoEMFileAnalysis\Logger.py row: 90).
!STACK 0
java.lang.RuntimeException: Did not expect to find item below node: Assign[targets=[Name[id=name, ctx=Store, reserved=false]], value=null, type=null] (module: Logger file: D:\workspace2\CryoEMFileAnalysis\Logger.py row: 90).
	at org.python.pydev.core.log.Log.log(Log.java:54)
	at org.python.pydev.parser.fastparser.FastDefinitionsParser.endScopesInStack(FastDefinitionsParser.java:604)
	at org.python.pydev.parser.fastparser.FastDefinitionsParser.handleNewLine(FastDefinitionsParser.java:394)
	at org.python.pydev.parser.fastparser.FastDefinitionsParser.extractBody(FastDefinitionsParser.java:259)
	at org.python.pydev.parser.fastparser.FastDefinitionsParser.parse(FastDefinitionsParser.java:691)
	at org.python.pydev.parser.fastparser.FastDefinitionsParser.parse(FastDefinitionsParser.java:685)
	at org.python.pydev.parser.fastparser.FastDefinitionsParser.parse(FastDefinitionsParser.java:676)
	at com.python.pydev.analysis.builder.AnalysisBuilderVisitor$1.call(AnalysisBuilderVisitor.java:115)
	at com.python.pydev.analysis.builder.AnalysisBuilderVisitor$1.call(AnalysisBuilderVisitor.java:1)
	at com.python.pydev.analysis.builder.AnalysisBuilderRunnable.<init>(AnalysisBuilderRunnable.java:164)
	at com.python.pydev.analysis.builder.AnalysisBuilderRunnableFactory.createRunnable(AnalysisBuilderRunnableFactory.java:222)
	at com.python.pydev.analysis.builder.AnalysisBuilderVisitor.doVisitChangedResource(AnalysisBuilderVisitor.java:180)
	at com.python.pydev.analysis.builder.AnalysisBuilderVisitor.visitChangedResource(AnalysisBuilderVisitor.java:129)
	at com.python.pydev.analysis.builder.AnalysisBuilderVisitor.visitChangedResource(AnalysisBuilderVisitor.java:45)
	at org.python.pydev.builder.PyDevBuilderVisitor.visitAddedResource(PyDevBuilderVisitor.java:308)
	at org.python.pydev.builder.PydevGrouperVisitor.visitWith(PydevGrouperVisitor.java:111)
	at org.python.pydev.builder.PydevGrouperVisitor.visitAddedResource(PydevGrouperVisitor.java:161)
	at org.python.pydev.builder.PydevGrouperVisitor.finishDelayedVisits(PydevGrouperVisitor.java:183)
	at org.python.pydev.builder.PyDevBuilder.build(PyDevBuilder.java:133)
	at org.eclipse.core.internal.events.BuildManager$2.run(BuildManager.java:735)
	at org.eclipse.core.runtime.SafeRunner.run(SafeRunner.java:42)
	at org.eclipse.core.internal.events.BuildManager.basicBuild(BuildManager.java:206)
	at org.eclipse.core.internal.events.BuildManager.basicBuild(BuildManager.java:246)
	at org.eclipse.core.internal.events.BuildManager$1.run(BuildManager.java:301)
	at org.eclipse.core.runtime.SafeRunner.run(SafeRunner.java:42)
	at org.eclipse.core.internal.events.BuildManager.basicBuild(BuildManager.java:304)
	at org.eclipse.core.internal.events.BuildManager.basicBuildLoop(BuildManager.java:360)
	at org.eclipse.core.internal.events.BuildManager.build(BuildManager.java:383)
	at org.eclipse.core.internal.events.AutoBuildJob.doBuild(AutoBuildJob.java:144)
	at org.eclipse.core.internal.events.AutoBuildJob.run(AutoBuildJob.java:235)
	at org.eclipse.core.internal.jobs.Worker.run(Worker.java:55)

!ENTRY org.python.pydev.shared_core 4 4 2017-07-25 14:42:31.572
!MESSAGE Did not expect to find item below node: Assign[targets=[Name[id=name, ctx=Store, reserved=false]], value=null, type=null] (module: Logger file: D:\workspace2\CryoEMFileAnalysis\Logger.py row: 92).
!STACK 0
java.lang.RuntimeException: Did not expect to find item below node: Assign[targets=[Name[id=name, ctx=Store, reserved=false]], value=null, type=null] (module: Logger file: D:\workspace2\CryoEMFileAnalysis\Logger.py row: 92).
	at org.python.pydev.core.log.Log.log(Log.java:54)
	at org.python.pydev.parser.fastparser.FastDefinitionsParser.endScopesInStack(FastDefinitionsParser.java:604)
	at org.python.pydev.parser.fastparser.FastDefinitionsParser.handleNewLine(FastDefinitionsParser.java:394)
	at org.python.pydev.parser.fastparser.FastDefinitionsParser.extractBody(FastDefinitionsParser.java:259)
	at org.python.pydev.parser.fastparser.FastDefinitionsParser.parse(FastDefinitionsParser.java:691)
	at org.python.pydev.parser.fastparser.FastDefinitionsParser.parse(FastDefinitionsParser.java:685)
	at org.python.pydev.parser.fastparser.FastDefinitionsParser.parse(FastDefinitionsParser.java:676)
	at com.python.pydev.analysis.builder.AnalysisBuilderVisitor$1.call(AnalysisBuilderVisitor.java:115)
	at com.python.pydev.analysis.builder.AnalysisBuilderVisitor$1.call(AnalysisBuilderVisitor.java:1)
	at com.python.pydev.analysis.builder.AnalysisBuilderRunnable.<init>(AnalysisBuilderRunnable.java:164)
	at com.python.pydev.analysis.builder.AnalysisBuilderRunnableFactory.createRunnable(AnalysisBuilderRunnableFactory.java:222)
	at com.python.pydev.analysis.builder.AnalysisBuilderVisitor.doVisitChangedResource(AnalysisBuilderVisitor.java:180)
	at com.python.pydev.analysis.builder.AnalysisBuilderVisitor.visitChangedResource(AnalysisBuilderVisitor.java:129)
	at com.python.pydev.analysis.builder.AnalysisBuilderVisitor.visitChangedResource(AnalysisBuilderVisitor.java:45)
	at org.python.pydev.builder.PyDevBuilderVisitor.visitAddedResource(PyDevBuilderVisitor.java:308)
	at org.python.pydev.builder.PydevGrouperVisitor.visitWith(PydevGrouperVisitor.java:111)
	at org.python.pydev.builder.PydevGrouperVisitor.visitAddedResource(PydevGrouperVisitor.java:161)
	at org.python.pydev.builder.PydevGrouperVisitor.finishDelayedVisits(PydevGrouperVisitor.java:183)
	at org.python.pydev.builder.PyDevBuilder.build(PyDevBuilder.java:133)
	at org.eclipse.core.internal.events.BuildManager$2.run(BuildManager.java:735)
	at org.eclipse.core.runtime.SafeRunner.run(SafeRunner.java:42)
	at org.eclipse.core.internal.events.BuildManager.basicBuild(BuildManager.java:206)
	at org.eclipse.core.internal.events.BuildManager.basicBuild(BuildManager.java:246)
	at org.eclipse.core.internal.events.BuildManager$1.run(BuildManager.java:301)
	at org.eclipse.core.runtime.SafeRunner.run(SafeRunner.java:42)
	at org.eclipse.core.internal.events.BuildManager.basicBuild(BuildManager.java:304)
	at org.eclipse.core.internal.events.BuildManager.basicBuildLoop(BuildManager.java:360)
	at org.eclipse.core.internal.events.BuildManager.build(BuildManager.java:383)
	at org.eclipse.core.internal.events.AutoBuildJob.doBuild(AutoBuildJob.java:144)
	at org.eclipse.core.internal.events.AutoBuildJob.run(AutoBuildJob.java:235)
	at org.eclipse.core.internal.jobs.Worker.run(Worker.java:55)

!ENTRY org.python.pydev.shared_core 4 4 2017-07-25 14:42:31.574
!MESSAGE Did not expect to find item below node: Assign[targets=[Name[id=content, ctx=Store, reserved=false]], value=null, type=null] (module: Logger file: D:\workspace2\CryoEMFileAnalysis\Logger.py row: 97).
!STACK 0
java.lang.RuntimeException: Did not expect to find item below node: Assign[targets=[Name[id=content, ctx=Store, reserved=false]], value=null, type=null] (module: Logger file: D:\workspace2\CryoEMFileAnalysis\Logger.py row: 97).
	at org.python.pydev.core.log.Log.log(Log.java:54)
	at org.python.pydev.parser.fastparser.FastDefinitionsParser.endScopesInStack(FastDefinitionsParser.java:604)
	at org.python.pydev.parser.fastparser.FastDefinitionsParser.handleNewLine(FastDefinitionsParser.java:394)
	at org.python.pydev.parser.fastparser.FastDefinitionsParser.extractBody(FastDefinitionsParser.java:259)
	at org.python.pydev.parser.fastparser.FastDefinitionsParser.parse(FastDefinitionsParser.java:691)
	at org.python.pydev.parser.fastparser.FastDefinitionsParser.parse(FastDefinitionsParser.java:685)
	at org.python.pydev.parser.fastparser.FastDefinitionsParser.parse(FastDefinitionsParser.java:676)
	at com.python.pydev.analysis.builder.AnalysisBuilderVisitor$1.call(AnalysisBuilderVisitor.java:115)
	at com.python.pydev.analysis.builder.AnalysisBuilderVisitor$1.call(AnalysisBuilderVisitor.java:1)
	at com.python.pydev.analysis.builder.AnalysisBuilderRunnable.<init>(AnalysisBuilderRunnable.java:164)
	at com.python.pydev.analysis.builder.AnalysisBuilderRunnableFactory.createRunnable(AnalysisBuilderRunnableFactory.java:222)
	at com.python.pydev.analysis.builder.AnalysisBuilderVisitor.doVisitChangedResource(AnalysisBuilderVisitor.java:180)
	at com.python.pydev.analysis.builder.AnalysisBuilderVisitor.visitChangedResource(AnalysisBuilderVisitor.java:129)
	at com.python.pydev.analysis.builder.AnalysisBuilderVisitor.visitChangedResource(AnalysisBuilderVisitor.java:45)
	at org.python.pydev.builder.PyDevBuilderVisitor.visitAddedResource(PyDevBuilderVisitor.java:308)
	at org.python.pydev.builder.PydevGrouperVisitor.visitWith(PydevGrouperVisitor.java:111)
	at org.python.pydev.builder.PydevGrouperVisitor.visitAddedResource(PydevGrouperVisitor.java:161)
	at org.python.pydev.builder.PydevGrouperVisitor.finishDelayedVisits(PydevGrouperVisitor.java:183)
	at org.python.pydev.builder.PyDevBuilder.build(PyDevBuilder.java:133)
	at org.eclipse.core.internal.events.BuildManager$2.run(BuildManager.java:735)
	at org.eclipse.core.runtime.SafeRunner.run(SafeRunner.java:42)
	at org.eclipse.core.internal.events.BuildManager.basicBuild(BuildManager.java:206)
	at org.eclipse.core.internal.events.BuildManager.basicBuild(BuildManager.java:246)
	at org.eclipse.core.internal.events.BuildManager$1.run(BuildManager.java:301)
	at org.eclipse.core.runtime.SafeRunner.run(SafeRunner.java:42)
	at org.eclipse.core.internal.events.BuildManager.basicBuild(BuildManager.java:304)
	at org.eclipse.core.internal.events.BuildManager.basicBuildLoop(BuildManager.java:360)
	at org.eclipse.core.internal.events.BuildManager.build(BuildManager.java:383)
	at org.eclipse.core.internal.events.AutoBuildJob.doBuild(AutoBuildJob.java:144)
	at org.eclipse.core.internal.events.AutoBuildJob.run(AutoBuildJob.java:235)
	at org.eclipse.core.internal.jobs.Worker.run(Worker.java:55)

!ENTRY org.python.pydev.shared_core 4 4 2017-07-25 14:42:31.575
!MESSAGE Did not expect to find item below node: Assign[targets=[Name[id=content, ctx=Store, reserved=false]], value=null, type=null] (module: Logger file: D:\workspace2\CryoEMFileAnalysis\Logger.py row: 106).
!STACK 0
java.lang.RuntimeException: Did not expect to find item below node: Assign[targets=[Name[id=content, ctx=Store, reserved=false]], value=null, type=null] (module: Logger file: D:\workspace2\CryoEMFileAnalysis\Logger.py row: 106).
	at org.python.pydev.core.log.Log.log(Log.java:54)
	at org.python.pydev.parser.fastparser.FastDefinitionsParser.endScopesInStack(FastDefinitionsParser.java:604)
	at org.python.pydev.parser.fastparser.FastDefinitionsParser.handleNewLine(FastDefinitionsParser.java:394)
	at org.python.pydev.parser.fastparser.FastDefinitionsParser.extractBody(FastDefinitionsParser.java:259)
	at org.python.pydev.parser.fastparser.FastDefinitionsParser.parse(FastDefinitionsParser.java:691)
	at org.python.pydev.parser.fastparser.FastDefinitionsParser.parse(FastDefinitionsParser.java:685)
	at org.python.pydev.parser.fastparser.FastDefinitionsParser.parse(FastDefinitionsParser.java:676)
	at com.python.pydev.analysis.builder.AnalysisBuilderVisitor$1.call(AnalysisBuilderVisitor.java:115)
	at com.python.pydev.analysis.builder.AnalysisBuilderVisitor$1.call(AnalysisBuilderVisitor.java:1)
	at com.python.pydev.analysis.builder.AnalysisBuilderRunnable.<init>(AnalysisBuilderRunnable.java:164)
	at com.python.pydev.analysis.builder.AnalysisBuilderRunnableFactory.createRunnable(AnalysisBuilderRunnableFactory.java:222)
	at com.python.pydev.analysis.builder.AnalysisBuilderVisitor.doVisitChangedResource(AnalysisBuilderVisitor.java:180)
	at com.python.pydev.analysis.builder.AnalysisBuilderVisitor.visitChangedResource(AnalysisBuilderVisitor.java:129)
	at com.python.pydev.analysis.builder.AnalysisBuilderVisitor.visitChangedResource(AnalysisBuilderVisitor.java:45)
	at org.python.pydev.builder.PyDevBuilderVisitor.visitAddedResource(PyDevBuilderVisitor.java:308)
	at org.python.pydev.builder.PydevGrouperVisitor.visitWith(PydevGrouperVisitor.java:111)
	at org.python.pydev.builder.PydevGrouperVisitor.visitAddedResource(PydevGrouperVisitor.java:161)
	at org.python.pydev.builder.PydevGrouperVisitor.finishDelayedVisits(PydevGrouperVisitor.java:183)
	at org.python.pydev.builder.PyDevBuilder.build(PyDevBuilder.java:133)
	at org.eclipse.core.internal.events.BuildManager$2.run(BuildManager.java:735)
	at org.eclipse.core.runtime.SafeRunner.run(SafeRunner.java:42)
	at org.eclipse.core.internal.events.BuildManager.basicBuild(BuildManager.java:206)
	at org.eclipse.core.internal.events.BuildManager.basicBuild(BuildManager.java:246)
	at org.eclipse.core.internal.events.BuildManager$1.run(BuildManager.java:301)
	at org.eclipse.core.runtime.SafeRunner.run(SafeRunner.java:42)
	at org.eclipse.core.internal.events.BuildManager.basicBuild(BuildManager.java:304)
	at org.eclipse.core.internal.events.BuildManager.basicBuildLoop(BuildManager.java:360)
	at org.eclipse.core.internal.events.BuildManager.build(BuildManager.java:383)
	at org.eclipse.core.internal.events.AutoBuildJob.doBuild(AutoBuildJob.java:144)
	at org.eclipse.core.internal.events.AutoBuildJob.run(AutoBuildJob.java:235)
	at org.eclipse.core.internal.jobs.Worker.run(Worker.java:55)

!ENTRY org.python.pydev.shared_core 4 4 2017-07-25 14:42:31.577
!MESSAGE Did not expect to find item below node: Assign[targets=[Name[id=content, ctx=Store, reserved=false]], value=null, type=null] (module: Logger file: D:\workspace2\CryoEMFileAnalysis\Logger.py row: 115).
!STACK 0
java.lang.RuntimeException: Did not expect to find item below node: Assign[targets=[Name[id=content, ctx=Store, reserved=false]], value=null, type=null] (module: Logger file: D:\workspace2\CryoEMFileAnalysis\Logger.py row: 115).
	at org.python.pydev.core.log.Log.log(Log.java:54)
	at org.python.pydev.parser.fastparser.FastDefinitionsParser.endScopesInStack(FastDefinitionsParser.java:604)
	at org.python.pydev.parser.fastparser.FastDefinitionsParser.handleNewLine(FastDefinitionsParser.java:394)
	at org.python.pydev.parser.fastparser.FastDefinitionsParser.extractBody(FastDefinitionsParser.java:259)
	at org.python.pydev.parser.fastparser.FastDefinitionsParser.parse(FastDefinitionsParser.java:691)
	at org.python.pydev.parser.fastparser.FastDefinitionsParser.parse(FastDefinitionsParser.java:685)
	at org.python.pydev.parser.fastparser.FastDefinitionsParser.parse(FastDefinitionsParser.java:676)
	at com.python.pydev.analysis.builder.AnalysisBuilderVisitor$1.call(AnalysisBuilderVisitor.java:115)
	at com.python.pydev.analysis.builder.AnalysisBuilderVisitor$1.call(AnalysisBuilderVisitor.java:1)
	at com.python.pydev.analysis.builder.AnalysisBuilderRunnable.<init>(AnalysisBuilderRunnable.java:164)
	at com.python.pydev.analysis.builder.AnalysisBuilderRunnableFactory.createRunnable(AnalysisBuilderRunnableFactory.java:222)
	at com.python.pydev.analysis.builder.AnalysisBuilderVisitor.doVisitChangedResource(AnalysisBuilderVisitor.java:180)
	at com.python.pydev.analysis.builder.AnalysisBuilderVisitor.visitChangedResource(AnalysisBuilderVisitor.java:129)
	at com.python.pydev.analysis.builder.AnalysisBuilderVisitor.visitChangedResource(AnalysisBuilderVisitor.java:45)
	at org.python.pydev.builder.PyDevBuilderVisitor.visitAddedResource(PyDevBuilderVisitor.java:308)
	at org.python.pydev.builder.PydevGrouperVisitor.visitWith(PydevGrouperVisitor.java:111)
	at org.python.pydev.builder.PydevGrouperVisitor.visitAddedResource(PydevGrouperVisitor.java:161)
	at org.python.pydev.builder.PydevGrouperVisitor.finishDelayedVisits(PydevGrouperVisitor.java:183)
	at org.python.pydev.builder.PyDevBuilder.build(PyDevBuilder.java:133)
	at org.eclipse.core.internal.events.BuildManager$2.run(BuildManager.java:735)
	at org.eclipse.core.runtime.SafeRunner.run(SafeRunner.java:42)
	at org.eclipse.core.internal.events.BuildManager.basicBuild(BuildManager.java:206)
	at org.eclipse.core.internal.events.BuildManager.basicBuild(BuildManager.java:246)
	at org.eclipse.core.internal.events.BuildManager$1.run(BuildManager.java:301)
	at org.eclipse.core.runtime.SafeRunner.run(SafeRunner.java:42)
	at org.eclipse.core.internal.events.BuildManager.basicBuild(BuildManager.java:304)
	at org.eclipse.core.internal.events.BuildManager.basicBuildLoop(BuildManager.java:360)
	at org.eclipse.core.internal.events.BuildManager.build(BuildManager.java:383)
	at org.eclipse.core.internal.events.AutoBuildJob.doBuild(AutoBuildJob.java:144)
	at org.eclipse.core.internal.events.AutoBuildJob.run(AutoBuildJob.java:235)
	at org.eclipse.core.internal.jobs.Worker.run(Worker.java:55)

!ENTRY org.python.pydev.shared_core 4 4 2017-07-25 14:42:31.578
!MESSAGE Did not expect to find item below node: Assign[targets=[Name[id=role, ctx=Store, reserved=false]], value=null, type=null] (module: Logger file: D:\workspace2\CryoEMFileAnalysis\Logger.py row: 120).
!STACK 0
java.lang.RuntimeException: Did not expect to find item below node: Assign[targets=[Name[id=role, ctx=Store, reserved=false]], value=null, type=null] (module: Logger file: D:\workspace2\CryoEMFileAnalysis\Logger.py row: 120).
	at org.python.pydev.core.log.Log.log(Log.java:54)
	at org.python.pydev.parser.fastparser.FastDefinitionsParser.endScopesInStack(FastDefinitionsParser.java:604)
	at org.python.pydev.parser.fastparser.FastDefinitionsParser.handleNewLine(FastDefinitionsParser.java:394)
	at org.python.pydev.parser.fastparser.FastDefinitionsParser.extractBody(FastDefinitionsParser.java:259)
	at org.python.pydev.parser.fastparser.FastDefinitionsParser.parse(FastDefinitionsParser.java:691)
	at org.python.pydev.parser.fastparser.FastDefinitionsParser.parse(FastDefinitionsParser.java:685)
	at org.python.pydev.parser.fastparser.FastDefinitionsParser.parse(FastDefinitionsParser.java:676)
	at com.python.pydev.analysis.builder.AnalysisBuilderVisitor$1.call(AnalysisBuilderVisitor.java:115)
	at com.python.pydev.analysis.builder.AnalysisBuilderVisitor$1.call(AnalysisBuilderVisitor.java:1)
	at com.python.pydev.analysis.builder.AnalysisBuilderRunnable.<init>(AnalysisBuilderRunnable.java:164)
	at com.python.pydev.analysis.builder.AnalysisBuilderRunnableFactory.createRunnable(AnalysisBuilderRunnableFactory.java:222)
	at com.python.pydev.analysis.builder.AnalysisBuilderVisitor.doVisitChangedResource(AnalysisBuilderVisitor.java:180)
	at com.python.pydev.analysis.builder.AnalysisBuilderVisitor.visitChangedResource(AnalysisBuilderVisitor.java:129)
	at com.python.pydev.analysis.builder.AnalysisBuilderVisitor.visitChangedResource(AnalysisBuilderVisitor.java:45)
	at org.python.pydev.builder.PyDevBuilderVisitor.visitAddedResource(PyDevBuilderVisitor.java:308)
	at org.python.pydev.builder.PydevGrouperVisitor.visitWith(PydevGrouperVisitor.java:111)
	at org.python.pydev.builder.PydevGrouperVisitor.visitAddedResource(PydevGrouperVisitor.java:161)
	at org.python.pydev.builder.PydevGrouperVisitor.finishDelayedVisits(PydevGrouperVisitor.java:183)
	at org.python.pydev.builder.PyDevBuilder.build(PyDevBuilder.java:133)
	at org.eclipse.core.internal.events.BuildManager$2.run(BuildManager.java:735)
	at org.eclipse.core.runtime.SafeRunner.run(SafeRunner.java:42)
	at org.eclipse.core.internal.events.BuildManager.basicBuild(BuildManager.java:206)
	at org.eclipse.core.internal.events.BuildManager.basicBuild(BuildManager.java:246)
	at org.eclipse.core.internal.events.BuildManager$1.run(BuildManager.java:301)
	at org.eclipse.core.runtime.SafeRunner.run(SafeRunner.java:42)
	at org.eclipse.core.internal.events.BuildManager.basicBuild(BuildManager.java:304)
	at org.eclipse.core.internal.events.BuildManager.basicBuildLoop(BuildManager.java:360)
	at org.eclipse.core.internal.events.BuildManager.build(BuildManager.java:383)
	at org.eclipse.core.internal.events.AutoBuildJob.doBuild(AutoBuildJob.java:144)
	at org.eclipse.core.internal.events.AutoBuildJob.run(AutoBuildJob.java:235)
	at org.eclipse.core.internal.jobs.Worker.run(Worker.java:55)

!ENTRY org.python.pydev.shared_core 4 4 2017-07-25 14:42:31.580
!MESSAGE Did not expect to find item below node: Assign[targets=[Name[id=role, ctx=Store, reserved=false]], value=null, type=null] (module: Logger file: D:\workspace2\CryoEMFileAnalysis\Logger.py row: 121).
!STACK 0
java.lang.RuntimeException: Did not expect to find item below node: Assign[targets=[Name[id=role, ctx=Store, reserved=false]], value=null, type=null] (module: Logger file: D:\workspace2\CryoEMFileAnalysis\Logger.py row: 121).
	at org.python.pydev.core.log.Log.log(Log.java:54)
	at org.python.pydev.parser.fastparser.FastDefinitionsParser.endScopesInStack(FastDefinitionsParser.java:604)
	at org.python.pydev.parser.fastparser.FastDefinitionsParser.handleNewLine(FastDefinitionsParser.java:394)
	at org.python.pydev.parser.fastparser.FastDefinitionsParser.extractBody(FastDefinitionsParser.java:259)
	at org.python.pydev.parser.fastparser.FastDefinitionsParser.parse(FastDefinitionsParser.java:691)
	at org.python.pydev.parser.fastparser.FastDefinitionsParser.parse(FastDefinitionsParser.java:685)
	at org.python.pydev.parser.fastparser.FastDefinitionsParser.parse(FastDefinitionsParser.java:676)
	at com.python.pydev.analysis.builder.AnalysisBuilderVisitor$1.call(AnalysisBuilderVisitor.java:115)
	at com.python.pydev.analysis.builder.AnalysisBuilderVisitor$1.call(AnalysisBuilderVisitor.java:1)
	at com.python.pydev.analysis.builder.AnalysisBuilderRunnable.<init>(AnalysisBuilderRunnable.java:164)
	at com.python.pydev.analysis.builder.AnalysisBuilderRunnableFactory.createRunnable(AnalysisBuilderRunnableFactory.java:222)
	at com.python.pydev.analysis.builder.AnalysisBuilderVisitor.doVisitChangedResource(AnalysisBuilderVisitor.java:180)
	at com.python.pydev.analysis.builder.AnalysisBuilderVisitor.visitChangedResource(AnalysisBuilderVisitor.java:129)
	at com.python.pydev.analysis.builder.AnalysisBuilderVisitor.visitChangedResource(AnalysisBuilderVisitor.java:45)
	at org.python.pydev.builder.PyDevBuilderVisitor.visitAddedResource(PyDevBuilderVisitor.java:308)
	at org.python.pydev.builder.PydevGrouperVisitor.visitWith(PydevGrouperVisitor.java:111)
	at org.python.pydev.builder.PydevGrouperVisitor.visitAddedResource(PydevGrouperVisitor.java:161)
	at org.python.pydev.builder.PydevGrouperVisitor.finishDelayedVisits(PydevGrouperVisitor.java:183)
	at org.python.pydev.builder.PyDevBuilder.build(PyDevBuilder.java:133)
	at org.eclipse.core.internal.events.BuildManager$2.run(BuildManager.java:735)
	at org.eclipse.core.runtime.SafeRunner.run(SafeRunner.java:42)
	at org.eclipse.core.internal.events.BuildManager.basicBuild(BuildManager.java:206)
	at org.eclipse.core.internal.events.BuildManager.basicBuild(BuildManager.java:246)
	at org.eclipse.core.internal.events.BuildManager$1.run(BuildManager.java:301)
	at org.eclipse.core.runtime.SafeRunner.run(SafeRunner.java:42)
	at org.eclipse.core.internal.events.BuildManager.basicBuild(BuildManager.java:304)
	at org.eclipse.core.internal.events.BuildManager.basicBuildLoop(BuildManager.java:360)
	at org.eclipse.core.internal.events.BuildManager.build(BuildManager.java:383)
	at org.eclipse.core.internal.events.AutoBuildJob.doBuild(AutoBuildJob.java:144)
	at org.eclipse.core.internal.events.AutoBuildJob.run(AutoBuildJob.java:235)
	at org.eclipse.core.internal.jobs.Worker.run(Worker.java:55)

!ENTRY org.python.pydev.shared_core 4 4 2017-07-25 14:42:31.581
!MESSAGE Did not expect to find item below node: Assign[targets=[Name[id=tabindex, ctx=Store, reserved=false]], value=null, type=null] (module: Logger file: D:\workspace2\CryoEMFileAnalysis\Logger.py row: 324).
!STACK 0
java.lang.RuntimeException: Did not expect to find item below node: Assign[targets=[Name[id=tabindex, ctx=Store, reserved=false]], value=null, type=null] (module: Logger file: D:\workspace2\CryoEMFileAnalysis\Logger.py row: 324).
	at org.python.pydev.core.log.Log.log(Log.java:54)
	at org.python.pydev.parser.fastparser.FastDefinitionsParser.endScopesInStack(FastDefinitionsParser.java:604)
	at org.python.pydev.parser.fastparser.FastDefinitionsParser.handleNewLine(FastDefinitionsParser.java:394)
	at org.python.pydev.parser.fastparser.FastDefinitionsParser.extractBody(FastDefinitionsParser.java:259)
	at org.python.pydev.parser.fastparser.FastDefinitionsParser.parse(FastDefinitionsParser.java:691)
	at org.python.pydev.parser.fastparser.FastDefinitionsParser.parse(FastDefinitionsParser.java:685)
	at org.python.pydev.parser.fastparser.FastDefinitionsParser.parse(FastDefinitionsParser.java:676)
	at com.python.pydev.analysis.builder.AnalysisBuilderVisitor$1.call(AnalysisBuilderVisitor.java:115)
	at com.python.pydev.analysis.builder.AnalysisBuilderVisitor$1.call(AnalysisBuilderVisitor.java:1)
	at com.python.pydev.analysis.builder.AnalysisBuilderRunnable.<init>(AnalysisBuilderRunnable.java:164)
	at com.python.pydev.analysis.builder.AnalysisBuilderRunnableFactory.createRunnable(AnalysisBuilderRunnableFactory.java:222)
	at com.python.pydev.analysis.builder.AnalysisBuilderVisitor.doVisitChangedResource(AnalysisBuilderVisitor.java:180)
	at com.python.pydev.analysis.builder.AnalysisBuilderVisitor.visitChangedResource(AnalysisBuilderVisitor.java:129)
	at com.python.pydev.analysis.builder.AnalysisBuilderVisitor.visitChangedResource(AnalysisBuilderVisitor.java:45)
	at org.python.pydev.builder.PyDevBuilderVisitor.visitAddedResource(PyDevBuilderVisitor.java:308)
	at org.python.pydev.builder.PydevGrouperVisitor.visitWith(PydevGrouperVisitor.java:111)
	at org.python.pydev.builder.PydevGrouperVisitor.visitAddedResource(PydevGrouperVisitor.java:161)
	at org.python.pydev.builder.PydevGrouperVisitor.finishDelayedVisits(PydevGrouperVisitor.java:183)
	at org.python.pydev.builder.PyDevBuilder.build(PyDevBuilder.java:133)
	at org.eclipse.core.internal.events.BuildManager$2.run(BuildManager.java:735)
	at org.eclipse.core.runtime.SafeRunner.run(SafeRunner.java:42)
	at org.eclipse.core.internal.events.BuildManager.basicBuild(BuildManager.java:206)
	at org.eclipse.core.internal.events.BuildManager.basicBuild(BuildManager.java:246)
	at org.eclipse.core.internal.events.BuildManager$1.run(BuildManager.java:301)
	at org.eclipse.core.runtime.SafeRunner.run(SafeRunner.java:42)
	at org.eclipse.core.internal.events.BuildManager.basicBuild(BuildManager.java:304)
	at org.eclipse.core.internal.events.BuildManager.basicBuildLoop(BuildManager.java:360)
	at org.eclipse.core.internal.events.BuildManager.build(BuildManager.java:383)
	at org.eclipse.core.internal.events.AutoBuildJob.doBuild(AutoBuildJob.java:144)
	at org.eclipse.core.internal.events.AutoBuildJob.run(AutoBuildJob.java:235)
	at org.eclipse.core.internal.jobs.Worker.run(Worker.java:55)

!ENTRY org.python.pydev.shared_core 4 4 2017-07-25 14:42:31.582
!MESSAGE Did not expect to find item below node: Assign[targets=[Name[id=role, ctx=Store, reserved=false], Name[id=tabindex, ctx=Store, reserved=false]], value=null, type=null] (module: Logger file: D:\workspace2\CryoEMFileAnalysis\Logger.py row: 331).
!STACK 0
java.lang.RuntimeException: Did not expect to find item below node: Assign[targets=[Name[id=role, ctx=Store, reserved=false], Name[id=tabindex, ctx=Store, reserved=false]], value=null, type=null] (module: Logger file: D:\workspace2\CryoEMFileAnalysis\Logger.py row: 331).
	at org.python.pydev.core.log.Log.log(Log.java:54)
	at org.python.pydev.parser.fastparser.FastDefinitionsParser.endScopesInStack(FastDefinitionsParser.java:604)
	at org.python.pydev.parser.fastparser.FastDefinitionsParser.handleNewLine(FastDefinitionsParser.java:394)
	at org.python.pydev.parser.fastparser.FastDefinitionsParser.extractBody(FastDefinitionsParser.java:259)
	at org.python.pydev.parser.fastparser.FastDefinitionsParser.parse(FastDefinitionsParser.java:691)
	at org.python.pydev.parser.fastparser.FastDefinitionsParser.parse(FastDefinitionsParser.java:685)
	at org.python.pydev.parser.fastparser.FastDefinitionsParser.parse(FastDefinitionsParser.java:676)
	at com.python.pydev.analysis.builder.AnalysisBuilderVisitor$1.call(AnalysisBuilderVisitor.java:115)
	at com.python.pydev.analysis.builder.AnalysisBuilderVisitor$1.call(AnalysisBuilderVisitor.java:1)
	at com.python.pydev.analysis.builder.AnalysisBuilderRunnable.<init>(AnalysisBuilderRunnable.java:164)
	at com.python.pydev.analysis.builder.AnalysisBuilderRunnableFactory.createRunnable(AnalysisBuilderRunnableFactory.java:222)
	at com.python.pydev.analysis.builder.AnalysisBuilderVisitor.doVisitChangedResource(AnalysisBuilderVisitor.java:180)
	at com.python.pydev.analysis.builder.AnalysisBuilderVisitor.visitChangedResource(AnalysisBuilderVisitor.java:129)
	at com.python.pydev.analysis.builder.AnalysisBuilderVisitor.visitChangedResource(AnalysisBuilderVisitor.java:45)
	at org.python.pydev.builder.PyDevBuilderVisitor.visitAddedResource(PyDevBuilderVisitor.java:308)
	at org.python.pydev.builder.PydevGrouperVisitor.visitWith(PydevGrouperVisitor.java:111)
	at org.python.pydev.builder.PydevGrouperVisitor.visitAddedResource(PydevGrouperVisitor.java:161)
	at org.python.pydev.builder.PydevGrouperVisitor.finishDelayedVisits(PydevGrouperVisitor.java:183)
	at org.python.pydev.builder.PyDevBuilder.build(PyDevBuilder.java:133)
	at org.eclipse.core.internal.events.BuildManager$2.run(BuildManager.java:735)
	at org.eclipse.core.runtime.SafeRunner.run(SafeRunner.java:42)
	at org.eclipse.core.internal.events.BuildManager.basicBuild(BuildManager.java:206)
	at org.eclipse.core.internal.events.BuildManager.basicBuild(BuildManager.java:246)
	at org.eclipse.core.internal.events.BuildManager$1.run(BuildManager.java:301)
	at org.eclipse.core.runtime.SafeRunner.run(SafeRunner.java:42)
	at org.eclipse.core.internal.events.BuildManager.basicBuild(BuildManager.java:304)
	at org.eclipse.core.internal.events.BuildManager.basicBuildLoop(BuildManager.java:360)
	at org.eclipse.core.internal.events.BuildManager.build(BuildManager.java:383)
	at org.eclipse.core.internal.events.AutoBuildJob.doBuild(AutoBuildJob.java:144)
	at org.eclipse.core.internal.events.AutoBuildJob.run(AutoBuildJob.java:235)
	at org.eclipse.core.internal.jobs.Worker.run(Worker.java:55)

!ENTRY org.python.pydev.shared_core 4 4 2017-07-25 14:42:31.583
!MESSAGE Did not expect to find item below node: Assign[targets=[Name[id=role, ctx=Store, reserved=false], Name[id=tabindex, ctx=Store, reserved=false]], value=null, type=null] (module: Logger file: D:\workspace2\CryoEMFileAnalysis\Logger.py row: 333).
!STACK 0
java.lang.RuntimeException: Did not expect to find item below node: Assign[targets=[Name[id=role, ctx=Store, reserved=false], Name[id=tabindex, ctx=Store, reserved=false]], value=null, type=null] (module: Logger file: D:\workspace2\CryoEMFileAnalysis\Logger.py row: 333).
	at org.python.pydev.core.log.Log.log(Log.java:54)
	at org.python.pydev.parser.fastparser.FastDefinitionsParser.endScopesInStack(FastDefinitionsParser.java:604)
	at org.python.pydev.parser.fastparser.FastDefinitionsParser.handleNewLine(FastDefinitionsParser.java:394)
	at org.python.pydev.parser.fastparser.FastDefinitionsParser.extractBody(FastDefinitionsParser.java:259)
	at org.python.pydev.parser.fastparser.FastDefinitionsParser.parse(FastDefinitionsParser.java:691)
	at org.python.pydev.parser.fastparser.FastDefinitionsParser.parse(FastDefinitionsParser.java:685)
	at org.python.pydev.parser.fastparser.FastDefinitionsParser.parse(FastDefinitionsParser.java:676)
	at com.python.pydev.analysis.builder.AnalysisBuilderVisitor$1.call(AnalysisBuilderVisitor.java:115)
	at com.python.pydev.analysis.builder.AnalysisBuilderVisitor$1.call(AnalysisBuilderVisitor.java:1)
	at com.python.pydev.analysis.builder.AnalysisBuilderRunnable.<init>(AnalysisBuilderRunnable.java:164)
	at com.python.pydev.analysis.builder.AnalysisBuilderRunnableFactory.createRunnable(AnalysisBuilderRunnableFactory.java:222)
	at com.python.pydev.analysis.builder.AnalysisBuilderVisitor.doVisitChangedResource(AnalysisBuilderVisitor.java:180)
	at com.python.pydev.analysis.builder.AnalysisBuilderVisitor.visitChangedResource(AnalysisBuilderVisitor.java:129)
	at com.python.pydev.analysis.builder.AnalysisBuilderVisitor.visitChangedResource(AnalysisBuilderVisitor.java:45)
	at org.python.pydev.builder.PyDevBuilderVisitor.visitAddedResource(PyDevBuilderVisitor.java:308)
	at org.python.pydev.builder.PydevGrouperVisitor.visitWith(PydevGrouperVisitor.java:111)
	at org.python.pydev.builder.PydevGrouperVisitor.visitAddedResource(PydevGrouperVisitor.java:161)
	at org.python.pydev.builder.PydevGrouperVisitor.finishDelayedVisits(PydevGrouperVisitor.java:183)
	at org.python.pydev.builder.PyDevBuilder.build(PyDevBuilder.java:133)
	at org.eclipse.core.internal.events.BuildManager$2.run(BuildManager.java:735)
	at org.eclipse.core.runtime.SafeRunner.run(SafeRunner.java:42)
	at org.eclipse.core.internal.events.BuildManager.basicBuild(BuildManager.java:206)
	at org.eclipse.core.internal.events.BuildManager.basicBuild(BuildManager.java:246)
	at org.eclipse.core.internal.events.BuildManager$1.run(BuildManager.java:301)
	at org.eclipse.core.runtime.SafeRunner.run(SafeRunner.java:42)
	at org.eclipse.core.internal.events.BuildManager.basicBuild(BuildManager.java:304)
	at org.eclipse.core.internal.events.BuildManager.basicBuildLoop(BuildManager.java:360)
	at org.eclipse.core.internal.events.BuildManager.build(BuildManager.java:383)
	at org.eclipse.core.internal.events.AutoBuildJob.doBuild(AutoBuildJob.java:144)
	at org.eclipse.core.internal.events.AutoBuildJob.run(AutoBuildJob.java:235)
	at org.eclipse.core.internal.jobs.Worker.run(Worker.java:55)

!ENTRY org.python.pydev.shared_core 4 4 2017-07-25 14:42:31.585
!MESSAGE Did not expect to find item below node: Assign[targets=[Name[id=role, ctx=Store, reserved=false], Name[id=tabindex, ctx=Store, reserved=false]], value=null, type=null] (module: Logger file: D:\workspace2\CryoEMFileAnalysis\Logger.py row: 337).
!STACK 0
java.lang.RuntimeException: Did not expect to find item below node: Assign[targets=[Name[id=role, ctx=Store, reserved=false], Name[id=tabindex, ctx=Store, reserved=false]], value=null, type=null] (module: Logger file: D:\workspace2\CryoEMFileAnalysis\Logger.py row: 337).
	at org.python.pydev.core.log.Log.log(Log.java:54)
	at org.python.pydev.parser.fastparser.FastDefinitionsParser.endScopesInStack(FastDefinitionsParser.java:604)
	at org.python.pydev.parser.fastparser.FastDefinitionsParser.handleNewLine(FastDefinitionsParser.java:394)
	at org.python.pydev.parser.fastparser.FastDefinitionsParser.extractBody(FastDefinitionsParser.java:259)
	at org.python.pydev.parser.fastparser.FastDefinitionsParser.parse(FastDefinitionsParser.java:691)
	at org.python.pydev.parser.fastparser.FastDefinitionsParser.parse(FastDefinitionsParser.java:685)
	at org.python.pydev.parser.fastparser.FastDefinitionsParser.parse(FastDefinitionsParser.java:676)
	at com.python.pydev.analysis.builder.AnalysisBuilderVisitor$1.call(AnalysisBuilderVisitor.java:115)
	at com.python.pydev.analysis.builder.AnalysisBuilderVisitor$1.call(AnalysisBuilderVisitor.java:1)
	at com.python.pydev.analysis.builder.AnalysisBuilderRunnable.<init>(AnalysisBuilderRunnable.java:164)
	at com.python.pydev.analysis.builder.AnalysisBuilderRunnableFactory.createRunnable(AnalysisBuilderRunnableFactory.java:222)
	at com.python.pydev.analysis.builder.AnalysisBuilderVisitor.doVisitChangedResource(AnalysisBuilderVisitor.java:180)
	at com.python.pydev.analysis.builder.AnalysisBuilderVisitor.visitChangedResource(AnalysisBuilderVisitor.java:129)
	at com.python.pydev.analysis.builder.AnalysisBuilderVisitor.visitChangedResource(AnalysisBuilderVisitor.java:45)
	at org.python.pydev.builder.PyDevBuilderVisitor.visitAddedResource(PyDevBuilderVisitor.java:308)
	at org.python.pydev.builder.PydevGrouperVisitor.visitWith(PydevGrouperVisitor.java:111)
	at org.python.pydev.builder.PydevGrouperVisitor.visitAddedResource(PydevGrouperVisitor.java:161)
	at org.python.pydev.builder.PydevGrouperVisitor.finishDelayedVisits(PydevGrouperVisitor.java:183)
	at org.python.pydev.builder.PyDevBuilder.build(PyDevBuilder.java:133)
	at org.eclipse.core.internal.events.BuildManager$2.run(BuildManager.java:735)
	at org.eclipse.core.runtime.SafeRunner.run(SafeRunner.java:42)
	at org.eclipse.core.internal.events.BuildManager.basicBuild(BuildManager.java:206)
	at org.eclipse.core.internal.events.BuildManager.basicBuild(BuildManager.java:246)
	at org.eclipse.core.internal.events.BuildManager$1.run(BuildManager.java:301)
	at org.eclipse.core.runtime.SafeRunner.run(SafeRunner.java:42)
	at org.eclipse.core.internal.events.BuildManager.basicBuild(BuildManager.java:304)
	at org.eclipse.core.internal.events.BuildManager.basicBuildLoop(BuildManager.java:360)
	at org.eclipse.core.internal.events.BuildManager.build(BuildManager.java:383)
	at org.eclipse.core.internal.events.AutoBuildJob.doBuild(AutoBuildJob.java:144)
	at org.eclipse.core.internal.events.AutoBuildJob.run(AutoBuildJob.java:235)
	at org.eclipse.core.internal.jobs.Worker.run(Worker.java:55)

!ENTRY org.python.pydev.shared_core 4 4 2017-07-25 14:42:31.586
!MESSAGE Did not expect to find item below node: Assign[targets=[Name[id=role, ctx=Store, reserved=false]], value=null, type=null] (module: Logger file: D:\workspace2\CryoEMFileAnalysis\Logger.py row: 340).
!STACK 0
java.lang.RuntimeException: Did not expect to find item below node: Assign[targets=[Name[id=role, ctx=Store, reserved=false]], value=null, type=null] (module: Logger file: D:\workspace2\CryoEMFileAnalysis\Logger.py row: 340).
	at org.python.pydev.core.log.Log.log(Log.java:54)
	at org.python.pydev.parser.fastparser.FastDefinitionsParser.endScopesInStack(FastDefinitionsParser.java:604)
	at org.python.pydev.parser.fastparser.FastDefinitionsParser.handleNewLine(FastDefinitionsParser.java:394)
	at org.python.pydev.parser.fastparser.FastDefinitionsParser.extractBody(FastDefinitionsParser.java:259)
	at org.python.pydev.parser.fastparser.FastDefinitionsParser.parse(FastDefinitionsParser.java:691)
	at org.python.pydev.parser.fastparser.FastDefinitionsParser.parse(FastDefinitionsParser.java:685)
	at org.python.pydev.parser.fastparser.FastDefinitionsParser.parse(FastDefinitionsParser.java:676)
	at com.python.pydev.analysis.builder.AnalysisBuilderVisitor$1.call(AnalysisBuilderVisitor.java:115)
	at com.python.pydev.analysis.builder.AnalysisBuilderVisitor$1.call(AnalysisBuilderVisitor.java:1)
	at com.python.pydev.analysis.builder.AnalysisBuilderRunnable.<init>(AnalysisBuilderRunnable.java:164)
	at com.python.pydev.analysis.builder.AnalysisBuilderRunnableFactory.createRunnable(AnalysisBuilderRunnableFactory.java:222)
	at com.python.pydev.analysis.builder.AnalysisBuilderVisitor.doVisitChangedResource(AnalysisBuilderVisitor.java:180)
	at com.python.pydev.analysis.builder.AnalysisBuilderVisitor.visitChangedResource(AnalysisBuilderVisitor.java:129)
	at com.python.pydev.analysis.builder.AnalysisBuilderVisitor.visitChangedResource(AnalysisBuilderVisitor.java:45)
	at org.python.pydev.builder.PyDevBuilderVisitor.visitAddedResource(PyDevBuilderVisitor.java:308)
	at org.python.pydev.builder.PydevGrouperVisitor.visitWith(PydevGrouperVisitor.java:111)
	at org.python.pydev.builder.PydevGrouperVisitor.visitAddedResource(PydevGrouperVisitor.java:161)
	at org.python.pydev.builder.PydevGrouperVisitor.finishDelayedVisits(PydevGrouperVisitor.java:183)
	at org.python.pydev.builder.PyDevBuilder.build(PyDevBuilder.java:133)
	at org.eclipse.core.internal.events.BuildManager$2.run(BuildManager.java:735)
	at org.eclipse.core.runtime.SafeRunner.run(SafeRunner.java:42)
	at org.eclipse.core.internal.events.BuildManager.basicBuild(BuildManager.java:206)
	at org.eclipse.core.internal.events.BuildManager.basicBuild(BuildManager.java:246)
	at org.eclipse.core.internal.events.BuildManager$1.run(BuildManager.java:301)
	at org.eclipse.core.runtime.SafeRunner.run(SafeRunner.java:42)
	at org.eclipse.core.internal.events.BuildManager.basicBuild(BuildManager.java:304)
	at org.eclipse.core.internal.events.BuildManager.basicBuildLoop(BuildManager.java:360)
	at org.eclipse.core.internal.events.BuildManager.build(BuildManager.java:383)
	at org.eclipse.core.internal.events.AutoBuildJob.doBuild(AutoBuildJob.java:144)
	at org.eclipse.core.internal.events.AutoBuildJob.run(AutoBuildJob.java:235)
	at org.eclipse.core.internal.jobs.Worker.run(Worker.java:55)

!ENTRY org.python.pydev.shared_core 4 4 2017-07-25 14:42:31.588
!MESSAGE Did not expect to find item below node: Assign[targets=[Name[id=role, ctx=Store, reserved=false], Name[id=tabindex, ctx=Store, reserved=false]], value=null, type=null] (module: Logger file: D:\workspace2\CryoEMFileAnalysis\Logger.py row: 344).
!STACK 0
java.lang.RuntimeException: Did not expect to find item below node: Assign[targets=[Name[id=role, ctx=Store, reserved=false], Name[id=tabindex, ctx=Store, reserved=false]], value=null, type=null] (module: Logger file: D:\workspace2\CryoEMFileAnalysis\Logger.py row: 344).
	at org.python.pydev.core.log.Log.log(Log.java:54)
	at org.python.pydev.parser.fastparser.FastDefinitionsParser.endScopesInStack(FastDefinitionsParser.java:604)
	at org.python.pydev.parser.fastparser.FastDefinitionsParser.handleNewLine(FastDefinitionsParser.java:394)
	at org.python.pydev.parser.fastparser.FastDefinitionsParser.extractBody(FastDefinitionsParser.java:259)
	at org.python.pydev.parser.fastparser.FastDefinitionsParser.parse(FastDefinitionsParser.java:691)
	at org.python.pydev.parser.fastparser.FastDefinitionsParser.parse(FastDefinitionsParser.java:685)
	at org.python.pydev.parser.fastparser.FastDefinitionsParser.parse(FastDefinitionsParser.java:676)
	at com.python.pydev.analysis.builder.AnalysisBuilderVisitor$1.call(AnalysisBuilderVisitor.java:115)
	at com.python.pydev.analysis.builder.AnalysisBuilderVisitor$1.call(AnalysisBuilderVisitor.java:1)
	at com.python.pydev.analysis.builder.AnalysisBuilderRunnable.<init>(AnalysisBuilderRunnable.java:164)
	at com.python.pydev.analysis.builder.AnalysisBuilderRunnableFactory.createRunnable(AnalysisBuilderRunnableFactory.java:222)
	at com.python.pydev.analysis.builder.AnalysisBuilderVisitor.doVisitChangedResource(AnalysisBuilderVisitor.java:180)
	at com.python.pydev.analysis.builder.AnalysisBuilderVisitor.visitChangedResource(AnalysisBuilderVisitor.java:129)
	at com.python.pydev.analysis.builder.AnalysisBuilderVisitor.visitChangedResource(AnalysisBuilderVisitor.java:45)
	at org.python.pydev.builder.PyDevBuilderVisitor.visitAddedResource(PyDevBuilderVisitor.java:308)
	at org.python.pydev.builder.PydevGrouperVisitor.visitWith(PydevGrouperVisitor.java:111)
	at org.python.pydev.builder.PydevGrouperVisitor.visitAddedResource(PydevGrouperVisitor.java:161)
	at org.python.pydev.builder.PydevGrouperVisitor.finishDelayedVisits(PydevGrouperVisitor.java:183)
	at org.python.pydev.builder.PyDevBuilder.build(PyDevBuilder.java:133)
	at org.eclipse.core.internal.events.BuildManager$2.run(BuildManager.java:735)
	at org.eclipse.core.runtime.SafeRunner.run(SafeRunner.java:42)
	at org.eclipse.core.internal.events.BuildManager.basicBuild(BuildManager.java:206)
	at org.eclipse.core.internal.events.BuildManager.basicBuild(BuildManager.java:246)
	at org.eclipse.core.internal.events.BuildManager$1.run(BuildManager.java:301)
	at org.eclipse.core.runtime.SafeRunner.run(SafeRunner.java:42)
	at org.eclipse.core.internal.events.BuildManager.basicBuild(BuildManager.java:304)
	at org.eclipse.core.internal.events.BuildManager.basicBuildLoop(BuildManager.java:360)
	at org.eclipse.core.internal.events.BuildManager.build(BuildManager.java:383)
	at org.eclipse.core.internal.events.AutoBuildJob.doBuild(AutoBuildJob.java:144)
	at org.eclipse.core.internal.events.AutoBuildJob.run(AutoBuildJob.java:235)
	at org.eclipse.core.internal.jobs.Worker.run(Worker.java:55)

!ENTRY org.python.pydev.shared_core 4 4 2017-07-25 14:42:31.589
!MESSAGE Did not expect to find item below node: Assign[targets=[Name[id=role, ctx=Store, reserved=false], Name[id=tabindex, ctx=Store, reserved=false]], value=null, type=null] (module: Logger file: D:\workspace2\CryoEMFileAnalysis\Logger.py row: 346).
!STACK 0
java.lang.RuntimeException: Did not expect to find item below node: Assign[targets=[Name[id=role, ctx=Store, reserved=false], Name[id=tabindex, ctx=Store, reserved=false]], value=null, type=null] (module: Logger file: D:\workspace2\CryoEMFileAnalysis\Logger.py row: 346).
	at org.python.pydev.core.log.Log.log(Log.java:54)
	at org.python.pydev.parser.fastparser.FastDefinitionsParser.endScopesInStack(FastDefinitionsParser.java:604)
	at org.python.pydev.parser.fastparser.FastDefinitionsParser.handleNewLine(FastDefinitionsParser.java:394)
	at org.python.pydev.parser.fastparser.FastDefinitionsParser.extractBody(FastDefinitionsParser.java:259)
	at org.python.pydev.parser.fastparser.FastDefinitionsParser.parse(FastDefinitionsParser.java:691)
	at org.python.pydev.parser.fastparser.FastDefinitionsParser.parse(FastDefinitionsParser.java:685)
	at org.python.pydev.parser.fastparser.FastDefinitionsParser.parse(FastDefinitionsParser.java:676)
	at com.python.pydev.analysis.builder.AnalysisBuilderVisitor$1.call(AnalysisBuilderVisitor.java:115)
	at com.python.pydev.analysis.builder.AnalysisBuilderVisitor$1.call(AnalysisBuilderVisitor.java:1)
	at com.python.pydev.analysis.builder.AnalysisBuilderRunnable.<init>(AnalysisBuilderRunnable.java:164)
	at com.python.pydev.analysis.builder.AnalysisBuilderRunnableFactory.createRunnable(AnalysisBuilderRunnableFactory.java:222)
	at com.python.pydev.analysis.builder.AnalysisBuilderVisitor.doVisitChangedResource(AnalysisBuilderVisitor.java:180)
	at com.python.pydev.analysis.builder.AnalysisBuilderVisitor.visitChangedResource(AnalysisBuilderVisitor.java:129)
	at com.python.pydev.analysis.builder.AnalysisBuilderVisitor.visitChangedResource(AnalysisBuilderVisitor.java:45)
	at org.python.pydev.builder.PyDevBuilderVisitor.visitAddedResource(PyDevBuilderVisitor.java:308)
	at org.python.pydev.builder.PydevGrouperVisitor.visitWith(PydevGrouperVisitor.java:111)
	at org.python.pydev.builder.PydevGrouperVisitor.visitAddedResource(PydevGrouperVisitor.java:161)
	at org.python.pydev.builder.PydevGrouperVisitor.finishDelayedVisits(PydevGrouperVisitor.java:183)
	at org.python.pydev.builder.PyDevBuilder.build(PyDevBuilder.java:133)
	at org.eclipse.core.internal.events.BuildManager$2.run(BuildManager.java:735)
	at org.eclipse.core.runtime.SafeRunner.run(SafeRunner.java:42)
	at org.eclipse.core.internal.events.BuildManager.basicBuild(BuildManager.java:206)
	at org.eclipse.core.internal.events.BuildManager.basicBuild(BuildManager.java:246)
	at org.eclipse.core.internal.events.BuildManager$1.run(BuildManager.java:301)
	at org.eclipse.core.runtime.SafeRunner.run(SafeRunner.java:42)
	at org.eclipse.core.internal.events.BuildManager.basicBuild(BuildManager.java:304)
	at org.eclipse.core.internal.events.BuildManager.basicBuildLoop(BuildManager.java:360)
	at org.eclipse.core.internal.events.BuildManager.build(BuildManager.java:383)
	at org.eclipse.core.internal.events.AutoBuildJob.doBuild(AutoBuildJob.java:144)
	at org.eclipse.core.internal.events.AutoBuildJob.run(AutoBuildJob.java:235)
	at org.eclipse.core.internal.jobs.Worker.run(Worker.java:55)

!ENTRY org.python.pydev.shared_core 4 4 2017-07-25 14:42:31.591
!MESSAGE Did not expect to find item below node: Assign[targets=[Name[id=role, ctx=Store, reserved=false], Name[id=tabindex, ctx=Store, reserved=false]], value=null, type=null] (module: Logger file: D:\workspace2\CryoEMFileAnalysis\Logger.py row: 351).
!STACK 0
java.lang.RuntimeException: Did not expect to find item below node: Assign[targets=[Name[id=role, ctx=Store, reserved=false], Name[id=tabindex, ctx=Store, reserved=false]], value=null, type=null] (module: Logger file: D:\workspace2\CryoEMFileAnalysis\Logger.py row: 351).
	at org.python.pydev.core.log.Log.log(Log.java:54)
	at org.python.pydev.parser.fastparser.FastDefinitionsParser.endScopesInStack(FastDefinitionsParser.java:604)
	at org.python.pydev.parser.fastparser.FastDefinitionsParser.handleNewLine(FastDefinitionsParser.java:394)
	at org.python.pydev.parser.fastparser.FastDefinitionsParser.extractBody(FastDefinitionsParser.java:259)
	at org.python.pydev.parser.fastparser.FastDefinitionsParser.parse(FastDefinitionsParser.java:691)
	at org.python.pydev.parser.fastparser.FastDefinitionsParser.parse(FastDefinitionsParser.java:685)
	at org.python.pydev.parser.fastparser.FastDefinitionsParser.parse(FastDefinitionsParser.java:676)
	at com.python.pydev.analysis.builder.AnalysisBuilderVisitor$1.call(AnalysisBuilderVisitor.java:115)
	at com.python.pydev.analysis.builder.AnalysisBuilderVisitor$1.call(AnalysisBuilderVisitor.java:1)
	at com.python.pydev.analysis.builder.AnalysisBuilderRunnable.<init>(AnalysisBuilderRunnable.java:164)
	at com.python.pydev.analysis.builder.AnalysisBuilderRunnableFactory.createRunnable(AnalysisBuilderRunnableFactory.java:222)
	at com.python.pydev.analysis.builder.AnalysisBuilderVisitor.doVisitChangedResource(AnalysisBuilderVisitor.java:180)
	at com.python.pydev.analysis.builder.AnalysisBuilderVisitor.visitChangedResource(AnalysisBuilderVisitor.java:129)
	at com.python.pydev.analysis.builder.AnalysisBuilderVisitor.visitChangedResource(AnalysisBuilderVisitor.java:45)
	at org.python.pydev.builder.PyDevBuilderVisitor.visitAddedResource(PyDevBuilderVisitor.java:308)
	at org.python.pydev.builder.PydevGrouperVisitor.visitWith(PydevGrouperVisitor.java:111)
	at org.python.pydev.builder.PydevGrouperVisitor.visitAddedResource(PydevGrouperVisitor.java:161)
	at org.python.pydev.builder.PydevGrouperVisitor.finishDelayedVisits(PydevGrouperVisitor.java:183)
	at org.python.pydev.builder.PyDevBuilder.build(PyDevBuilder.java:133)
	at org.eclipse.core.internal.events.BuildManager$2.run(BuildManager.java:735)
	at org.eclipse.core.runtime.SafeRunner.run(SafeRunner.java:42)
	at org.eclipse.core.internal.events.BuildManager.basicBuild(BuildManager.java:206)
	at org.eclipse.core.internal.events.BuildManager.basicBuild(BuildManager.java:246)
	at org.eclipse.core.internal.events.BuildManager$1.run(BuildManager.java:301)
	at org.eclipse.core.runtime.SafeRunner.run(SafeRunner.java:42)
	at org.eclipse.core.internal.events.BuildManager.basicBuild(BuildManager.java:304)
	at org.eclipse.core.internal.events.BuildManager.basicBuildLoop(BuildManager.java:360)
	at org.eclipse.core.internal.events.BuildManager.build(BuildManager.java:383)
	at org.eclipse.core.internal.events.AutoBuildJob.doBuild(AutoBuildJob.java:144)
	at org.eclipse.core.internal.events.AutoBuildJob.run(AutoBuildJob.java:235)
	at org.eclipse.core.internal.jobs.Worker.run(Worker.java:55)

!ENTRY org.python.pydev.shared_core 4 4 2017-07-25 14:42:31.592
!MESSAGE Did not expect to find item below node: Assign[targets=[Name[id=role, ctx=Store, reserved=false]], value=null, type=null] (module: Logger file: D:\workspace2\CryoEMFileAnalysis\Logger.py row: 353).
!STACK 0
java.lang.RuntimeException: Did not expect to find item below node: Assign[targets=[Name[id=role, ctx=Store, reserved=false]], value=null, type=null] (module: Logger file: D:\workspace2\CryoEMFileAnalysis\Logger.py row: 353).
	at org.python.pydev.core.log.Log.log(Log.java:54)
	at org.python.pydev.parser.fastparser.FastDefinitionsParser.endScopesInStack(FastDefinitionsParser.java:604)
	at org.python.pydev.parser.fastparser.FastDefinitionsParser.handleNewLine(FastDefinitionsParser.java:394)
	at org.python.pydev.parser.fastparser.FastDefinitionsParser.extractBody(FastDefinitionsParser.java:259)
	at org.python.pydev.parser.fastparser.FastDefinitionsParser.parse(FastDefinitionsParser.java:691)
	at org.python.pydev.parser.fastparser.FastDefinitionsParser.parse(FastDefinitionsParser.java:685)
	at org.python.pydev.parser.fastparser.FastDefinitionsParser.parse(FastDefinitionsParser.java:676)
	at com.python.pydev.analysis.builder.AnalysisBuilderVisitor$1.call(AnalysisBuilderVisitor.java:115)
	at com.python.pydev.analysis.builder.AnalysisBuilderVisitor$1.call(AnalysisBuilderVisitor.java:1)
	at com.python.pydev.analysis.builder.AnalysisBuilderRunnable.<init>(AnalysisBuilderRunnable.java:164)
	at com.python.pydev.analysis.builder.AnalysisBuilderRunnableFactory.createRunnable(AnalysisBuilderRunnableFactory.java:222)
	at com.python.pydev.analysis.builder.AnalysisBuilderVisitor.doVisitChangedResource(AnalysisBuilderVisitor.java:180)
	at com.python.pydev.analysis.builder.AnalysisBuilderVisitor.visitChangedResource(AnalysisBuilderVisitor.java:129)
	at com.python.pydev.analysis.builder.AnalysisBuilderVisitor.visitChangedResource(AnalysisBuilderVisitor.java:45)
	at org.python.pydev.builder.PyDevBuilderVisitor.visitAddedResource(PyDevBuilderVisitor.java:308)
	at org.python.pydev.builder.PydevGrouperVisitor.visitWith(PydevGrouperVisitor.java:111)
	at org.python.pydev.builder.PydevGrouperVisitor.visitAddedResource(PydevGrouperVisitor.java:161)
	at org.python.pydev.builder.PydevGrouperVisitor.finishDelayedVisits(PydevGrouperVisitor.java:183)
	at org.python.pydev.builder.PyDevBuilder.build(PyDevBuilder.java:133)
	at org.eclipse.core.internal.events.BuildManager$2.run(BuildManager.java:735)
	at org.eclipse.core.runtime.SafeRunner.run(SafeRunner.java:42)
	at org.eclipse.core.internal.events.BuildManager.basicBuild(BuildManager.java:206)
	at org.eclipse.core.internal.events.BuildManager.basicBuild(BuildManager.java:246)
	at org.eclipse.core.internal.events.BuildManager$1.run(BuildManager.java:301)
	at org.eclipse.core.runtime.SafeRunner.run(SafeRunner.java:42)
	at org.eclipse.core.internal.events.BuildManager.basicBuild(BuildManager.java:304)
	at org.eclipse.core.internal.events.BuildManager.basicBuildLoop(BuildManager.java:360)
	at org.eclipse.core.internal.events.BuildManager.build(BuildManager.java:383)
	at org.eclipse.core.internal.events.AutoBuildJob.doBuild(AutoBuildJob.java:144)
	at org.eclipse.core.internal.events.AutoBuildJob.run(AutoBuildJob.java:235)
	at org.eclipse.core.internal.jobs.Worker.run(Worker.java:55)

!ENTRY org.python.pydev.shared_core 4 4 2017-07-25 14:42:31.593
!MESSAGE Did not expect to find item below node: Assign[targets=[Name[id=role, ctx=Store, reserved=false], Name[id=tabindex, ctx=Store, reserved=false]], value=null, type=null] (module: Logger file: D:\workspace2\CryoEMFileAnalysis\Logger.py row: 357).
!STACK 0
java.lang.RuntimeException: Did not expect to find item below node: Assign[targets=[Name[id=role, ctx=Store, reserved=false], Name[id=tabindex, ctx=Store, reserved=false]], value=null, type=null] (module: Logger file: D:\workspace2\CryoEMFileAnalysis\Logger.py row: 357).
	at org.python.pydev.core.log.Log.log(Log.java:54)
	at org.python.pydev.parser.fastparser.FastDefinitionsParser.endScopesInStack(FastDefinitionsParser.java:604)
	at org.python.pydev.parser.fastparser.FastDefinitionsParser.handleNewLine(FastDefinitionsParser.java:394)
	at org.python.pydev.parser.fastparser.FastDefinitionsParser.extractBody(FastDefinitionsParser.java:259)
	at org.python.pydev.parser.fastparser.FastDefinitionsParser.parse(FastDefinitionsParser.java:691)
	at org.python.pydev.parser.fastparser.FastDefinitionsParser.parse(FastDefinitionsParser.java:685)
	at org.python.pydev.parser.fastparser.FastDefinitionsParser.parse(FastDefinitionsParser.java:676)
	at com.python.pydev.analysis.builder.AnalysisBuilderVisitor$1.call(AnalysisBuilderVisitor.java:115)
	at com.python.pydev.analysis.builder.AnalysisBuilderVisitor$1.call(AnalysisBuilderVisitor.java:1)
	at com.python.pydev.analysis.builder.AnalysisBuilderRunnable.<init>(AnalysisBuilderRunnable.java:164)
	at com.python.pydev.analysis.builder.AnalysisBuilderRunnableFactory.createRunnable(AnalysisBuilderRunnableFactory.java:222)
	at com.python.pydev.analysis.builder.AnalysisBuilderVisitor.doVisitChangedResource(AnalysisBuilderVisitor.java:180)
	at com.python.pydev.analysis.builder.AnalysisBuilderVisitor.visitChangedResource(AnalysisBuilderVisitor.java:129)
	at com.python.pydev.analysis.builder.AnalysisBuilderVisitor.visitChangedResource(AnalysisBuilderVisitor.java:45)
	at org.python.pydev.builder.PyDevBuilderVisitor.visitAddedResource(PyDevBuilderVisitor.java:308)
	at org.python.pydev.builder.PydevGrouperVisitor.visitWith(PydevGrouperVisitor.java:111)
	at org.python.pydev.builder.PydevGrouperVisitor.visitAddedResource(PydevGrouperVisitor.java:161)
	at org.python.pydev.builder.PydevGrouperVisitor.finishDelayedVisits(PydevGrouperVisitor.java:183)
	at org.python.pydev.builder.PyDevBuilder.build(PyDevBuilder.java:133)
	at org.eclipse.core.internal.events.BuildManager$2.run(BuildManager.java:735)
	at org.eclipse.core.runtime.SafeRunner.run(SafeRunner.java:42)
	at org.eclipse.core.internal.events.BuildManager.basicBuild(BuildManager.java:206)
	at org.eclipse.core.internal.events.BuildManager.basicBuild(BuildManager.java:246)
	at org.eclipse.core.internal.events.BuildManager$1.run(BuildManager.java:301)
	at org.eclipse.core.runtime.SafeRunner.run(SafeRunner.java:42)
	at org.eclipse.core.internal.events.BuildManager.basicBuild(BuildManager.java:304)
	at org.eclipse.core.internal.events.BuildManager.basicBuildLoop(BuildManager.java:360)
	at org.eclipse.core.internal.events.BuildManager.build(BuildManager.java:383)
	at org.eclipse.core.internal.events.AutoBuildJob.doBuild(AutoBuildJob.java:144)
	at org.eclipse.core.internal.events.AutoBuildJob.run(AutoBuildJob.java:235)
	at org.eclipse.core.internal.jobs.Worker.run(Worker.java:55)

!ENTRY org.python.pydev.shared_core 4 4 2017-07-25 14:42:31.594
!MESSAGE Did not expect to find item below node: Assign[targets=[Name[id=role, ctx=Store, reserved=false], Name[id=tabindex, ctx=Store, reserved=false]], value=null, type=null] (module: Logger file: D:\workspace2\CryoEMFileAnalysis\Logger.py row: 359).
!STACK 0
java.lang.RuntimeException: Did not expect to find item below node: Assign[targets=[Name[id=role, ctx=Store, reserved=false], Name[id=tabindex, ctx=Store, reserved=false]], value=null, type=null] (module: Logger file: D:\workspace2\CryoEMFileAnalysis\Logger.py row: 359).
	at org.python.pydev.core.log.Log.log(Log.java:54)
	at org.python.pydev.parser.fastparser.FastDefinitionsParser.endScopesInStack(FastDefinitionsParser.java:604)
	at org.python.pydev.parser.fastparser.FastDefinitionsParser.handleNewLine(FastDefinitionsParser.java:394)
	at org.python.pydev.parser.fastparser.FastDefinitionsParser.extractBody(FastDefinitionsParser.java:259)
	at org.python.pydev.parser.fastparser.FastDefinitionsParser.parse(FastDefinitionsParser.java:691)
	at org.python.pydev.parser.fastparser.FastDefinitionsParser.parse(FastDefinitionsParser.java:685)
	at org.python.pydev.parser.fastparser.FastDefinitionsParser.parse(FastDefinitionsParser.java:676)
	at com.python.pydev.analysis.builder.AnalysisBuilderVisitor$1.call(AnalysisBuilderVisitor.java:115)
	at com.python.pydev.analysis.builder.AnalysisBuilderVisitor$1.call(AnalysisBuilderVisitor.java:1)
	at com.python.pydev.analysis.builder.AnalysisBuilderRunnable.<init>(AnalysisBuilderRunnable.java:164)
	at com.python.pydev.analysis.builder.AnalysisBuilderRunnableFactory.createRunnable(AnalysisBuilderRunnableFactory.java:222)
	at com.python.pydev.analysis.builder.AnalysisBuilderVisitor.doVisitChangedResource(AnalysisBuilderVisitor.java:180)
	at com.python.pydev.analysis.builder.AnalysisBuilderVisitor.visitChangedResource(AnalysisBuilderVisitor.java:129)
	at com.python.pydev.analysis.builder.AnalysisBuilderVisitor.visitChangedResource(AnalysisBuilderVisitor.java:45)
	at org.python.pydev.builder.PyDevBuilderVisitor.visitAddedResource(PyDevBuilderVisitor.java:308)
	at org.python.pydev.builder.PydevGrouperVisitor.visitWith(PydevGrouperVisitor.java:111)
	at org.python.pydev.builder.PydevGrouperVisitor.visitAddedResource(PydevGrouperVisitor.java:161)
	at org.python.pydev.builder.PydevGrouperVisitor.finishDelayedVisits(PydevGrouperVisitor.java:183)
	at org.python.pydev.builder.PyDevBuilder.build(PyDevBuilder.java:133)
	at org.eclipse.core.internal.events.BuildManager$2.run(BuildManager.java:735)
	at org.eclipse.core.runtime.SafeRunner.run(SafeRunner.java:42)
	at org.eclipse.core.internal.events.BuildManager.basicBuild(BuildManager.java:206)
	at org.eclipse.core.internal.events.BuildManager.basicBuild(BuildManager.java:246)
	at org.eclipse.core.internal.events.BuildManager$1.run(BuildManager.java:301)
	at org.eclipse.core.runtime.SafeRunner.run(SafeRunner.java:42)
	at org.eclipse.core.internal.events.BuildManager.basicBuild(BuildManager.java:304)
	at org.eclipse.core.internal.events.BuildManager.basicBuildLoop(BuildManager.java:360)
	at org.eclipse.core.internal.events.BuildManager.build(BuildManager.java:383)
	at org.eclipse.core.internal.events.AutoBuildJob.doBuild(AutoBuildJob.java:144)
	at org.eclipse.core.internal.events.AutoBuildJob.run(AutoBuildJob.java:235)
	at org.eclipse.core.internal.jobs.Worker.run(Worker.java:55)

!ENTRY org.python.pydev.shared_core 4 4 2017-07-25 14:42:31.595
!MESSAGE Did not expect to find item below node: Assign[targets=[Name[id=role, ctx=Store, reserved=false], Name[id=tabindex, ctx=Store, reserved=false]], value=null, type=null] (module: Logger file: D:\workspace2\CryoEMFileAnalysis\Logger.py row: 364).
!STACK 0
java.lang.RuntimeException: Did not expect to find item below node: Assign[targets=[Name[id=role, ctx=Store, reserved=false], Name[id=tabindex, ctx=Store, reserved=false]], value=null, type=null] (module: Logger file: D:\workspace2\CryoEMFileAnalysis\Logger.py row: 364).
	at org.python.pydev.core.log.Log.log(Log.java:54)
	at org.python.pydev.parser.fastparser.FastDefinitionsParser.endScopesInStack(FastDefinitionsParser.java:604)
	at org.python.pydev.parser.fastparser.FastDefinitionsParser.handleNewLine(FastDefinitionsParser.java:394)
	at org.python.pydev.parser.fastparser.FastDefinitionsParser.extractBody(FastDefinitionsParser.java:259)
	at org.python.pydev.parser.fastparser.FastDefinitionsParser.parse(FastDefinitionsParser.java:691)
	at org.python.pydev.parser.fastparser.FastDefinitionsParser.parse(FastDefinitionsParser.java:685)
	at org.python.pydev.parser.fastparser.FastDefinitionsParser.parse(FastDefinitionsParser.java:676)
	at com.python.pydev.analysis.builder.AnalysisBuilderVisitor$1.call(AnalysisBuilderVisitor.java:115)
	at com.python.pydev.analysis.builder.AnalysisBuilderVisitor$1.call(AnalysisBuilderVisitor.java:1)
	at com.python.pydev.analysis.builder.AnalysisBuilderRunnable.<init>(AnalysisBuilderRunnable.java:164)
	at com.python.pydev.analysis.builder.AnalysisBuilderRunnableFactory.createRunnable(AnalysisBuilderRunnableFactory.java:222)
	at com.python.pydev.analysis.builder.AnalysisBuilderVisitor.doVisitChangedResource(AnalysisBuilderVisitor.java:180)
	at com.python.pydev.analysis.builder.AnalysisBuilderVisitor.visitChangedResource(AnalysisBuilderVisitor.java:129)
	at com.python.pydev.analysis.builder.AnalysisBuilderVisitor.visitChangedResource(AnalysisBuilderVisitor.java:45)
	at org.python.pydev.builder.PyDevBuilderVisitor.visitAddedResource(PyDevBuilderVisitor.java:308)
	at org.python.pydev.builder.PydevGrouperVisitor.visitWith(PydevGrouperVisitor.java:111)
	at org.python.pydev.builder.PydevGrouperVisitor.visitAddedResource(PydevGrouperVisitor.java:161)
	at org.python.pydev.builder.PydevGrouperVisitor.finishDelayedVisits(PydevGrouperVisitor.java:183)
	at org.python.pydev.builder.PyDevBuilder.build(PyDevBuilder.java:133)
	at org.eclipse.core.internal.events.BuildManager$2.run(BuildManager.java:735)
	at org.eclipse.core.runtime.SafeRunner.run(SafeRunner.java:42)
	at org.eclipse.core.internal.events.BuildManager.basicBuild(BuildManager.java:206)
	at org.eclipse.core.internal.events.BuildManager.basicBuild(BuildManager.java:246)
	at org.eclipse.core.internal.events.BuildManager$1.run(BuildManager.java:301)
	at org.eclipse.core.runtime.SafeRunner.run(SafeRunner.java:42)
	at org.eclipse.core.internal.events.BuildManager.basicBuild(BuildManager.java:304)
	at org.eclipse.core.internal.events.BuildManager.basicBuildLoop(BuildManager.java:360)
	at org.eclipse.core.internal.events.BuildManager.build(BuildManager.java:383)
	at org.eclipse.core.internal.events.AutoBuildJob.doBuild(AutoBuildJob.java:144)
	at org.eclipse.core.internal.events.AutoBuildJob.run(AutoBuildJob.java:235)
	at org.eclipse.core.internal.jobs.Worker.run(Worker.java:55)

!ENTRY org.python.pydev.shared_core 4 4 2017-07-25 14:42:31.597
!MESSAGE Did not expect to find item below node: Assign[targets=[Name[id=role, ctx=Store, reserved=false]], value=null, type=null] (module: Logger file: D:\workspace2\CryoEMFileAnalysis\Logger.py row: 366).
!STACK 0
java.lang.RuntimeException: Did not expect to find item below node: Assign[targets=[Name[id=role, ctx=Store, reserved=false]], value=null, type=null] (module: Logger file: D:\workspace2\CryoEMFileAnalysis\Logger.py row: 366).
	at org.python.pydev.core.log.Log.log(Log.java:54)
	at org.python.pydev.parser.fastparser.FastDefinitionsParser.endScopesInStack(FastDefinitionsParser.java:604)
	at org.python.pydev.parser.fastparser.FastDefinitionsParser.handleNewLine(FastDefinitionsParser.java:394)
	at org.python.pydev.parser.fastparser.FastDefinitionsParser.extractBody(FastDefinitionsParser.java:259)
	at org.python.pydev.parser.fastparser.FastDefinitionsParser.parse(FastDefinitionsParser.java:691)
	at org.python.pydev.parser.fastparser.FastDefinitionsParser.parse(FastDefinitionsParser.java:685)
	at org.python.pydev.parser.fastparser.FastDefinitionsParser.parse(FastDefinitionsParser.java:676)
	at com.python.pydev.analysis.builder.AnalysisBuilderVisitor$1.call(AnalysisBuilderVisitor.java:115)
	at com.python.pydev.analysis.builder.AnalysisBuilderVisitor$1.call(AnalysisBuilderVisitor.java:1)
	at com.python.pydev.analysis.builder.AnalysisBuilderRunnable.<init>(AnalysisBuilderRunnable.java:164)
	at com.python.pydev.analysis.builder.AnalysisBuilderRunnableFactory.createRunnable(AnalysisBuilderRunnableFactory.java:222)
	at com.python.pydev.analysis.builder.AnalysisBuilderVisitor.doVisitChangedResource(AnalysisBuilderVisitor.java:180)
	at com.python.pydev.analysis.builder.AnalysisBuilderVisitor.visitChangedResource(AnalysisBuilderVisitor.java:129)
	at com.python.pydev.analysis.builder.AnalysisBuilderVisitor.visitChangedResource(AnalysisBuilderVisitor.java:45)
	at org.python.pydev.builder.PyDevBuilderVisitor.visitAddedResource(PyDevBuilderVisitor.java:308)
	at org.python.pydev.builder.PydevGrouperVisitor.visitWith(PydevGrouperVisitor.java:111)
	at org.python.pydev.builder.PydevGrouperVisitor.visitAddedResource(PydevGrouperVisitor.java:161)
	at org.python.pydev.builder.PydevGrouperVisitor.finishDelayedVisits(PydevGrouperVisitor.java:183)
	at org.python.pydev.builder.PyDevBuilder.build(PyDevBuilder.java:133)
	at org.eclipse.core.internal.events.BuildManager$2.run(BuildManager.java:735)
	at org.eclipse.core.runtime.SafeRunner.run(SafeRunner.java:42)
	at org.eclipse.core.internal.events.BuildManager.basicBuild(BuildManager.java:206)
	at org.eclipse.core.internal.events.BuildManager.basicBuild(BuildManager.java:246)
	at org.eclipse.core.internal.events.BuildManager$1.run(BuildManager.java:301)
	at org.eclipse.core.runtime.SafeRunner.run(SafeRunner.java:42)
	at org.eclipse.core.internal.events.BuildManager.basicBuild(BuildManager.java:304)
	at org.eclipse.core.internal.events.BuildManager.basicBuildLoop(BuildManager.java:360)
	at org.eclipse.core.internal.events.BuildManager.build(BuildManager.java:383)
	at org.eclipse.core.internal.events.AutoBuildJob.doBuild(AutoBuildJob.java:144)
	at org.eclipse.core.internal.events.AutoBuildJob.run(AutoBuildJob.java:235)
	at org.eclipse.core.internal.jobs.Worker.run(Worker.java:55)

!ENTRY org.python.pydev.shared_core 4 4 2017-07-25 14:42:31.598
!MESSAGE Did not expect to find item below node: Assign[targets=[Name[id=class, ctx=Store, reserved=false], Name[id=height, ctx=Store, reserved=false], Name[id=version, ctx=Store, reserved=false], Name[id=viewBox, ctx=Store, reserved=false], Name[id=width, ctx=Store, reserved=false], Name[id=d, ctx=Store, reserved=false]], value=null, type=null] (module: Logger file: D:\workspace2\CryoEMFileAnalysis\Logger.py row: 575).
!STACK 0
java.lang.RuntimeException: Did not expect to find item below node: Assign[targets=[Name[id=class, ctx=Store, reserved=false], Name[id=height, ctx=Store, reserved=false], Name[id=version, ctx=Store, reserved=false], Name[id=viewBox, ctx=Store, reserved=false], Name[id=width, ctx=Store, reserved=false], Name[id=d, ctx=Store, reserved=false]], value=null, type=null] (module: Logger file: D:\workspace2\CryoEMFileAnalysis\Logger.py row: 575).
	at org.python.pydev.core.log.Log.log(Log.java:54)
	at org.python.pydev.parser.fastparser.FastDefinitionsParser.endScopesInStack(FastDefinitionsParser.java:604)
	at org.python.pydev.parser.fastparser.FastDefinitionsParser.handleNewLine(FastDefinitionsParser.java:394)
	at org.python.pydev.parser.fastparser.FastDefinitionsParser.extractBody(FastDefinitionsParser.java:259)
	at org.python.pydev.parser.fastparser.FastDefinitionsParser.parse(FastDefinitionsParser.java:691)
	at org.python.pydev.parser.fastparser.FastDefinitionsParser.parse(FastDefinitionsParser.java:685)
	at org.python.pydev.parser.fastparser.FastDefinitionsParser.parse(FastDefinitionsParser.java:676)
	at com.python.pydev.analysis.builder.AnalysisBuilderVisitor$1.call(AnalysisBuilderVisitor.java:115)
	at com.python.pydev.analysis.builder.AnalysisBuilderVisitor$1.call(AnalysisBuilderVisitor.java:1)
	at com.python.pydev.analysis.builder.AnalysisBuilderRunnable.<init>(AnalysisBuilderRunnable.java:164)
	at com.python.pydev.analysis.builder.AnalysisBuilderRunnableFactory.createRunnable(AnalysisBuilderRunnableFactory.java:222)
	at com.python.pydev.analysis.builder.AnalysisBuilderVisitor.doVisitChangedResource(AnalysisBuilderVisitor.java:180)
	at com.python.pydev.analysis.builder.AnalysisBuilderVisitor.visitChangedResource(AnalysisBuilderVisitor.java:129)
	at com.python.pydev.analysis.builder.AnalysisBuilderVisitor.visitChangedResource(AnalysisBuilderVisitor.java:45)
	at org.python.pydev.builder.PyDevBuilderVisitor.visitAddedResource(PyDevBuilderVisitor.java:308)
	at org.python.pydev.builder.PydevGrouperVisitor.visitWith(PydevGrouperVisitor.java:111)
	at org.python.pydev.builder.PydevGrouperVisitor.visitAddedResource(PydevGrouperVisitor.java:161)
	at org.python.pydev.builder.PydevGrouperVisitor.finishDelayedVisits(PydevGrouperVisitor.java:183)
	at org.python.pydev.builder.PyDevBuilder.build(PyDevBuilder.java:133)
	at org.eclipse.core.internal.events.BuildManager$2.run(BuildManager.java:735)
	at org.eclipse.core.runtime.SafeRunner.run(SafeRunner.java:42)
	at org.eclipse.core.internal.events.BuildManager.basicBuild(BuildManager.java:206)
	at org.eclipse.core.internal.events.BuildManager.basicBuild(BuildManager.java:246)
	at org.eclipse.core.internal.events.BuildManager$1.run(BuildManager.java:301)
	at org.eclipse.core.runtime.SafeRunner.run(SafeRunner.java:42)
	at org.eclipse.core.internal.events.BuildManager.basicBuild(BuildManager.java:304)
	at org.eclipse.core.internal.events.BuildManager.basicBuildLoop(BuildManager.java:360)
	at org.eclipse.core.internal.events.BuildManager.build(BuildManager.java:383)
	at org.eclipse.core.internal.events.AutoBuildJob.doBuild(AutoBuildJob.java:144)
	at org.eclipse.core.internal.events.AutoBuildJob.run(AutoBuildJob.java:235)
	at org.eclipse.core.internal.jobs.Worker.run(Worker.java:55)

!ENTRY org.python.pydev.shared_core 4 4 2017-07-25 14:42:31.600
!MESSAGE Did not expect to find item below node: Assign[targets=[Name[id=class, ctx=Store, reserved=false], Name[id=height, ctx=Store, reserved=false], Name[id=version, ctx=Store, reserved=false], Name[id=viewBox, ctx=Store, reserved=false], Name[id=width, ctx=Store, reserved=false], Name[id=d, ctx=Store, reserved=false]], value=null, type=null] (module: Logger file: D:\workspace2\CryoEMFileAnalysis\Logger.py row: 576).
!STACK 0
java.lang.RuntimeException: Did not expect to find item below node: Assign[targets=[Name[id=class, ctx=Store, reserved=false], Name[id=height, ctx=Store, reserved=false], Name[id=version, ctx=Store, reserved=false], Name[id=viewBox, ctx=Store, reserved=false], Name[id=width, ctx=Store, reserved=false], Name[id=d, ctx=Store, reserved=false]], value=null, type=null] (module: Logger file: D:\workspace2\CryoEMFileAnalysis\Logger.py row: 576).
	at org.python.pydev.core.log.Log.log(Log.java:54)
	at org.python.pydev.parser.fastparser.FastDefinitionsParser.endScopesInStack(FastDefinitionsParser.java:604)
	at org.python.pydev.parser.fastparser.FastDefinitionsParser.handleNewLine(FastDefinitionsParser.java:394)
	at org.python.pydev.parser.fastparser.FastDefinitionsParser.extractBody(FastDefinitionsParser.java:259)
	at org.python.pydev.parser.fastparser.FastDefinitionsParser.parse(FastDefinitionsParser.java:691)
	at org.python.pydev.parser.fastparser.FastDefinitionsParser.parse(FastDefinitionsParser.java:685)
	at org.python.pydev.parser.fastparser.FastDefinitionsParser.parse(FastDefinitionsParser.java:676)
	at com.python.pydev.analysis.builder.AnalysisBuilderVisitor$1.call(AnalysisBuilderVisitor.java:115)
	at com.python.pydev.analysis.builder.AnalysisBuilderVisitor$1.call(AnalysisBuilderVisitor.java:1)
	at com.python.pydev.analysis.builder.AnalysisBuilderRunnable.<init>(AnalysisBuilderRunnable.java:164)
	at com.python.pydev.analysis.builder.AnalysisBuilderRunnableFactory.createRunnable(AnalysisBuilderRunnableFactory.java:222)
	at com.python.pydev.analysis.builder.AnalysisBuilderVisitor.doVisitChangedResource(AnalysisBuilderVisitor.java:180)
	at com.python.pydev.analysis.builder.AnalysisBuilderVisitor.visitChangedResource(AnalysisBuilderVisitor.java:129)
	at com.python.pydev.analysis.builder.AnalysisBuilderVisitor.visitChangedResource(AnalysisBuilderVisitor.java:45)
	at org.python.pydev.builder.PyDevBuilderVisitor.visitAddedResource(PyDevBuilderVisitor.java:308)
	at org.python.pydev.builder.PydevGrouperVisitor.visitWith(PydevGrouperVisitor.java:111)
	at org.python.pydev.builder.PydevGrouperVisitor.visitAddedResource(PydevGrouperVisitor.java:161)
	at org.python.pydev.builder.PydevGrouperVisitor.finishDelayedVisits(PydevGrouperVisitor.java:183)
	at org.python.pydev.builder.PyDevBuilder.build(PyDevBuilder.java:133)
	at org.eclipse.core.internal.events.BuildManager$2.run(BuildManager.java:735)
	at org.eclipse.core.runtime.SafeRunner.run(SafeRunner.java:42)
	at org.eclipse.core.internal.events.BuildManager.basicBuild(BuildManager.java:206)
	at org.eclipse.core.internal.events.BuildManager.basicBuild(BuildManager.java:246)
	at org.eclipse.core.internal.events.BuildManager$1.run(BuildManager.java:301)
	at org.eclipse.core.runtime.SafeRunner.run(SafeRunner.java:42)
	at org.eclipse.core.internal.events.BuildManager.basicBuild(BuildManager.java:304)
	at org.eclipse.core.internal.events.BuildManager.basicBuildLoop(BuildManager.java:360)
	at org.eclipse.core.internal.events.BuildManager.build(BuildManager.java:383)
	at org.eclipse.core.internal.events.AutoBuildJob.doBuild(AutoBuildJob.java:144)
	at org.eclipse.core.internal.events.AutoBuildJob.run(AutoBuildJob.java:235)
	at org.eclipse.core.internal.jobs.Worker.run(Worker.java:55)

!ENTRY org.python.pydev.shared_core 4 4 2017-07-25 14:42:31.601
!MESSAGE Did not expect to find item below node: Assign[targets=[Name[id=class, ctx=Store, reserved=false], Name[id=height, ctx=Store, reserved=false], Name[id=version, ctx=Store, reserved=false], Name[id=viewBox, ctx=Store, reserved=false], Name[id=width, ctx=Store, reserved=false], Name[id=d, ctx=Store, reserved=false]], value=null, type=null] (module: Logger file: D:\workspace2\CryoEMFileAnalysis\Logger.py row: 577).
!STACK 0
java.lang.RuntimeException: Did not expect to find item below node: Assign[targets=[Name[id=class, ctx=Store, reserved=false], Name[id=height, ctx=Store, reserved=false], Name[id=version, ctx=Store, reserved=false], Name[id=viewBox, ctx=Store, reserved=false], Name[id=width, ctx=Store, reserved=false], Name[id=d, ctx=Store, reserved=false]], value=null, type=null] (module: Logger file: D:\workspace2\CryoEMFileAnalysis\Logger.py row: 577).
	at org.python.pydev.core.log.Log.log(Log.java:54)
	at org.python.pydev.parser.fastparser.FastDefinitionsParser.endScopesInStack(FastDefinitionsParser.java:604)
	at org.python.pydev.parser.fastparser.FastDefinitionsParser.handleNewLine(FastDefinitionsParser.java:394)
	at org.python.pydev.parser.fastparser.FastDefinitionsParser.extractBody(FastDefinitionsParser.java:259)
	at org.python.pydev.parser.fastparser.FastDefinitionsParser.parse(FastDefinitionsParser.java:691)
	at org.python.pydev.parser.fastparser.FastDefinitionsParser.parse(FastDefinitionsParser.java:685)
	at org.python.pydev.parser.fastparser.FastDefinitionsParser.parse(FastDefinitionsParser.java:676)
	at com.python.pydev.analysis.builder.AnalysisBuilderVisitor$1.call(AnalysisBuilderVisitor.java:115)
	at com.python.pydev.analysis.builder.AnalysisBuilderVisitor$1.call(AnalysisBuilderVisitor.java:1)
	at com.python.pydev.analysis.builder.AnalysisBuilderRunnable.<init>(AnalysisBuilderRunnable.java:164)
	at com.python.pydev.analysis.builder.AnalysisBuilderRunnableFactory.createRunnable(AnalysisBuilderRunnableFactory.java:222)
	at com.python.pydev.analysis.builder.AnalysisBuilderVisitor.doVisitChangedResource(AnalysisBuilderVisitor.java:180)
	at com.python.pydev.analysis.builder.AnalysisBuilderVisitor.visitChangedResource(AnalysisBuilderVisitor.java:129)
	at com.python.pydev.analysis.builder.AnalysisBuilderVisitor.visitChangedResource(AnalysisBuilderVisitor.java:45)
	at org.python.pydev.builder.PyDevBuilderVisitor.visitAddedResource(PyDevBuilderVisitor.java:308)
	at org.python.pydev.builder.PydevGrouperVisitor.visitWith(PydevGrouperVisitor.java:111)
	at org.python.pydev.builder.PydevGrouperVisitor.visitAddedResource(PydevGrouperVisitor.java:161)
	at org.python.pydev.builder.PydevGrouperVisitor.finishDelayedVisits(PydevGrouperVisitor.java:183)
	at org.python.pydev.builder.PyDevBuilder.build(PyDevBuilder.java:133)
	at org.eclipse.core.internal.events.BuildManager$2.run(BuildManager.java:735)
	at org.eclipse.core.runtime.SafeRunner.run(SafeRunner.java:42)
	at org.eclipse.core.internal.events.BuildManager.basicBuild(BuildManager.java:206)
	at org.eclipse.core.internal.events.BuildManager.basicBuild(BuildManager.java:246)
	at org.eclipse.core.internal.events.BuildManager$1.run(BuildManager.java:301)
	at org.eclipse.core.runtime.SafeRunner.run(SafeRunner.java:42)
	at org.eclipse.core.internal.events.BuildManager.basicBuild(BuildManager.java:304)
	at org.eclipse.core.internal.events.BuildManager.basicBuildLoop(BuildManager.java:360)
	at org.eclipse.core.internal.events.BuildManager.build(BuildManager.java:383)
	at org.eclipse.core.internal.events.AutoBuildJob.doBuild(AutoBuildJob.java:144)
	at org.eclipse.core.internal.events.AutoBuildJob.run(AutoBuildJob.java:235)
	at org.eclipse.core.internal.jobs.Worker.run(Worker.java:55)

!ENTRY org.python.pydev.shared_core 4 4 2017-07-25 14:42:31.602
!MESSAGE Did not expect to find item below node: Assign[targets=[Name[id=class, ctx=Store, reserved=false], Name[id=id, ctx=Store, reserved=false]], value=null, type=null] (module: Logger file: D:\workspace2\CryoEMFileAnalysis\Logger.py row: 644).
!STACK 0
java.lang.RuntimeException: Did not expect to find item below node: Assign[targets=[Name[id=class, ctx=Store, reserved=false], Name[id=id, ctx=Store, reserved=false]], value=null, type=null] (module: Logger file: D:\workspace2\CryoEMFileAnalysis\Logger.py row: 644).
	at org.python.pydev.core.log.Log.log(Log.java:54)
	at org.python.pydev.parser.fastparser.FastDefinitionsParser.endScopesInStack(FastDefinitionsParser.java:604)
	at org.python.pydev.parser.fastparser.FastDefinitionsParser.handleNewLine(FastDefinitionsParser.java:394)
	at org.python.pydev.parser.fastparser.FastDefinitionsParser.extractBody(FastDefinitionsParser.java:259)
	at org.python.pydev.parser.fastparser.FastDefinitionsParser.parse(FastDefinitionsParser.java:691)
	at org.python.pydev.parser.fastparser.FastDefinitionsParser.parse(FastDefinitionsParser.java:685)
	at org.python.pydev.parser.fastparser.FastDefinitionsParser.parse(FastDefinitionsParser.java:676)
	at com.python.pydev.analysis.builder.AnalysisBuilderVisitor$1.call(AnalysisBuilderVisitor.java:115)
	at com.python.pydev.analysis.builder.AnalysisBuilderVisitor$1.call(AnalysisBuilderVisitor.java:1)
	at com.python.pydev.analysis.builder.AnalysisBuilderRunnable.<init>(AnalysisBuilderRunnable.java:164)
	at com.python.pydev.analysis.builder.AnalysisBuilderRunnableFactory.createRunnable(AnalysisBuilderRunnableFactory.java:222)
	at com.python.pydev.analysis.builder.AnalysisBuilderVisitor.doVisitChangedResource(AnalysisBuilderVisitor.java:180)
	at com.python.pydev.analysis.builder.AnalysisBuilderVisitor.visitChangedResource(AnalysisBuilderVisitor.java:129)
	at com.python.pydev.analysis.builder.AnalysisBuilderVisitor.visitChangedResource(AnalysisBuilderVisitor.java:45)
	at org.python.pydev.builder.PyDevBuilderVisitor.visitAddedResource(PyDevBuilderVisitor.java:308)
	at org.python.pydev.builder.PydevGrouperVisitor.visitWith(PydevGrouperVisitor.java:111)
	at org.python.pydev.builder.PydevGrouperVisitor.visitAddedResource(PydevGrouperVisitor.java:161)
	at org.python.pydev.builder.PydevGrouperVisitor.finishDelayedVisits(PydevGrouperVisitor.java:183)
	at org.python.pydev.builder.PyDevBuilder.build(PyDevBuilder.java:133)
	at org.eclipse.core.internal.events.BuildManager$2.run(BuildManager.java:735)
	at org.eclipse.core.runtime.SafeRunner.run(SafeRunner.java:42)
	at org.eclipse.core.internal.events.BuildManager.basicBuild(BuildManager.java:206)
	at org.eclipse.core.internal.events.BuildManager.basicBuild(BuildManager.java:246)
	at org.eclipse.core.internal.events.BuildManager$1.run(BuildManager.java:301)
	at org.eclipse.core.runtime.SafeRunner.run(SafeRunner.java:42)
	at org.eclipse.core.internal.events.BuildManager.basicBuild(BuildManager.java:304)
	at org.eclipse.core.internal.events.BuildManager.basicBuildLoop(BuildManager.java:360)
	at org.eclipse.core.internal.events.BuildManager.build(BuildManager.java:383)
	at org.eclipse.core.internal.events.AutoBuildJob.doBuild(AutoBuildJob.java:144)
	at org.eclipse.core.internal.events.AutoBuildJob.run(AutoBuildJob.java:235)
	at org.eclipse.core.internal.jobs.Worker.run(Worker.java:55)

!ENTRY org.python.pydev.shared_core 4 4 2017-07-25 14:42:31.603
!MESSAGE Did not expect to find item below node: Assign[targets=[Name[id=class, ctx=Store, reserved=false]], value=null, type=null] (module: Logger file: D:\workspace2\CryoEMFileAnalysis\Logger.py row: 679).
!STACK 0
java.lang.RuntimeException: Did not expect to find item below node: Assign[targets=[Name[id=class, ctx=Store, reserved=false]], value=null, type=null] (module: Logger file: D:\workspace2\CryoEMFileAnalysis\Logger.py row: 679).
	at org.python.pydev.core.log.Log.log(Log.java:54)
	at org.python.pydev.parser.fastparser.FastDefinitionsParser.endScopesInStack(FastDefinitionsParser.java:604)
	at org.python.pydev.parser.fastparser.FastDefinitionsParser.handleNewLine(FastDefinitionsParser.java:394)
	at org.python.pydev.parser.fastparser.FastDefinitionsParser.extractBody(FastDefinitionsParser.java:259)
	at org.python.pydev.parser.fastparser.FastDefinitionsParser.parse(FastDefinitionsParser.java:691)
	at org.python.pydev.parser.fastparser.FastDefinitionsParser.parse(FastDefinitionsParser.java:685)
	at org.python.pydev.parser.fastparser.FastDefinitionsParser.parse(FastDefinitionsParser.java:676)
	at com.python.pydev.analysis.builder.AnalysisBuilderVisitor$1.call(AnalysisBuilderVisitor.java:115)
	at com.python.pydev.analysis.builder.AnalysisBuilderVisitor$1.call(AnalysisBuilderVisitor.java:1)
	at com.python.pydev.analysis.builder.AnalysisBuilderRunnable.<init>(AnalysisBuilderRunnable.java:164)
	at com.python.pydev.analysis.builder.AnalysisBuilderRunnableFactory.createRunnable(AnalysisBuilderRunnableFactory.java:222)
	at com.python.pydev.analysis.builder.AnalysisBuilderVisitor.doVisitChangedResource(AnalysisBuilderVisitor.java:180)
	at com.python.pydev.analysis.builder.AnalysisBuilderVisitor.visitChangedResource(AnalysisBuilderVisitor.java:129)
	at com.python.pydev.analysis.builder.AnalysisBuilderVisitor.visitChangedResource(AnalysisBuilderVisitor.java:45)
	at org.python.pydev.builder.PyDevBuilderVisitor.visitAddedResource(PyDevBuilderVisitor.java:308)
	at org.python.pydev.builder.PydevGrouperVisitor.visitWith(PydevGrouperVisitor.java:111)
	at org.python.pydev.builder.PydevGrouperVisitor.visitAddedResource(PydevGrouperVisitor.java:161)
	at org.python.pydev.builder.PydevGrouperVisitor.finishDelayedVisits(PydevGrouperVisitor.java:183)
	at org.python.pydev.builder.PyDevBuilder.build(PyDevBuilder.java:133)
	at org.eclipse.core.internal.events.BuildManager$2.run(BuildManager.java:735)
	at org.eclipse.core.runtime.SafeRunner.run(SafeRunner.java:42)
	at org.eclipse.core.internal.events.BuildManager.basicBuild(BuildManager.java:206)
	at org.eclipse.core.internal.events.BuildManager.basicBuild(BuildManager.java:246)
	at org.eclipse.core.internal.events.BuildManager$1.run(BuildManager.java:301)
	at org.eclipse.core.runtime.SafeRunner.run(SafeRunner.java:42)
	at org.eclipse.core.internal.events.BuildManager.basicBuild(BuildManager.java:304)
	at org.eclipse.core.internal.events.BuildManager.basicBuildLoop(BuildManager.java:360)
	at org.eclipse.core.internal.events.BuildManager.build(BuildManager.java:383)
	at org.eclipse.core.internal.events.AutoBuildJob.doBuild(AutoBuildJob.java:144)
	at org.eclipse.core.internal.events.AutoBuildJob.run(AutoBuildJob.java:235)
	at org.eclipse.core.internal.jobs.Worker.run(Worker.java:55)

!ENTRY org.python.pydev.shared_core 4 4 2017-07-25 14:42:31.605
!MESSAGE Did not expect to find item below node: Assign[targets=[Name[id=class, ctx=Store, reserved=false]], value=null, type=null] (module: Logger file: D:\workspace2\CryoEMFileAnalysis\Logger.py row: 680).
!STACK 0
java.lang.RuntimeException: Did not expect to find item below node: Assign[targets=[Name[id=class, ctx=Store, reserved=false]], value=null, type=null] (module: Logger file: D:\workspace2\CryoEMFileAnalysis\Logger.py row: 680).
	at org.python.pydev.core.log.Log.log(Log.java:54)
	at org.python.pydev.parser.fastparser.FastDefinitionsParser.endScopesInStack(FastDefinitionsParser.java:604)
	at org.python.pydev.parser.fastparser.FastDefinitionsParser.handleNewLine(FastDefinitionsParser.java:394)
	at org.python.pydev.parser.fastparser.FastDefinitionsParser.extractBody(FastDefinitionsParser.java:259)
	at org.python.pydev.parser.fastparser.FastDefinitionsParser.parse(FastDefinitionsParser.java:691)
	at org.python.pydev.parser.fastparser.FastDefinitionsParser.parse(FastDefinitionsParser.java:685)
	at org.python.pydev.parser.fastparser.FastDefinitionsParser.parse(FastDefinitionsParser.java:676)
	at com.python.pydev.analysis.builder.AnalysisBuilderVisitor$1.call(AnalysisBuilderVisitor.java:115)
	at com.python.pydev.analysis.builder.AnalysisBuilderVisitor$1.call(AnalysisBuilderVisitor.java:1)
	at com.python.pydev.analysis.builder.AnalysisBuilderRunnable.<init>(AnalysisBuilderRunnable.java:164)
	at com.python.pydev.analysis.builder.AnalysisBuilderRunnableFactory.createRunnable(AnalysisBuilderRunnableFactory.java:222)
	at com.python.pydev.analysis.builder.AnalysisBuilderVisitor.doVisitChangedResource(AnalysisBuilderVisitor.java:180)
	at com.python.pydev.analysis.builder.AnalysisBuilderVisitor.visitChangedResource(AnalysisBuilderVisitor.java:129)
	at com.python.pydev.analysis.builder.AnalysisBuilderVisitor.visitChangedResource(AnalysisBuilderVisitor.java:45)
	at org.python.pydev.builder.PyDevBuilderVisitor.visitAddedResource(PyDevBuilderVisitor.java:308)
	at org.python.pydev.builder.PydevGrouperVisitor.visitWith(PydevGrouperVisitor.java:111)
	at org.python.pydev.builder.PydevGrouperVisitor.visitAddedResource(PydevGrouperVisitor.java:161)
	at org.python.pydev.builder.PydevGrouperVisitor.finishDelayedVisits(PydevGrouperVisitor.java:183)
	at org.python.pydev.builder.PyDevBuilder.build(PyDevBuilder.java:133)
	at org.eclipse.core.internal.events.BuildManager$2.run(BuildManager.java:735)
	at org.eclipse.core.runtime.SafeRunner.run(SafeRunner.java:42)
	at org.eclipse.core.internal.events.BuildManager.basicBuild(BuildManager.java:206)
	at org.eclipse.core.internal.events.BuildManager.basicBuild(BuildManager.java:246)
	at org.eclipse.core.internal.events.BuildManager$1.run(BuildManager.java:301)
	at org.eclipse.core.runtime.SafeRunner.run(SafeRunner.java:42)
	at org.eclipse.core.internal.events.BuildManager.basicBuild(BuildManager.java:304)
	at org.eclipse.core.internal.events.BuildManager.basicBuildLoop(BuildManager.java:360)
	at org.eclipse.core.internal.events.BuildManager.build(BuildManager.java:383)
	at org.eclipse.core.internal.events.AutoBuildJob.doBuild(AutoBuildJob.java:144)
	at org.eclipse.core.internal.events.AutoBuildJob.run(AutoBuildJob.java:235)
	at org.eclipse.core.internal.jobs.Worker.run(Worker.java:55)

!ENTRY org.python.pydev.shared_core 4 4 2017-07-25 14:42:31.606
!MESSAGE Did not expect to find item below node: Assign[targets=[Name[id=class, ctx=Store, reserved=false]], value=null, type=null] (module: Logger file: D:\workspace2\CryoEMFileAnalysis\Logger.py row: 683).
!STACK 0
java.lang.RuntimeException: Did not expect to find item below node: Assign[targets=[Name[id=class, ctx=Store, reserved=false]], value=null, type=null] (module: Logger file: D:\workspace2\CryoEMFileAnalysis\Logger.py row: 683).
	at org.python.pydev.core.log.Log.log(Log.java:54)
	at org.python.pydev.parser.fastparser.FastDefinitionsParser.endScopesInStack(FastDefinitionsParser.java:604)
	at org.python.pydev.parser.fastparser.FastDefinitionsParser.handleNewLine(FastDefinitionsParser.java:394)
	at org.python.pydev.parser.fastparser.FastDefinitionsParser.extractBody(FastDefinitionsParser.java:259)
	at org.python.pydev.parser.fastparser.FastDefinitionsParser.parse(FastDefinitionsParser.java:691)
	at org.python.pydev.parser.fastparser.FastDefinitionsParser.parse(FastDefinitionsParser.java:685)
	at org.python.pydev.parser.fastparser.FastDefinitionsParser.parse(FastDefinitionsParser.java:676)
	at com.python.pydev.analysis.builder.AnalysisBuilderVisitor$1.call(AnalysisBuilderVisitor.java:115)
	at com.python.pydev.analysis.builder.AnalysisBuilderVisitor$1.call(AnalysisBuilderVisitor.java:1)
	at com.python.pydev.analysis.builder.AnalysisBuilderRunnable.<init>(AnalysisBuilderRunnable.java:164)
	at com.python.pydev.analysis.builder.AnalysisBuilderRunnableFactory.createRunnable(AnalysisBuilderRunnableFactory.java:222)
	at com.python.pydev.analysis.builder.AnalysisBuilderVisitor.doVisitChangedResource(AnalysisBuilderVisitor.java:180)
	at com.python.pydev.analysis.builder.AnalysisBuilderVisitor.visitChangedResource(AnalysisBuilderVisitor.java:129)
	at com.python.pydev.analysis.builder.AnalysisBuilderVisitor.visitChangedResource(AnalysisBuilderVisitor.java:45)
	at org.python.pydev.builder.PyDevBuilderVisitor.visitAddedResource(PyDevBuilderVisitor.java:308)
	at org.python.pydev.builder.PydevGrouperVisitor.visitWith(PydevGrouperVisitor.java:111)
	at org.python.pydev.builder.PydevGrouperVisitor.visitAddedResource(PydevGrouperVisitor.java:161)
	at org.python.pydev.builder.PydevGrouperVisitor.finishDelayedVisits(PydevGrouperVisitor.java:183)
	at org.python.pydev.builder.PyDevBuilder.build(PyDevBuilder.java:133)
	at org.eclipse.core.internal.events.BuildManager$2.run(BuildManager.java:735)
	at org.eclipse.core.runtime.SafeRunner.run(SafeRunner.java:42)
	at org.eclipse.core.internal.events.BuildManager.basicBuild(BuildManager.java:206)
	at org.eclipse.core.internal.events.BuildManager.basicBuild(BuildManager.java:246)
	at org.eclipse.core.internal.events.BuildManager$1.run(BuildManager.java:301)
	at org.eclipse.core.runtime.SafeRunner.run(SafeRunner.java:42)
	at org.eclipse.core.internal.events.BuildManager.basicBuild(BuildManager.java:304)
	at org.eclipse.core.internal.events.BuildManager.basicBuildLoop(BuildManager.java:360)
	at org.eclipse.core.internal.events.BuildManager.build(BuildManager.java:383)
	at org.eclipse.core.internal.events.AutoBuildJob.doBuild(AutoBuildJob.java:144)
	at org.eclipse.core.internal.events.AutoBuildJob.run(AutoBuildJob.java:235)
	at org.eclipse.core.internal.jobs.Worker.run(Worker.java:55)

!ENTRY org.python.pydev.shared_core 4 4 2017-07-25 14:42:31.607
!MESSAGE Did not expect to find item below node: Assign[targets=[Name[id=class, ctx=Store, reserved=false]], value=null, type=null] (module: Logger file: D:\workspace2\CryoEMFileAnalysis\Logger.py row: 684).
!STACK 0
java.lang.RuntimeException: Did not expect to find item below node: Assign[targets=[Name[id=class, ctx=Store, reserved=false]], value=null, type=null] (module: Logger file: D:\workspace2\CryoEMFileAnalysis\Logger.py row: 684).
	at org.python.pydev.core.log.Log.log(Log.java:54)
	at org.python.pydev.parser.fastparser.FastDefinitionsParser.endScopesInStack(FastDefinitionsParser.java:604)
	at org.python.pydev.parser.fastparser.FastDefinitionsParser.handleNewLine(FastDefinitionsParser.java:394)
	at org.python.pydev.parser.fastparser.FastDefinitionsParser.extractBody(FastDefinitionsParser.java:259)
	at org.python.pydev.parser.fastparser.FastDefinitionsParser.parse(FastDefinitionsParser.java:691)
	at org.python.pydev.parser.fastparser.FastDefinitionsParser.parse(FastDefinitionsParser.java:685)
	at org.python.pydev.parser.fastparser.FastDefinitionsParser.parse(FastDefinitionsParser.java:676)
	at com.python.pydev.analysis.builder.AnalysisBuilderVisitor$1.call(AnalysisBuilderVisitor.java:115)
	at com.python.pydev.analysis.builder.AnalysisBuilderVisitor$1.call(AnalysisBuilderVisitor.java:1)
	at com.python.pydev.analysis.builder.AnalysisBuilderRunnable.<init>(AnalysisBuilderRunnable.java:164)
	at com.python.pydev.analysis.builder.AnalysisBuilderRunnableFactory.createRunnable(AnalysisBuilderRunnableFactory.java:222)
	at com.python.pydev.analysis.builder.AnalysisBuilderVisitor.doVisitChangedResource(AnalysisBuilderVisitor.java:180)
	at com.python.pydev.analysis.builder.AnalysisBuilderVisitor.visitChangedResource(AnalysisBuilderVisitor.java:129)
	at com.python.pydev.analysis.builder.AnalysisBuilderVisitor.visitChangedResource(AnalysisBuilderVisitor.java:45)
	at org.python.pydev.builder.PyDevBuilderVisitor.visitAddedResource(PyDevBuilderVisitor.java:308)
	at org.python.pydev.builder.PydevGrouperVisitor.visitWith(PydevGrouperVisitor.java:111)
	at org.python.pydev.builder.PydevGrouperVisitor.visitAddedResource(PydevGrouperVisitor.java:161)
	at org.python.pydev.builder.PydevGrouperVisitor.finishDelayedVisits(PydevGrouperVisitor.java:183)
	at org.python.pydev.builder.PyDevBuilder.build(PyDevBuilder.java:133)
	at org.eclipse.core.internal.events.BuildManager$2.run(BuildManager.java:735)
	at org.eclipse.core.runtime.SafeRunner.run(SafeRunner.java:42)
	at org.eclipse.core.internal.events.BuildManager.basicBuild(BuildManager.java:206)
	at org.eclipse.core.internal.events.BuildManager.basicBuild(BuildManager.java:246)
	at org.eclipse.core.internal.events.BuildManager$1.run(BuildManager.java:301)
	at org.eclipse.core.runtime.SafeRunner.run(SafeRunner.java:42)
	at org.eclipse.core.internal.events.BuildManager.basicBuild(BuildManager.java:304)
	at org.eclipse.core.internal.events.BuildManager.basicBuildLoop(BuildManager.java:360)
	at org.eclipse.core.internal.events.BuildManager.build(BuildManager.java:383)
	at org.eclipse.core.internal.events.AutoBuildJob.doBuild(AutoBuildJob.java:144)
	at org.eclipse.core.internal.events.AutoBuildJob.run(AutoBuildJob.java:235)
	at org.eclipse.core.internal.jobs.Worker.run(Worker.java:55)

!ENTRY org.python.pydev.shared_core 4 4 2017-07-25 14:42:31.609
!MESSAGE Did not expect to find item below node: Assign[targets=[Name[id=class, ctx=Store, reserved=false]], value=null, type=null] (module: Logger file: D:\workspace2\CryoEMFileAnalysis\Logger.py row: 1003).
!STACK 0
java.lang.RuntimeException: Did not expect to find item below node: Assign[targets=[Name[id=class, ctx=Store, reserved=false]], value=null, type=null] (module: Logger file: D:\workspace2\CryoEMFileAnalysis\Logger.py row: 1003).
	at org.python.pydev.core.log.Log.log(Log.java:54)
	at org.python.pydev.parser.fastparser.FastDefinitionsParser.endScopesInStack(FastDefinitionsParser.java:604)
	at org.python.pydev.parser.fastparser.FastDefinitionsParser.handleNewLine(FastDefinitionsParser.java:394)
	at org.python.pydev.parser.fastparser.FastDefinitionsParser.extractBody(FastDefinitionsParser.java:259)
	at org.python.pydev.parser.fastparser.FastDefinitionsParser.parse(FastDefinitionsParser.java:691)
	at org.python.pydev.parser.fastparser.FastDefinitionsParser.parse(FastDefinitionsParser.java:685)
	at org.python.pydev.parser.fastparser.FastDefinitionsParser.parse(FastDefinitionsParser.java:676)
	at com.python.pydev.analysis.builder.AnalysisBuilderVisitor$1.call(AnalysisBuilderVisitor.java:115)
	at com.python.pydev.analysis.builder.AnalysisBuilderVisitor$1.call(AnalysisBuilderVisitor.java:1)
	at com.python.pydev.analysis.builder.AnalysisBuilderRunnable.<init>(AnalysisBuilderRunnable.java:164)
	at com.python.pydev.analysis.builder.AnalysisBuilderRunnableFactory.createRunnable(AnalysisBuilderRunnableFactory.java:222)
	at com.python.pydev.analysis.builder.AnalysisBuilderVisitor.doVisitChangedResource(AnalysisBuilderVisitor.java:180)
	at com.python.pydev.analysis.builder.AnalysisBuilderVisitor.visitChangedResource(AnalysisBuilderVisitor.java:129)
	at com.python.pydev.analysis.builder.AnalysisBuilderVisitor.visitChangedResource(AnalysisBuilderVisitor.java:45)
	at org.python.pydev.builder.PyDevBuilderVisitor.visitAddedResource(PyDevBuilderVisitor.java:308)
	at org.python.pydev.builder.PydevGrouperVisitor.visitWith(PydevGrouperVisitor.java:111)
	at org.python.pydev.builder.PydevGrouperVisitor.visitAddedResource(PydevGrouperVisitor.java:161)
	at org.python.pydev.builder.PydevGrouperVisitor.finishDelayedVisits(PydevGrouperVisitor.java:183)
	at org.python.pydev.builder.PyDevBuilder.build(PyDevBuilder.java:133)
	at org.eclipse.core.internal.events.BuildManager$2.run(BuildManager.java:735)
	at org.eclipse.core.runtime.SafeRunner.run(SafeRunner.java:42)
	at org.eclipse.core.internal.events.BuildManager.basicBuild(BuildManager.java:206)
	at org.eclipse.core.internal.events.BuildManager.basicBuild(BuildManager.java:246)
	at org.eclipse.core.internal.events.BuildManager$1.run(BuildManager.java:301)
	at org.eclipse.core.runtime.SafeRunner.run(SafeRunner.java:42)
	at org.eclipse.core.internal.events.BuildManager.basicBuild(BuildManager.java:304)
	at org.eclipse.core.internal.events.BuildManager.basicBuildLoop(BuildManager.java:360)
	at org.eclipse.core.internal.events.BuildManager.build(BuildManager.java:383)
	at org.eclipse.core.internal.events.AutoBuildJob.doBuild(AutoBuildJob.java:144)
	at org.eclipse.core.internal.events.AutoBuildJob.run(AutoBuildJob.java:235)
	at org.eclipse.core.internal.jobs.Worker.run(Worker.java:55)

!ENTRY org.python.pydev.shared_core 4 4 2017-07-25 14:44:37.623
!MESSAGE Did not expect to find item below node: Assign[targets=[Name[id=logger, ctx=Store, reserved=false]], value=null, type=null] (module: FileAnalysis file: D:\workspace2\CryoEMFileAnalysis\FileAnalysis.py row: 49).
!STACK 0
java.lang.RuntimeException: Did not expect to find item below node: Assign[targets=[Name[id=logger, ctx=Store, reserved=false]], value=null, type=null] (module: FileAnalysis file: D:\workspace2\CryoEMFileAnalysis\FileAnalysis.py row: 49).
	at org.python.pydev.core.log.Log.log(Log.java:54)
	at org.python.pydev.parser.fastparser.FastDefinitionsParser.endScopesInStack(FastDefinitionsParser.java:604)
	at org.python.pydev.parser.fastparser.FastDefinitionsParser.handleNewLine(FastDefinitionsParser.java:394)
	at org.python.pydev.parser.fastparser.FastDefinitionsParser.extractBody(FastDefinitionsParser.java:259)
	at org.python.pydev.parser.fastparser.FastDefinitionsParser.parse(FastDefinitionsParser.java:691)
	at org.python.pydev.parser.fastparser.FastDefinitionsParser.parse(FastDefinitionsParser.java:685)
	at org.python.pydev.parser.fastparser.FastDefinitionsParser.parse(FastDefinitionsParser.java:676)
	at com.python.pydev.analysis.builder.AnalysisBuilderVisitor$1.call(AnalysisBuilderVisitor.java:115)
	at com.python.pydev.analysis.builder.AnalysisBuilderVisitor$1.call(AnalysisBuilderVisitor.java:1)
	at com.python.pydev.analysis.builder.AnalysisBuilderRunnable.<init>(AnalysisBuilderRunnable.java:164)
	at com.python.pydev.analysis.builder.AnalysisBuilderRunnableFactory.createRunnable(AnalysisBuilderRunnableFactory.java:222)
	at com.python.pydev.analysis.builder.AnalysisBuilderVisitor.doVisitChangedResource(AnalysisBuilderVisitor.java:180)
	at com.python.pydev.analysis.builder.AnalysisBuilderVisitor.visitChangedResource(AnalysisBuilderVisitor.java:129)
	at com.python.pydev.analysis.builder.AnalysisBuilderVisitor.visitChangedResource(AnalysisBuilderVisitor.java:45)
	at org.python.pydev.builder.PydevGrouperVisitor.visitWith(PydevGrouperVisitor.java:115)
	at org.python.pydev.builder.PydevGrouperVisitor.visitChangedResource(PydevGrouperVisitor.java:166)
	at org.python.pydev.builder.PydevGrouperVisitor.finishDelayedVisits(PydevGrouperVisitor.java:190)
	at org.python.pydev.builder.PyDevBuilder.build(PyDevBuilder.java:133)
	at org.eclipse.core.internal.events.BuildManager$2.run(BuildManager.java:735)
	at org.eclipse.core.runtime.SafeRunner.run(SafeRunner.java:42)
	at org.eclipse.core.internal.events.BuildManager.basicBuild(BuildManager.java:206)
	at org.eclipse.core.internal.events.BuildManager.basicBuild(BuildManager.java:246)
	at org.eclipse.core.internal.events.BuildManager$1.run(BuildManager.java:301)
	at org.eclipse.core.runtime.SafeRunner.run(SafeRunner.java:42)
	at org.eclipse.core.internal.events.BuildManager.basicBuild(BuildManager.java:304)
	at org.eclipse.core.internal.events.BuildManager.basicBuildLoop(BuildManager.java:360)
	at org.eclipse.core.internal.events.BuildManager.build(BuildManager.java:383)
	at org.eclipse.core.internal.events.AutoBuildJob.doBuild(AutoBuildJob.java:144)
	at org.eclipse.core.internal.events.AutoBuildJob.run(AutoBuildJob.java:235)
	at org.eclipse.core.internal.jobs.Worker.run(Worker.java:55)

!ENTRY org.python.pydev.shared_core 4 4 2017-07-25 14:44:37.629
!MESSAGE Did not expect to find item below node: Assign[targets=[Name[id=logger, ctx=Store, reserved=false]], value=null, type=null] (module: FileAnalysis file: D:\workspace2\CryoEMFileAnalysis\FileAnalysis.py row: 50).
!STACK 0
java.lang.RuntimeException: Did not expect to find item below node: Assign[targets=[Name[id=logger, ctx=Store, reserved=false]], value=null, type=null] (module: FileAnalysis file: D:\workspace2\CryoEMFileAnalysis\FileAnalysis.py row: 50).
	at org.python.pydev.core.log.Log.log(Log.java:54)
	at org.python.pydev.parser.fastparser.FastDefinitionsParser.endScopesInStack(FastDefinitionsParser.java:604)
	at org.python.pydev.parser.fastparser.FastDefinitionsParser.handleNewLine(FastDefinitionsParser.java:394)
	at org.python.pydev.parser.fastparser.FastDefinitionsParser.extractBody(FastDefinitionsParser.java:259)
	at org.python.pydev.parser.fastparser.FastDefinitionsParser.parse(FastDefinitionsParser.java:691)
	at org.python.pydev.parser.fastparser.FastDefinitionsParser.parse(FastDefinitionsParser.java:685)
	at org.python.pydev.parser.fastparser.FastDefinitionsParser.parse(FastDefinitionsParser.java:676)
	at com.python.pydev.analysis.builder.AnalysisBuilderVisitor$1.call(AnalysisBuilderVisitor.java:115)
	at com.python.pydev.analysis.builder.AnalysisBuilderVisitor$1.call(AnalysisBuilderVisitor.java:1)
	at com.python.pydev.analysis.builder.AnalysisBuilderRunnable.<init>(AnalysisBuilderRunnable.java:164)
	at com.python.pydev.analysis.builder.AnalysisBuilderRunnableFactory.createRunnable(AnalysisBuilderRunnableFactory.java:222)
	at com.python.pydev.analysis.builder.AnalysisBuilderVisitor.doVisitChangedResource(AnalysisBuilderVisitor.java:180)
	at com.python.pydev.analysis.builder.AnalysisBuilderVisitor.visitChangedResource(AnalysisBuilderVisitor.java:129)
	at com.python.pydev.analysis.builder.AnalysisBuilderVisitor.visitChangedResource(AnalysisBuilderVisitor.java:45)
	at org.python.pydev.builder.PydevGrouperVisitor.visitWith(PydevGrouperVisitor.java:115)
	at org.python.pydev.builder.PydevGrouperVisitor.visitChangedResource(PydevGrouperVisitor.java:166)
	at org.python.pydev.builder.PydevGrouperVisitor.finishDelayedVisits(PydevGrouperVisitor.java:190)
	at org.python.pydev.builder.PyDevBuilder.build(PyDevBuilder.java:133)
	at org.eclipse.core.internal.events.BuildManager$2.run(BuildManager.java:735)
	at org.eclipse.core.runtime.SafeRunner.run(SafeRunner.java:42)
	at org.eclipse.core.internal.events.BuildManager.basicBuild(BuildManager.java:206)
	at org.eclipse.core.internal.events.BuildManager.basicBuild(BuildManager.java:246)
	at org.eclipse.core.internal.events.BuildManager$1.run(BuildManager.java:301)
	at org.eclipse.core.runtime.SafeRunner.run(SafeRunner.java:42)
	at org.eclipse.core.internal.events.BuildManager.basicBuild(BuildManager.java:304)
	at org.eclipse.core.internal.events.BuildManager.basicBuildLoop(BuildManager.java:360)
	at org.eclipse.core.internal.events.BuildManager.build(BuildManager.java:383)
	at org.eclipse.core.internal.events.AutoBuildJob.doBuild(AutoBuildJob.java:144)
	at org.eclipse.core.internal.events.AutoBuildJob.run(AutoBuildJob.java:235)
	at org.eclipse.core.internal.jobs.Worker.run(Worker.java:55)

!ENTRY org.python.pydev.shared_core 4 4 2017-07-25 14:44:37.633
!MESSAGE Did not expect to find item below node: Assign[targets=[Name[id=logger, ctx=Store, reserved=false]], value=null, type=null] (module: FileAnalysis file: D:\workspace2\CryoEMFileAnalysis\FileAnalysis.py row: 52).
!STACK 0
java.lang.RuntimeException: Did not expect to find item below node: Assign[targets=[Name[id=logger, ctx=Store, reserved=false]], value=null, type=null] (module: FileAnalysis file: D:\workspace2\CryoEMFileAnalysis\FileAnalysis.py row: 52).
	at org.python.pydev.core.log.Log.log(Log.java:54)
	at org.python.pydev.parser.fastparser.FastDefinitionsParser.endScopesInStack(FastDefinitionsParser.java:604)
	at org.python.pydev.parser.fastparser.FastDefinitionsParser.handleNewLine(FastDefinitionsParser.java:394)
	at org.python.pydev.parser.fastparser.FastDefinitionsParser.extractBody(FastDefinitionsParser.java:259)
	at org.python.pydev.parser.fastparser.FastDefinitionsParser.parse(FastDefinitionsParser.java:691)
	at org.python.pydev.parser.fastparser.FastDefinitionsParser.parse(FastDefinitionsParser.java:685)
	at org.python.pydev.parser.fastparser.FastDefinitionsParser.parse(FastDefinitionsParser.java:676)
	at com.python.pydev.analysis.builder.AnalysisBuilderVisitor$1.call(AnalysisBuilderVisitor.java:115)
	at com.python.pydev.analysis.builder.AnalysisBuilderVisitor$1.call(AnalysisBuilderVisitor.java:1)
	at com.python.pydev.analysis.builder.AnalysisBuilderRunnable.<init>(AnalysisBuilderRunnable.java:164)
	at com.python.pydev.analysis.builder.AnalysisBuilderRunnableFactory.createRunnable(AnalysisBuilderRunnableFactory.java:222)
	at com.python.pydev.analysis.builder.AnalysisBuilderVisitor.doVisitChangedResource(AnalysisBuilderVisitor.java:180)
	at com.python.pydev.analysis.builder.AnalysisBuilderVisitor.visitChangedResource(AnalysisBuilderVisitor.java:129)
	at com.python.pydev.analysis.builder.AnalysisBuilderVisitor.visitChangedResource(AnalysisBuilderVisitor.java:45)
	at org.python.pydev.builder.PydevGrouperVisitor.visitWith(PydevGrouperVisitor.java:115)
	at org.python.pydev.builder.PydevGrouperVisitor.visitChangedResource(PydevGrouperVisitor.java:166)
	at org.python.pydev.builder.PydevGrouperVisitor.finishDelayedVisits(PydevGrouperVisitor.java:190)
	at org.python.pydev.builder.PyDevBuilder.build(PyDevBuilder.java:133)
	at org.eclipse.core.internal.events.BuildManager$2.run(BuildManager.java:735)
	at org.eclipse.core.runtime.SafeRunner.run(SafeRunner.java:42)
	at org.eclipse.core.internal.events.BuildManager.basicBuild(BuildManager.java:206)
	at org.eclipse.core.internal.events.BuildManager.basicBuild(BuildManager.java:246)
	at org.eclipse.core.internal.events.BuildManager$1.run(BuildManager.java:301)
	at org.eclipse.core.runtime.SafeRunner.run(SafeRunner.java:42)
	at org.eclipse.core.internal.events.BuildManager.basicBuild(BuildManager.java:304)
	at org.eclipse.core.internal.events.BuildManager.basicBuildLoop(BuildManager.java:360)
	at org.eclipse.core.internal.events.BuildManager.build(BuildManager.java:383)
	at org.eclipse.core.internal.events.AutoBuildJob.doBuild(AutoBuildJob.java:144)
	at org.eclipse.core.internal.events.AutoBuildJob.run(AutoBuildJob.java:235)
	at org.eclipse.core.internal.jobs.Worker.run(Worker.java:55)

!ENTRY org.python.pydev.shared_core 4 4 2017-07-25 14:44:37.635
!MESSAGE Did not expect to find item below node: Assign[targets=[Name[id=logger, ctx=Store, reserved=false]], value=null, type=null] (module: FileAnalysis file: D:\workspace2\CryoEMFileAnalysis\FileAnalysis.py row: 56).
!STACK 0
java.lang.RuntimeException: Did not expect to find item below node: Assign[targets=[Name[id=logger, ctx=Store, reserved=false]], value=null, type=null] (module: FileAnalysis file: D:\workspace2\CryoEMFileAnalysis\FileAnalysis.py row: 56).
	at org.python.pydev.core.log.Log.log(Log.java:54)
	at org.python.pydev.parser.fastparser.FastDefinitionsParser.endScopesInStack(FastDefinitionsParser.java:604)
	at org.python.pydev.parser.fastparser.FastDefinitionsParser.handleNewLine(FastDefinitionsParser.java:394)
	at org.python.pydev.parser.fastparser.FastDefinitionsParser.extractBody(FastDefinitionsParser.java:259)
	at org.python.pydev.parser.fastparser.FastDefinitionsParser.parse(FastDefinitionsParser.java:691)
	at org.python.pydev.parser.fastparser.FastDefinitionsParser.parse(FastDefinitionsParser.java:685)
	at org.python.pydev.parser.fastparser.FastDefinitionsParser.parse(FastDefinitionsParser.java:676)
	at com.python.pydev.analysis.builder.AnalysisBuilderVisitor$1.call(AnalysisBuilderVisitor.java:115)
	at com.python.pydev.analysis.builder.AnalysisBuilderVisitor$1.call(AnalysisBuilderVisitor.java:1)
	at com.python.pydev.analysis.builder.AnalysisBuilderRunnable.<init>(AnalysisBuilderRunnable.java:164)
	at com.python.pydev.analysis.builder.AnalysisBuilderRunnableFactory.createRunnable(AnalysisBuilderRunnableFactory.java:222)
	at com.python.pydev.analysis.builder.AnalysisBuilderVisitor.doVisitChangedResource(AnalysisBuilderVisitor.java:180)
	at com.python.pydev.analysis.builder.AnalysisBuilderVisitor.visitChangedResource(AnalysisBuilderVisitor.java:129)
	at com.python.pydev.analysis.builder.AnalysisBuilderVisitor.visitChangedResource(AnalysisBuilderVisitor.java:45)
	at org.python.pydev.builder.PydevGrouperVisitor.visitWith(PydevGrouperVisitor.java:115)
	at org.python.pydev.builder.PydevGrouperVisitor.visitChangedResource(PydevGrouperVisitor.java:166)
	at org.python.pydev.builder.PydevGrouperVisitor.finishDelayedVisits(PydevGrouperVisitor.java:190)
	at org.python.pydev.builder.PyDevBuilder.build(PyDevBuilder.java:133)
	at org.eclipse.core.internal.events.BuildManager$2.run(BuildManager.java:735)
	at org.eclipse.core.runtime.SafeRunner.run(SafeRunner.java:42)
	at org.eclipse.core.internal.events.BuildManager.basicBuild(BuildManager.java:206)
	at org.eclipse.core.internal.events.BuildManager.basicBuild(BuildManager.java:246)
	at org.eclipse.core.internal.events.BuildManager$1.run(BuildManager.java:301)
	at org.eclipse.core.runtime.SafeRunner.run(SafeRunner.java:42)
	at org.eclipse.core.internal.events.BuildManager.basicBuild(BuildManager.java:304)
	at org.eclipse.core.internal.events.BuildManager.basicBuildLoop(BuildManager.java:360)
	at org.eclipse.core.internal.events.BuildManager.build(BuildManager.java:383)
	at org.eclipse.core.internal.events.AutoBuildJob.doBuild(AutoBuildJob.java:144)
	at org.eclipse.core.internal.events.AutoBuildJob.run(AutoBuildJob.java:235)
	at org.eclipse.core.internal.jobs.Worker.run(Worker.java:55)

!ENTRY org.python.pydev.shared_core 4 4 2017-07-25 14:44:37.637
!MESSAGE Did not expect to find item below node: Assign[targets=[Name[id=logger, ctx=Store, reserved=false]], value=null, type=null] (module: FileAnalysis file: D:\workspace2\CryoEMFileAnalysis\FileAnalysis.py row: 57).
!STACK 0
java.lang.RuntimeException: Did not expect to find item below node: Assign[targets=[Name[id=logger, ctx=Store, reserved=false]], value=null, type=null] (module: FileAnalysis file: D:\workspace2\CryoEMFileAnalysis\FileAnalysis.py row: 57).
	at org.python.pydev.core.log.Log.log(Log.java:54)
	at org.python.pydev.parser.fastparser.FastDefinitionsParser.endScopesInStack(FastDefinitionsParser.java:604)
	at org.python.pydev.parser.fastparser.FastDefinitionsParser.handleNewLine(FastDefinitionsParser.java:394)
	at org.python.pydev.parser.fastparser.FastDefinitionsParser.extractBody(FastDefinitionsParser.java:259)
	at org.python.pydev.parser.fastparser.FastDefinitionsParser.parse(FastDefinitionsParser.java:691)
	at org.python.pydev.parser.fastparser.FastDefinitionsParser.parse(FastDefinitionsParser.java:685)
	at org.python.pydev.parser.fastparser.FastDefinitionsParser.parse(FastDefinitionsParser.java:676)
	at com.python.pydev.analysis.builder.AnalysisBuilderVisitor$1.call(AnalysisBuilderVisitor.java:115)
	at com.python.pydev.analysis.builder.AnalysisBuilderVisitor$1.call(AnalysisBuilderVisitor.java:1)
	at com.python.pydev.analysis.builder.AnalysisBuilderRunnable.<init>(AnalysisBuilderRunnable.java:164)
	at com.python.pydev.analysis.builder.AnalysisBuilderRunnableFactory.createRunnable(AnalysisBuilderRunnableFactory.java:222)
	at com.python.pydev.analysis.builder.AnalysisBuilderVisitor.doVisitChangedResource(AnalysisBuilderVisitor.java:180)
	at com.python.pydev.analysis.builder.AnalysisBuilderVisitor.visitChangedResource(AnalysisBuilderVisitor.java:129)
	at com.python.pydev.analysis.builder.AnalysisBuilderVisitor.visitChangedResource(AnalysisBuilderVisitor.java:45)
	at org.python.pydev.builder.PydevGrouperVisitor.visitWith(PydevGrouperVisitor.java:115)
	at org.python.pydev.builder.PydevGrouperVisitor.visitChangedResource(PydevGrouperVisitor.java:166)
	at org.python.pydev.builder.PydevGrouperVisitor.finishDelayedVisits(PydevGrouperVisitor.java:190)
	at org.python.pydev.builder.PyDevBuilder.build(PyDevBuilder.java:133)
	at org.eclipse.core.internal.events.BuildManager$2.run(BuildManager.java:735)
	at org.eclipse.core.runtime.SafeRunner.run(SafeRunner.java:42)
	at org.eclipse.core.internal.events.BuildManager.basicBuild(BuildManager.java:206)
	at org.eclipse.core.internal.events.BuildManager.basicBuild(BuildManager.java:246)
	at org.eclipse.core.internal.events.BuildManager$1.run(BuildManager.java:301)
	at org.eclipse.core.runtime.SafeRunner.run(SafeRunner.java:42)
	at org.eclipse.core.internal.events.BuildManager.basicBuild(BuildManager.java:304)
	at org.eclipse.core.internal.events.BuildManager.basicBuildLoop(BuildManager.java:360)
	at org.eclipse.core.internal.events.BuildManager.build(BuildManager.java:383)
	at org.eclipse.core.internal.events.AutoBuildJob.doBuild(AutoBuildJob.java:144)
	at org.eclipse.core.internal.events.AutoBuildJob.run(AutoBuildJob.java:235)
	at org.eclipse.core.internal.jobs.Worker.run(Worker.java:55)

!ENTRY org.python.pydev.shared_core 4 4 2017-07-25 14:44:37.640
!MESSAGE Did not expect to find item below node: Assign[targets=[Name[id=logger, ctx=Store, reserved=false]], value=null, type=null] (module: FileAnalysis file: D:\workspace2\CryoEMFileAnalysis\FileAnalysis.py row: 59).
!STACK 0
java.lang.RuntimeException: Did not expect to find item below node: Assign[targets=[Name[id=logger, ctx=Store, reserved=false]], value=null, type=null] (module: FileAnalysis file: D:\workspace2\CryoEMFileAnalysis\FileAnalysis.py row: 59).
	at org.python.pydev.core.log.Log.log(Log.java:54)
	at org.python.pydev.parser.fastparser.FastDefinitionsParser.endScopesInStack(FastDefinitionsParser.java:604)
	at org.python.pydev.parser.fastparser.FastDefinitionsParser.handleNewLine(FastDefinitionsParser.java:394)
	at org.python.pydev.parser.fastparser.FastDefinitionsParser.extractBody(FastDefinitionsParser.java:259)
	at org.python.pydev.parser.fastparser.FastDefinitionsParser.parse(FastDefinitionsParser.java:691)
	at org.python.pydev.parser.fastparser.FastDefinitionsParser.parse(FastDefinitionsParser.java:685)
	at org.python.pydev.parser.fastparser.FastDefinitionsParser.parse(FastDefinitionsParser.java:676)
	at com.python.pydev.analysis.builder.AnalysisBuilderVisitor$1.call(AnalysisBuilderVisitor.java:115)
	at com.python.pydev.analysis.builder.AnalysisBuilderVisitor$1.call(AnalysisBuilderVisitor.java:1)
	at com.python.pydev.analysis.builder.AnalysisBuilderRunnable.<init>(AnalysisBuilderRunnable.java:164)
	at com.python.pydev.analysis.builder.AnalysisBuilderRunnableFactory.createRunnable(AnalysisBuilderRunnableFactory.java:222)
	at com.python.pydev.analysis.builder.AnalysisBuilderVisitor.doVisitChangedResource(AnalysisBuilderVisitor.java:180)
	at com.python.pydev.analysis.builder.AnalysisBuilderVisitor.visitChangedResource(AnalysisBuilderVisitor.java:129)
	at com.python.pydev.analysis.builder.AnalysisBuilderVisitor.visitChangedResource(AnalysisBuilderVisitor.java:45)
	at org.python.pydev.builder.PydevGrouperVisitor.visitWith(PydevGrouperVisitor.java:115)
	at org.python.pydev.builder.PydevGrouperVisitor.visitChangedResource(PydevGrouperVisitor.java:166)
	at org.python.pydev.builder.PydevGrouperVisitor.finishDelayedVisits(PydevGrouperVisitor.java:190)
	at org.python.pydev.builder.PyDevBuilder.build(PyDevBuilder.java:133)
	at org.eclipse.core.internal.events.BuildManager$2.run(BuildManager.java:735)
	at org.eclipse.core.runtime.SafeRunner.run(SafeRunner.java:42)
	at org.eclipse.core.internal.events.BuildManager.basicBuild(BuildManager.java:206)
	at org.eclipse.core.internal.events.BuildManager.basicBuild(BuildManager.java:246)
	at org.eclipse.core.internal.events.BuildManager$1.run(BuildManager.java:301)
	at org.eclipse.core.runtime.SafeRunner.run(SafeRunner.java:42)
	at org.eclipse.core.internal.events.BuildManager.basicBuild(BuildManager.java:304)
	at org.eclipse.core.internal.events.BuildManager.basicBuildLoop(BuildManager.java:360)
	at org.eclipse.core.internal.events.BuildManager.build(BuildManager.java:383)
	at org.eclipse.core.internal.events.AutoBuildJob.doBuild(AutoBuildJob.java:144)
	at org.eclipse.core.internal.events.AutoBuildJob.run(AutoBuildJob.java:235)
	at org.eclipse.core.internal.jobs.Worker.run(Worker.java:55)

!ENTRY org.python.pydev.shared_core 4 4 2017-07-25 14:44:37.642
!MESSAGE Did not expect to find item below node: Assign[targets=[Name[id=logger, ctx=Store, reserved=false]], value=null, type=null] (module: FileAnalysis file: D:\workspace2\CryoEMFileAnalysis\FileAnalysis.py row: 62).
!STACK 0
java.lang.RuntimeException: Did not expect to find item below node: Assign[targets=[Name[id=logger, ctx=Store, reserved=false]], value=null, type=null] (module: FileAnalysis file: D:\workspace2\CryoEMFileAnalysis\FileAnalysis.py row: 62).
	at org.python.pydev.core.log.Log.log(Log.java:54)
	at org.python.pydev.parser.fastparser.FastDefinitionsParser.endScopesInStack(FastDefinitionsParser.java:604)
	at org.python.pydev.parser.fastparser.FastDefinitionsParser.handleNewLine(FastDefinitionsParser.java:394)
	at org.python.pydev.parser.fastparser.FastDefinitionsParser.extractBody(FastDefinitionsParser.java:259)
	at org.python.pydev.parser.fastparser.FastDefinitionsParser.parse(FastDefinitionsParser.java:691)
	at org.python.pydev.parser.fastparser.FastDefinitionsParser.parse(FastDefinitionsParser.java:685)
	at org.python.pydev.parser.fastparser.FastDefinitionsParser.parse(FastDefinitionsParser.java:676)
	at com.python.pydev.analysis.builder.AnalysisBuilderVisitor$1.call(AnalysisBuilderVisitor.java:115)
	at com.python.pydev.analysis.builder.AnalysisBuilderVisitor$1.call(AnalysisBuilderVisitor.java:1)
	at com.python.pydev.analysis.builder.AnalysisBuilderRunnable.<init>(AnalysisBuilderRunnable.java:164)
	at com.python.pydev.analysis.builder.AnalysisBuilderRunnableFactory.createRunnable(AnalysisBuilderRunnableFactory.java:222)
	at com.python.pydev.analysis.builder.AnalysisBuilderVisitor.doVisitChangedResource(AnalysisBuilderVisitor.java:180)
	at com.python.pydev.analysis.builder.AnalysisBuilderVisitor.visitChangedResource(AnalysisBuilderVisitor.java:129)
	at com.python.pydev.analysis.builder.AnalysisBuilderVisitor.visitChangedResource(AnalysisBuilderVisitor.java:45)
	at org.python.pydev.builder.PydevGrouperVisitor.visitWith(PydevGrouperVisitor.java:115)
	at org.python.pydev.builder.PydevGrouperVisitor.visitChangedResource(PydevGrouperVisitor.java:166)
	at org.python.pydev.builder.PydevGrouperVisitor.finishDelayedVisits(PydevGrouperVisitor.java:190)
	at org.python.pydev.builder.PyDevBuilder.build(PyDevBuilder.java:133)
	at org.eclipse.core.internal.events.BuildManager$2.run(BuildManager.java:735)
	at org.eclipse.core.runtime.SafeRunner.run(SafeRunner.java:42)
	at org.eclipse.core.internal.events.BuildManager.basicBuild(BuildManager.java:206)
	at org.eclipse.core.internal.events.BuildManager.basicBuild(BuildManager.java:246)
	at org.eclipse.core.internal.events.BuildManager$1.run(BuildManager.java:301)
	at org.eclipse.core.runtime.SafeRunner.run(SafeRunner.java:42)
	at org.eclipse.core.internal.events.BuildManager.basicBuild(BuildManager.java:304)
	at org.eclipse.core.internal.events.BuildManager.basicBuildLoop(BuildManager.java:360)
	at org.eclipse.core.internal.events.BuildManager.build(BuildManager.java:383)
	at org.eclipse.core.internal.events.AutoBuildJob.doBuild(AutoBuildJob.java:144)
	at org.eclipse.core.internal.events.AutoBuildJob.run(AutoBuildJob.java:235)
	at org.eclipse.core.internal.jobs.Worker.run(Worker.java:55)

!ENTRY org.python.pydev.shared_core 4 4 2017-07-25 14:45:10.171
!MESSAGE Did not expect to find item below node: Assign[targets=[Name[id=logger, ctx=Store, reserved=false]], value=null, type=null] (module: FileAnalysis file: D:\workspace2\CryoEMFileAnalysis\FileAnalysis.py row: 50).
!STACK 0
java.lang.RuntimeException: Did not expect to find item below node: Assign[targets=[Name[id=logger, ctx=Store, reserved=false]], value=null, type=null] (module: FileAnalysis file: D:\workspace2\CryoEMFileAnalysis\FileAnalysis.py row: 50).
	at org.python.pydev.core.log.Log.log(Log.java:54)
	at org.python.pydev.parser.fastparser.FastDefinitionsParser.endScopesInStack(FastDefinitionsParser.java:604)
	at org.python.pydev.parser.fastparser.FastDefinitionsParser.handleNewLine(FastDefinitionsParser.java:394)
	at org.python.pydev.parser.fastparser.FastDefinitionsParser.extractBody(FastDefinitionsParser.java:259)
	at org.python.pydev.parser.fastparser.FastDefinitionsParser.parse(FastDefinitionsParser.java:691)
	at org.python.pydev.parser.fastparser.FastDefinitionsParser.parse(FastDefinitionsParser.java:685)
	at org.python.pydev.parser.fastparser.FastDefinitionsParser.parse(FastDefinitionsParser.java:676)
	at com.python.pydev.analysis.builder.AnalysisBuilderVisitor$1.call(AnalysisBuilderVisitor.java:115)
	at com.python.pydev.analysis.builder.AnalysisBuilderVisitor$1.call(AnalysisBuilderVisitor.java:1)
	at com.python.pydev.analysis.builder.AnalysisBuilderRunnable.<init>(AnalysisBuilderRunnable.java:164)
	at com.python.pydev.analysis.builder.AnalysisBuilderRunnableFactory.createRunnable(AnalysisBuilderRunnableFactory.java:222)
	at com.python.pydev.analysis.builder.AnalysisBuilderVisitor.doVisitChangedResource(AnalysisBuilderVisitor.java:180)
	at com.python.pydev.analysis.builder.AnalysisBuilderVisitor.visitChangedResource(AnalysisBuilderVisitor.java:129)
	at com.python.pydev.analysis.builder.AnalysisBuilderVisitor.visitChangedResource(AnalysisBuilderVisitor.java:45)
	at org.python.pydev.builder.PydevGrouperVisitor.visitWith(PydevGrouperVisitor.java:115)
	at org.python.pydev.builder.PydevGrouperVisitor.visitChangedResource(PydevGrouperVisitor.java:166)
	at org.python.pydev.builder.PydevGrouperVisitor.finishDelayedVisits(PydevGrouperVisitor.java:190)
	at org.python.pydev.builder.PyDevBuilder.build(PyDevBuilder.java:133)
	at org.eclipse.core.internal.events.BuildManager$2.run(BuildManager.java:735)
	at org.eclipse.core.runtime.SafeRunner.run(SafeRunner.java:42)
	at org.eclipse.core.internal.events.BuildManager.basicBuild(BuildManager.java:206)
	at org.eclipse.core.internal.events.BuildManager.basicBuild(BuildManager.java:246)
	at org.eclipse.core.internal.events.BuildManager$1.run(BuildManager.java:301)
	at org.eclipse.core.runtime.SafeRunner.run(SafeRunner.java:42)
	at org.eclipse.core.internal.events.BuildManager.basicBuild(BuildManager.java:304)
	at org.eclipse.core.internal.events.BuildManager.basicBuildLoop(BuildManager.java:360)
	at org.eclipse.core.internal.events.BuildManager.build(BuildManager.java:383)
	at org.eclipse.core.internal.events.AutoBuildJob.doBuild(AutoBuildJob.java:144)
	at org.eclipse.core.internal.events.AutoBuildJob.run(AutoBuildJob.java:235)
	at org.eclipse.core.internal.jobs.Worker.run(Worker.java:55)

!ENTRY org.python.pydev.shared_core 4 4 2017-07-25 14:45:10.173
!MESSAGE Did not expect to find item below node: Assign[targets=[Name[id=logger, ctx=Store, reserved=false]], value=null, type=null] (module: FileAnalysis file: D:\workspace2\CryoEMFileAnalysis\FileAnalysis.py row: 51).
!STACK 0
java.lang.RuntimeException: Did not expect to find item below node: Assign[targets=[Name[id=logger, ctx=Store, reserved=false]], value=null, type=null] (module: FileAnalysis file: D:\workspace2\CryoEMFileAnalysis\FileAnalysis.py row: 51).
	at org.python.pydev.core.log.Log.log(Log.java:54)
	at org.python.pydev.parser.fastparser.FastDefinitionsParser.endScopesInStack(FastDefinitionsParser.java:604)
	at org.python.pydev.parser.fastparser.FastDefinitionsParser.handleNewLine(FastDefinitionsParser.java:394)
	at org.python.pydev.parser.fastparser.FastDefinitionsParser.extractBody(FastDefinitionsParser.java:259)
	at org.python.pydev.parser.fastparser.FastDefinitionsParser.parse(FastDefinitionsParser.java:691)
	at org.python.pydev.parser.fastparser.FastDefinitionsParser.parse(FastDefinitionsParser.java:685)
	at org.python.pydev.parser.fastparser.FastDefinitionsParser.parse(FastDefinitionsParser.java:676)
	at com.python.pydev.analysis.builder.AnalysisBuilderVisitor$1.call(AnalysisBuilderVisitor.java:115)
	at com.python.pydev.analysis.builder.AnalysisBuilderVisitor$1.call(AnalysisBuilderVisitor.java:1)
	at com.python.pydev.analysis.builder.AnalysisBuilderRunnable.<init>(AnalysisBuilderRunnable.java:164)
	at com.python.pydev.analysis.builder.AnalysisBuilderRunnableFactory.createRunnable(AnalysisBuilderRunnableFactory.java:222)
	at com.python.pydev.analysis.builder.AnalysisBuilderVisitor.doVisitChangedResource(AnalysisBuilderVisitor.java:180)
	at com.python.pydev.analysis.builder.AnalysisBuilderVisitor.visitChangedResource(AnalysisBuilderVisitor.java:129)
	at com.python.pydev.analysis.builder.AnalysisBuilderVisitor.visitChangedResource(AnalysisBuilderVisitor.java:45)
	at org.python.pydev.builder.PydevGrouperVisitor.visitWith(PydevGrouperVisitor.java:115)
	at org.python.pydev.builder.PydevGrouperVisitor.visitChangedResource(PydevGrouperVisitor.java:166)
	at org.python.pydev.builder.PydevGrouperVisitor.finishDelayedVisits(PydevGrouperVisitor.java:190)
	at org.python.pydev.builder.PyDevBuilder.build(PyDevBuilder.java:133)
	at org.eclipse.core.internal.events.BuildManager$2.run(BuildManager.java:735)
	at org.eclipse.core.runtime.SafeRunner.run(SafeRunner.java:42)
	at org.eclipse.core.internal.events.BuildManager.basicBuild(BuildManager.java:206)
	at org.eclipse.core.internal.events.BuildManager.basicBuild(BuildManager.java:246)
	at org.eclipse.core.internal.events.BuildManager$1.run(BuildManager.java:301)
	at org.eclipse.core.runtime.SafeRunner.run(SafeRunner.java:42)
	at org.eclipse.core.internal.events.BuildManager.basicBuild(BuildManager.java:304)
	at org.eclipse.core.internal.events.BuildManager.basicBuildLoop(BuildManager.java:360)
	at org.eclipse.core.internal.events.BuildManager.build(BuildManager.java:383)
	at org.eclipse.core.internal.events.AutoBuildJob.doBuild(AutoBuildJob.java:144)
	at org.eclipse.core.internal.events.AutoBuildJob.run(AutoBuildJob.java:235)
	at org.eclipse.core.internal.jobs.Worker.run(Worker.java:55)

!ENTRY org.python.pydev.shared_core 4 4 2017-07-25 14:45:10.175
!MESSAGE Did not expect to find item below node: Assign[targets=[Name[id=logger, ctx=Store, reserved=false]], value=null, type=null] (module: FileAnalysis file: D:\workspace2\CryoEMFileAnalysis\FileAnalysis.py row: 53).
!STACK 0
java.lang.RuntimeException: Did not expect to find item below node: Assign[targets=[Name[id=logger, ctx=Store, reserved=false]], value=null, type=null] (module: FileAnalysis file: D:\workspace2\CryoEMFileAnalysis\FileAnalysis.py row: 53).
	at org.python.pydev.core.log.Log.log(Log.java:54)
	at org.python.pydev.parser.fastparser.FastDefinitionsParser.endScopesInStack(FastDefinitionsParser.java:604)
	at org.python.pydev.parser.fastparser.FastDefinitionsParser.handleNewLine(FastDefinitionsParser.java:394)
	at org.python.pydev.parser.fastparser.FastDefinitionsParser.extractBody(FastDefinitionsParser.java:259)
	at org.python.pydev.parser.fastparser.FastDefinitionsParser.parse(FastDefinitionsParser.java:691)
	at org.python.pydev.parser.fastparser.FastDefinitionsParser.parse(FastDefinitionsParser.java:685)
	at org.python.pydev.parser.fastparser.FastDefinitionsParser.parse(FastDefinitionsParser.java:676)
	at com.python.pydev.analysis.builder.AnalysisBuilderVisitor$1.call(AnalysisBuilderVisitor.java:115)
	at com.python.pydev.analysis.builder.AnalysisBuilderVisitor$1.call(AnalysisBuilderVisitor.java:1)
	at com.python.pydev.analysis.builder.AnalysisBuilderRunnable.<init>(AnalysisBuilderRunnable.java:164)
	at com.python.pydev.analysis.builder.AnalysisBuilderRunnableFactory.createRunnable(AnalysisBuilderRunnableFactory.java:222)
	at com.python.pydev.analysis.builder.AnalysisBuilderVisitor.doVisitChangedResource(AnalysisBuilderVisitor.java:180)
	at com.python.pydev.analysis.builder.AnalysisBuilderVisitor.visitChangedResource(AnalysisBuilderVisitor.java:129)
	at com.python.pydev.analysis.builder.AnalysisBuilderVisitor.visitChangedResource(AnalysisBuilderVisitor.java:45)
	at org.python.pydev.builder.PydevGrouperVisitor.visitWith(PydevGrouperVisitor.java:115)
	at org.python.pydev.builder.PydevGrouperVisitor.visitChangedResource(PydevGrouperVisitor.java:166)
	at org.python.pydev.builder.PydevGrouperVisitor.finishDelayedVisits(PydevGrouperVisitor.java:190)
	at org.python.pydev.builder.PyDevBuilder.build(PyDevBuilder.java:133)
	at org.eclipse.core.internal.events.BuildManager$2.run(BuildManager.java:735)
	at org.eclipse.core.runtime.SafeRunner.run(SafeRunner.java:42)
	at org.eclipse.core.internal.events.BuildManager.basicBuild(BuildManager.java:206)
	at org.eclipse.core.internal.events.BuildManager.basicBuild(BuildManager.java:246)
	at org.eclipse.core.internal.events.BuildManager$1.run(BuildManager.java:301)
	at org.eclipse.core.runtime.SafeRunner.run(SafeRunner.java:42)
	at org.eclipse.core.internal.events.BuildManager.basicBuild(BuildManager.java:304)
	at org.eclipse.core.internal.events.BuildManager.basicBuildLoop(BuildManager.java:360)
	at org.eclipse.core.internal.events.BuildManager.build(BuildManager.java:383)
	at org.eclipse.core.internal.events.AutoBuildJob.doBuild(AutoBuildJob.java:144)
	at org.eclipse.core.internal.events.AutoBuildJob.run(AutoBuildJob.java:235)
	at org.eclipse.core.internal.jobs.Worker.run(Worker.java:55)

!ENTRY org.python.pydev.shared_core 4 4 2017-07-25 14:45:10.176
!MESSAGE Did not expect to find item below node: Assign[targets=[Name[id=logger, ctx=Store, reserved=false]], value=null, type=null] (module: FileAnalysis file: D:\workspace2\CryoEMFileAnalysis\FileAnalysis.py row: 57).
!STACK 0
java.lang.RuntimeException: Did not expect to find item below node: Assign[targets=[Name[id=logger, ctx=Store, reserved=false]], value=null, type=null] (module: FileAnalysis file: D:\workspace2\CryoEMFileAnalysis\FileAnalysis.py row: 57).
	at org.python.pydev.core.log.Log.log(Log.java:54)
	at org.python.pydev.parser.fastparser.FastDefinitionsParser.endScopesInStack(FastDefinitionsParser.java:604)
	at org.python.pydev.parser.fastparser.FastDefinitionsParser.handleNewLine(FastDefinitionsParser.java:394)
	at org.python.pydev.parser.fastparser.FastDefinitionsParser.extractBody(FastDefinitionsParser.java:259)
	at org.python.pydev.parser.fastparser.FastDefinitionsParser.parse(FastDefinitionsParser.java:691)
	at org.python.pydev.parser.fastparser.FastDefinitionsParser.parse(FastDefinitionsParser.java:685)
	at org.python.pydev.parser.fastparser.FastDefinitionsParser.parse(FastDefinitionsParser.java:676)
	at com.python.pydev.analysis.builder.AnalysisBuilderVisitor$1.call(AnalysisBuilderVisitor.java:115)
	at com.python.pydev.analysis.builder.AnalysisBuilderVisitor$1.call(AnalysisBuilderVisitor.java:1)
	at com.python.pydev.analysis.builder.AnalysisBuilderRunnable.<init>(AnalysisBuilderRunnable.java:164)
	at com.python.pydev.analysis.builder.AnalysisBuilderRunnableFactory.createRunnable(AnalysisBuilderRunnableFactory.java:222)
	at com.python.pydev.analysis.builder.AnalysisBuilderVisitor.doVisitChangedResource(AnalysisBuilderVisitor.java:180)
	at com.python.pydev.analysis.builder.AnalysisBuilderVisitor.visitChangedResource(AnalysisBuilderVisitor.java:129)
	at com.python.pydev.analysis.builder.AnalysisBuilderVisitor.visitChangedResource(AnalysisBuilderVisitor.java:45)
	at org.python.pydev.builder.PydevGrouperVisitor.visitWith(PydevGrouperVisitor.java:115)
	at org.python.pydev.builder.PydevGrouperVisitor.visitChangedResource(PydevGrouperVisitor.java:166)
	at org.python.pydev.builder.PydevGrouperVisitor.finishDelayedVisits(PydevGrouperVisitor.java:190)
	at org.python.pydev.builder.PyDevBuilder.build(PyDevBuilder.java:133)
	at org.eclipse.core.internal.events.BuildManager$2.run(BuildManager.java:735)
	at org.eclipse.core.runtime.SafeRunner.run(SafeRunner.java:42)
	at org.eclipse.core.internal.events.BuildManager.basicBuild(BuildManager.java:206)
	at org.eclipse.core.internal.events.BuildManager.basicBuild(BuildManager.java:246)
	at org.eclipse.core.internal.events.BuildManager$1.run(BuildManager.java:301)
	at org.eclipse.core.runtime.SafeRunner.run(SafeRunner.java:42)
	at org.eclipse.core.internal.events.BuildManager.basicBuild(BuildManager.java:304)
	at org.eclipse.core.internal.events.BuildManager.basicBuildLoop(BuildManager.java:360)
	at org.eclipse.core.internal.events.BuildManager.build(BuildManager.java:383)
	at org.eclipse.core.internal.events.AutoBuildJob.doBuild(AutoBuildJob.java:144)
	at org.eclipse.core.internal.events.AutoBuildJob.run(AutoBuildJob.java:235)
	at org.eclipse.core.internal.jobs.Worker.run(Worker.java:55)

!ENTRY org.python.pydev.shared_core 4 4 2017-07-25 14:45:10.178
!MESSAGE Did not expect to find item below node: Assign[targets=[Name[id=logger, ctx=Store, reserved=false]], value=null, type=null] (module: FileAnalysis file: D:\workspace2\CryoEMFileAnalysis\FileAnalysis.py row: 58).
!STACK 0
java.lang.RuntimeException: Did not expect to find item below node: Assign[targets=[Name[id=logger, ctx=Store, reserved=false]], value=null, type=null] (module: FileAnalysis file: D:\workspace2\CryoEMFileAnalysis\FileAnalysis.py row: 58).
	at org.python.pydev.core.log.Log.log(Log.java:54)
	at org.python.pydev.parser.fastparser.FastDefinitionsParser.endScopesInStack(FastDefinitionsParser.java:604)
	at org.python.pydev.parser.fastparser.FastDefinitionsParser.handleNewLine(FastDefinitionsParser.java:394)
	at org.python.pydev.parser.fastparser.FastDefinitionsParser.extractBody(FastDefinitionsParser.java:259)
	at org.python.pydev.parser.fastparser.FastDefinitionsParser.parse(FastDefinitionsParser.java:691)
	at org.python.pydev.parser.fastparser.FastDefinitionsParser.parse(FastDefinitionsParser.java:685)
	at org.python.pydev.parser.fastparser.FastDefinitionsParser.parse(FastDefinitionsParser.java:676)
	at com.python.pydev.analysis.builder.AnalysisBuilderVisitor$1.call(AnalysisBuilderVisitor.java:115)
	at com.python.pydev.analysis.builder.AnalysisBuilderVisitor$1.call(AnalysisBuilderVisitor.java:1)
	at com.python.pydev.analysis.builder.AnalysisBuilderRunnable.<init>(AnalysisBuilderRunnable.java:164)
	at com.python.pydev.analysis.builder.AnalysisBuilderRunnableFactory.createRunnable(AnalysisBuilderRunnableFactory.java:222)
	at com.python.pydev.analysis.builder.AnalysisBuilderVisitor.doVisitChangedResource(AnalysisBuilderVisitor.java:180)
	at com.python.pydev.analysis.builder.AnalysisBuilderVisitor.visitChangedResource(AnalysisBuilderVisitor.java:129)
	at com.python.pydev.analysis.builder.AnalysisBuilderVisitor.visitChangedResource(AnalysisBuilderVisitor.java:45)
	at org.python.pydev.builder.PydevGrouperVisitor.visitWith(PydevGrouperVisitor.java:115)
	at org.python.pydev.builder.PydevGrouperVisitor.visitChangedResource(PydevGrouperVisitor.java:166)
	at org.python.pydev.builder.PydevGrouperVisitor.finishDelayedVisits(PydevGrouperVisitor.java:190)
	at org.python.pydev.builder.PyDevBuilder.build(PyDevBuilder.java:133)
	at org.eclipse.core.internal.events.BuildManager$2.run(BuildManager.java:735)
	at org.eclipse.core.runtime.SafeRunner.run(SafeRunner.java:42)
	at org.eclipse.core.internal.events.BuildManager.basicBuild(BuildManager.java:206)
	at org.eclipse.core.internal.events.BuildManager.basicBuild(BuildManager.java:246)
	at org.eclipse.core.internal.events.BuildManager$1.run(BuildManager.java:301)
	at org.eclipse.core.runtime.SafeRunner.run(SafeRunner.java:42)
	at org.eclipse.core.internal.events.BuildManager.basicBuild(BuildManager.java:304)
	at org.eclipse.core.internal.events.BuildManager.basicBuildLoop(BuildManager.java:360)
	at org.eclipse.core.internal.events.BuildManager.build(BuildManager.java:383)
	at org.eclipse.core.internal.events.AutoBuildJob.doBuild(AutoBuildJob.java:144)
	at org.eclipse.core.internal.events.AutoBuildJob.run(AutoBuildJob.java:235)
	at org.eclipse.core.internal.jobs.Worker.run(Worker.java:55)

!ENTRY org.python.pydev.shared_core 4 4 2017-07-25 14:45:10.179
!MESSAGE Did not expect to find item below node: Assign[targets=[Name[id=logger, ctx=Store, reserved=false]], value=null, type=null] (module: FileAnalysis file: D:\workspace2\CryoEMFileAnalysis\FileAnalysis.py row: 60).
!STACK 0
java.lang.RuntimeException: Did not expect to find item below node: Assign[targets=[Name[id=logger, ctx=Store, reserved=false]], value=null, type=null] (module: FileAnalysis file: D:\workspace2\CryoEMFileAnalysis\FileAnalysis.py row: 60).
	at org.python.pydev.core.log.Log.log(Log.java:54)
	at org.python.pydev.parser.fastparser.FastDefinitionsParser.endScopesInStack(FastDefinitionsParser.java:604)
	at org.python.pydev.parser.fastparser.FastDefinitionsParser.handleNewLine(FastDefinitionsParser.java:394)
	at org.python.pydev.parser.fastparser.FastDefinitionsParser.extractBody(FastDefinitionsParser.java:259)
	at org.python.pydev.parser.fastparser.FastDefinitionsParser.parse(FastDefinitionsParser.java:691)
	at org.python.pydev.parser.fastparser.FastDefinitionsParser.parse(FastDefinitionsParser.java:685)
	at org.python.pydev.parser.fastparser.FastDefinitionsParser.parse(FastDefinitionsParser.java:676)
	at com.python.pydev.analysis.builder.AnalysisBuilderVisitor$1.call(AnalysisBuilderVisitor.java:115)
	at com.python.pydev.analysis.builder.AnalysisBuilderVisitor$1.call(AnalysisBuilderVisitor.java:1)
	at com.python.pydev.analysis.builder.AnalysisBuilderRunnable.<init>(AnalysisBuilderRunnable.java:164)
	at com.python.pydev.analysis.builder.AnalysisBuilderRunnableFactory.createRunnable(AnalysisBuilderRunnableFactory.java:222)
	at com.python.pydev.analysis.builder.AnalysisBuilderVisitor.doVisitChangedResource(AnalysisBuilderVisitor.java:180)
	at com.python.pydev.analysis.builder.AnalysisBuilderVisitor.visitChangedResource(AnalysisBuilderVisitor.java:129)
	at com.python.pydev.analysis.builder.AnalysisBuilderVisitor.visitChangedResource(AnalysisBuilderVisitor.java:45)
	at org.python.pydev.builder.PydevGrouperVisitor.visitWith(PydevGrouperVisitor.java:115)
	at org.python.pydev.builder.PydevGrouperVisitor.visitChangedResource(PydevGrouperVisitor.java:166)
	at org.python.pydev.builder.PydevGrouperVisitor.finishDelayedVisits(PydevGrouperVisitor.java:190)
	at org.python.pydev.builder.PyDevBuilder.build(PyDevBuilder.java:133)
	at org.eclipse.core.internal.events.BuildManager$2.run(BuildManager.java:735)
	at org.eclipse.core.runtime.SafeRunner.run(SafeRunner.java:42)
	at org.eclipse.core.internal.events.BuildManager.basicBuild(BuildManager.java:206)
	at org.eclipse.core.internal.events.BuildManager.basicBuild(BuildManager.java:246)
	at org.eclipse.core.internal.events.BuildManager$1.run(BuildManager.java:301)
	at org.eclipse.core.runtime.SafeRunner.run(SafeRunner.java:42)
	at org.eclipse.core.internal.events.BuildManager.basicBuild(BuildManager.java:304)
	at org.eclipse.core.internal.events.BuildManager.basicBuildLoop(BuildManager.java:360)
	at org.eclipse.core.internal.events.BuildManager.build(BuildManager.java:383)
	at org.eclipse.core.internal.events.AutoBuildJob.doBuild(AutoBuildJob.java:144)
	at org.eclipse.core.internal.events.AutoBuildJob.run(AutoBuildJob.java:235)
	at org.eclipse.core.internal.jobs.Worker.run(Worker.java:55)

!ENTRY org.python.pydev.shared_core 4 4 2017-07-25 14:45:10.181
!MESSAGE Did not expect to find item below node: Assign[targets=[Name[id=logger, ctx=Store, reserved=false]], value=null, type=null] (module: FileAnalysis file: D:\workspace2\CryoEMFileAnalysis\FileAnalysis.py row: 63).
!STACK 0
java.lang.RuntimeException: Did not expect to find item below node: Assign[targets=[Name[id=logger, ctx=Store, reserved=false]], value=null, type=null] (module: FileAnalysis file: D:\workspace2\CryoEMFileAnalysis\FileAnalysis.py row: 63).
	at org.python.pydev.core.log.Log.log(Log.java:54)
	at org.python.pydev.parser.fastparser.FastDefinitionsParser.endScopesInStack(FastDefinitionsParser.java:604)
	at org.python.pydev.parser.fastparser.FastDefinitionsParser.handleNewLine(FastDefinitionsParser.java:394)
	at org.python.pydev.parser.fastparser.FastDefinitionsParser.extractBody(FastDefinitionsParser.java:259)
	at org.python.pydev.parser.fastparser.FastDefinitionsParser.parse(FastDefinitionsParser.java:691)
	at org.python.pydev.parser.fastparser.FastDefinitionsParser.parse(FastDefinitionsParser.java:685)
	at org.python.pydev.parser.fastparser.FastDefinitionsParser.parse(FastDefinitionsParser.java:676)
	at com.python.pydev.analysis.builder.AnalysisBuilderVisitor$1.call(AnalysisBuilderVisitor.java:115)
	at com.python.pydev.analysis.builder.AnalysisBuilderVisitor$1.call(AnalysisBuilderVisitor.java:1)
	at com.python.pydev.analysis.builder.AnalysisBuilderRunnable.<init>(AnalysisBuilderRunnable.java:164)
	at com.python.pydev.analysis.builder.AnalysisBuilderRunnableFactory.createRunnable(AnalysisBuilderRunnableFactory.java:222)
	at com.python.pydev.analysis.builder.AnalysisBuilderVisitor.doVisitChangedResource(AnalysisBuilderVisitor.java:180)
	at com.python.pydev.analysis.builder.AnalysisBuilderVisitor.visitChangedResource(AnalysisBuilderVisitor.java:129)
	at com.python.pydev.analysis.builder.AnalysisBuilderVisitor.visitChangedResource(AnalysisBuilderVisitor.java:45)
	at org.python.pydev.builder.PydevGrouperVisitor.visitWith(PydevGrouperVisitor.java:115)
	at org.python.pydev.builder.PydevGrouperVisitor.visitChangedResource(PydevGrouperVisitor.java:166)
	at org.python.pydev.builder.PydevGrouperVisitor.finishDelayedVisits(PydevGrouperVisitor.java:190)
	at org.python.pydev.builder.PyDevBuilder.build(PyDevBuilder.java:133)
	at org.eclipse.core.internal.events.BuildManager$2.run(BuildManager.java:735)
	at org.eclipse.core.runtime.SafeRunner.run(SafeRunner.java:42)
	at org.eclipse.core.internal.events.BuildManager.basicBuild(BuildManager.java:206)
	at org.eclipse.core.internal.events.BuildManager.basicBuild(BuildManager.java:246)
	at org.eclipse.core.internal.events.BuildManager$1.run(BuildManager.java:301)
	at org.eclipse.core.runtime.SafeRunner.run(SafeRunner.java:42)
	at org.eclipse.core.internal.events.BuildManager.basicBuild(BuildManager.java:304)
	at org.eclipse.core.internal.events.BuildManager.basicBuildLoop(BuildManager.java:360)
	at org.eclipse.core.internal.events.BuildManager.build(BuildManager.java:383)
	at org.eclipse.core.internal.events.AutoBuildJob.doBuild(AutoBuildJob.java:144)
	at org.eclipse.core.internal.events.AutoBuildJob.run(AutoBuildJob.java:235)
	at org.eclipse.core.internal.jobs.Worker.run(Worker.java:55)

!ENTRY org.python.pydev.shared_core 4 4 2017-07-25 17:40:51.548
!MESSAGE File not found: D:\workspace2\CryoEMFileAnalysis\stat_2760000.
!STACK 1
org.eclipse.core.internal.resources.ResourceException: File not found: D:\workspace2\CryoEMFileAnalysis\stat_2760000.
	at org.eclipse.core.internal.localstore.FileSystemResourceManager.read(FileSystemResourceManager.java:840)
	at org.eclipse.core.internal.resources.File.getContents(File.java:277)
	at org.python.pydev.editor.codecompletion.revisited.PythonPathHelper.markAsPyDevFileIfDetected(PythonPathHelper.java:768)
	at org.python.pydev.navigator.PythonLabelProvider.getImage(PythonLabelProvider.java:99)
	at org.eclipse.ui.internal.navigator.extensions.SafeDelegateCommonLabelProvider.getImage(SafeDelegateCommonLabelProvider.java:107)
	at org.eclipse.ui.internal.navigator.NavigatorContentServiceLabelProvider.findImage(NavigatorContentServiceLabelProvider.java:199)
	at org.eclipse.ui.internal.navigator.NavigatorContentServiceLabelProvider.getColumnImage(NavigatorContentServiceLabelProvider.java:107)
	at org.eclipse.ui.internal.navigator.NavigatorContentServiceLabelProvider.getImage(NavigatorContentServiceLabelProvider.java:99)
	at org.eclipse.ui.internal.navigator.NavigatorDecoratingLabelProvider$StyledLabelProviderAdapter.getImage(NavigatorDecoratingLabelProvider.java:57)
	at org.eclipse.jface.viewers.DelegatingStyledCellLabelProvider.getImage(DelegatingStyledCellLabelProvider.java:195)
	at org.eclipse.jface.viewers.DecoratingStyledCellLabelProvider.getImage(DecoratingStyledCellLabelProvider.java:168)
	at org.eclipse.jface.viewers.DelegatingStyledCellLabelProvider.update(DelegatingStyledCellLabelProvider.java:121)
	at org.eclipse.jface.viewers.DecoratingStyledCellLabelProvider.update(DecoratingStyledCellLabelProvider.java:131)
	at org.eclipse.jface.viewers.ViewerColumn.refresh(ViewerColumn.java:141)
	at org.eclipse.jface.viewers.AbstractTreeViewer.doUpdateItem(AbstractTreeViewer.java:949)
	at org.eclipse.jface.viewers.AbstractTreeViewer$UpdateItemSafeRunnable.run(AbstractTreeViewer.java:118)
	at org.eclipse.core.runtime.SafeRunner.run(SafeRunner.java:42)
	at org.eclipse.ui.internal.JFaceUtil$1.run(JFaceUtil.java:50)
	at org.eclipse.jface.util.SafeRunnable.run(SafeRunnable.java:173)
	at org.eclipse.jface.viewers.AbstractTreeViewer.doUpdateItem(AbstractTreeViewer.java:1029)
	at org.eclipse.jface.viewers.StructuredViewer$UpdateItemSafeRunnable.run(StructuredViewer.java:474)
	at org.eclipse.core.runtime.SafeRunner.run(SafeRunner.java:42)
	at org.eclipse.ui.internal.JFaceUtil$1.run(JFaceUtil.java:50)
	at org.eclipse.jface.util.SafeRunnable.run(SafeRunnable.java:173)
	at org.eclipse.jface.viewers.StructuredViewer.updateItem(StructuredViewer.java:2170)
	at org.eclipse.jface.viewers.StructuredViewer.internalUpdate(StructuredViewer.java:2153)
	at org.eclipse.jface.viewers.StructuredViewer.update(StructuredViewer.java:2094)
	at org.eclipse.jface.viewers.ColumnViewer.update(ColumnViewer.java:542)
	at org.eclipse.ui.navigator.CommonViewer.update(CommonViewer.java:512)
	at org.eclipse.jface.viewers.StructuredViewer.update(StructuredViewer.java:2038)
	at org.eclipse.jface.viewers.StructuredViewer.handleLabelProviderChanged(StructuredViewer.java:1209)
	at org.eclipse.ui.navigator.CommonViewer.handleLabelProviderChanged(CommonViewer.java:237)
	at org.eclipse.jface.viewers.ContentViewer$1.labelProviderChanged(ContentViewer.java:99)
	at org.eclipse.jface.viewers.BaseLabelProvider$1.run(BaseLabelProvider.java:72)
	at org.eclipse.core.runtime.SafeRunner.run(SafeRunner.java:42)
	at org.eclipse.ui.internal.JFaceUtil$1.run(JFaceUtil.java:50)
	at org.eclipse.jface.util.SafeRunnable.run(SafeRunnable.java:173)
	at org.eclipse.jface.viewers.BaseLabelProvider.fireLabelProviderChanged(BaseLabelProvider.java:69)
	at org.eclipse.jface.viewers.DecoratingStyledCellLabelProvider.lambda$0(DecoratingStyledCellLabelProvider.java:75)
	at org.eclipse.ui.internal.decorators.DecoratorManager$1.run(DecoratorManager.java:374)
	at org.eclipse.core.runtime.SafeRunner.run(SafeRunner.java:42)
	at org.eclipse.ui.internal.decorators.DecoratorManager.fireListener(DecoratorManager.java:371)
	at org.eclipse.ui.internal.decorators.DecorationScheduler$3.runInUIThread(DecorationScheduler.java:511)
	at org.eclipse.ui.progress.UIJob$1.run(UIJob.java:97)
	at org.eclipse.swt.widgets.RunnableLock.run(RunnableLock.java:35)
	at org.eclipse.swt.widgets.Synchronizer.runAsyncMessages(Synchronizer.java:182)
	at org.eclipse.swt.widgets.Display.runAsyncMessages(Display.java:4211)
	at org.eclipse.swt.widgets.Display.readAndDispatch(Display.java:3827)
	at org.eclipse.e4.ui.internal.workbench.swt.PartRenderingEngine$4.run(PartRenderingEngine.java:1121)
	at org.eclipse.core.databinding.observable.Realm.runWithDefault(Realm.java:336)
	at org.eclipse.e4.ui.internal.workbench.swt.PartRenderingEngine.run(PartRenderingEngine.java:1022)
	at org.eclipse.e4.ui.internal.workbench.E4Workbench.createAndRunUI(E4Workbench.java:150)
	at org.eclipse.ui.internal.Workbench$5.run(Workbench.java:693)
	at org.eclipse.core.databinding.observable.Realm.runWithDefault(Realm.java:336)
	at org.eclipse.ui.internal.Workbench.createAndRunWorkbench(Workbench.java:610)
	at org.eclipse.ui.PlatformUI.createAndRunWorkbench(PlatformUI.java:148)
	at org.eclipse.ui.internal.ide.application.IDEApplication.start(IDEApplication.java:138)
	at org.eclipse.equinox.internal.app.EclipseAppHandle.run(EclipseAppHandle.java:196)
	at org.eclipse.core.runtime.internal.adaptor.EclipseAppLauncher.runApplication(EclipseAppLauncher.java:134)
	at org.eclipse.core.runtime.internal.adaptor.EclipseAppLauncher.start(EclipseAppLauncher.java:104)
	at org.eclipse.core.runtime.adaptor.EclipseStarter.run(EclipseStarter.java:388)
	at org.eclipse.core.runtime.adaptor.EclipseStarter.run(EclipseStarter.java:243)
	at sun.reflect.NativeMethodAccessorImpl.invoke0(Native Method)
	at sun.reflect.NativeMethodAccessorImpl.invoke(NativeMethodAccessorImpl.java:62)
	at sun.reflect.DelegatingMethodAccessorImpl.invoke(DelegatingMethodAccessorImpl.java:43)
	at java.lang.reflect.Method.invoke(Method.java:498)
	at org.eclipse.equinox.launcher.Main.invokeFramework(Main.java:673)
	at org.eclipse.equinox.launcher.Main.basicRun(Main.java:610)
	at org.eclipse.equinox.launcher.Main.run(Main.java:1519)
!SUBENTRY 1 org.eclipse.core.resources 4 368 2017-07-25 17:40:51.551
!MESSAGE File not found: D:\workspace2\CryoEMFileAnalysis\stat_2760000.

!ENTRY org.eclipse.ui 4 4 2017-07-26 09:50:52.295
!MESSAGE Unable to create part
!SUBENTRY 1 org.eclipse.ui.workbench.texteditor 4 0 2017-07-26 09:50:52.295
!MESSAGE Editor could not be initialized.
!STACK 0
java.lang.OutOfMemoryError: Java heap space
	at java.util.Arrays.copyOf(Arrays.java:3332)
	at java.lang.AbstractStringBuilder.ensureCapacityInternal(AbstractStringBuilder.java:124)
	at java.lang.AbstractStringBuilder.append(AbstractStringBuilder.java:596)
	at java.lang.StringBuffer.append(StringBuffer.java:367)
	at org.eclipse.core.internal.filebuffers.ResourceTextFileBuffer.setDocumentContent(ResourceTextFileBuffer.java:549)
	at org.eclipse.core.internal.filebuffers.ResourceTextFileBuffer.initializeFileBufferContent(ResourceTextFileBuffer.java:265)
	at org.eclipse.core.internal.filebuffers.ResourceFileBuffer.create(ResourceFileBuffer.java:248)
	at org.eclipse.core.internal.filebuffers.TextFileBufferManager.connect(TextFileBufferManager.java:112)
	at org.eclipse.ui.editors.text.TextFileDocumentProvider.createFileInfo(TextFileDocumentProvider.java:560)
	at org.eclipse.ui.editors.text.TextFileDocumentProvider.connect(TextFileDocumentProvider.java:478)
	at org.eclipse.ui.texteditor.AbstractTextEditor.doSetInput(AbstractTextEditor.java:4178)
	at org.eclipse.ui.texteditor.StatusTextEditor.doSetInput(StatusTextEditor.java:229)
	at org.eclipse.ui.texteditor.AbstractDecoratedTextEditor.doSetInput(AbstractDecoratedTextEditor.java:1466)
	at org.eclipse.ui.editors.text.TextEditor.doSetInput(TextEditor.java:150)
	at org.eclipse.ui.texteditor.AbstractTextEditor$5.run(AbstractTextEditor.java:3154)
	at org.eclipse.jface.operation.ModalContext.runInCurrentThread(ModalContext.java:437)
	at org.eclipse.jface.operation.ModalContext.run(ModalContext.java:353)
	at org.eclipse.ui.internal.WorkbenchWindow$14.run(WorkbenchWindow.java:2184)
	at org.eclipse.swt.custom.BusyIndicator.showWhile(BusyIndicator.java:70)
	at org.eclipse.ui.internal.WorkbenchWindow.run(WorkbenchWindow.java:2180)
	at org.eclipse.ui.texteditor.AbstractTextEditor.internalInit(AbstractTextEditor.java:3172)
	at org.eclipse.ui.texteditor.AbstractTextEditor.init(AbstractTextEditor.java:3197)
	at org.eclipse.ui.internal.EditorReference.initialize(EditorReference.java:362)
	at org.eclipse.ui.internal.e4.compatibility.CompatibilityPart.create(CompatibilityPart.java:318)
	at sun.reflect.NativeMethodAccessorImpl.invoke0(Native Method)
	at sun.reflect.NativeMethodAccessorImpl.invoke(NativeMethodAccessorImpl.java:62)
	at sun.reflect.DelegatingMethodAccessorImpl.invoke(DelegatingMethodAccessorImpl.java:43)
	at java.lang.reflect.Method.invoke(Method.java:498)
	at org.eclipse.e4.core.internal.di.MethodRequestor.execute(MethodRequestor.java:55)
	at org.eclipse.e4.core.internal.di.InjectorImpl.processAnnotated(InjectorImpl.java:966)
	at org.eclipse.e4.core.internal.di.InjectorImpl.processAnnotated(InjectorImpl.java:931)
	at org.eclipse.e4.core.internal.di.InjectorImpl.inject(InjectorImpl.java:151)
!SESSION 2017-07-28 14:53:21.938 -----------------------------------------------
eclipse.buildId=4.6.3.M20170301-0400
java.version=1.8.0_141
java.vendor=Oracle Corporation
BootLoader constants: OS=win32, ARCH=x86_64, WS=win32, NL=zh_CN
Framework arguments:  -product org.eclipse.epp.package.java.product
Command-line arguments:  -os win32 -ws win32 -arch x86_64 -product org.eclipse.epp.package.java.product

!ENTRY org.eclipse.egit.ui 2 0 2017-07-28 15:32:29.921
!MESSAGE Warning: The environment variable HOME is not set. The following directory will be used to store the Git
user global configuration and to define the default location to store repositories: 'C:\Users\ruanhuabin'. If this is
not correct please set the HOME environment variable and restart Eclipse. Otherwise Git for Windows and
EGit might behave differently since they see different configuration options.
This warning can be switched off on the Team > Git > Confirmations and Warnings preference page.

!ENTRY org.eclipse.ui 4 4 2017-07-28 16:30:16.188
!MESSAGE Unable to create part
!SUBENTRY 1 org.eclipse.ui.workbench.texteditor 4 0 2017-07-28 16:30:16.188
!MESSAGE Editor could not be initialized.
!STACK 0
java.lang.OutOfMemoryError: Java heap space
	at java.util.Arrays.copyOf(Arrays.java:3332)
	at java.lang.AbstractStringBuilder.ensureCapacityInternal(AbstractStringBuilder.java:124)
	at java.lang.AbstractStringBuilder.append(AbstractStringBuilder.java:596)
	at java.lang.StringBuffer.append(StringBuffer.java:367)
	at org.eclipse.core.internal.filebuffers.ResourceTextFileBuffer.setDocumentContent(ResourceTextFileBuffer.java:549)
	at org.eclipse.core.internal.filebuffers.ResourceTextFileBuffer.initializeFileBufferContent(ResourceTextFileBuffer.java:265)
	at org.eclipse.core.internal.filebuffers.ResourceFileBuffer.create(ResourceFileBuffer.java:248)
	at org.eclipse.core.internal.filebuffers.TextFileBufferManager.connect(TextFileBufferManager.java:112)
	at org.eclipse.ui.editors.text.TextFileDocumentProvider.createFileInfo(TextFileDocumentProvider.java:560)
	at org.eclipse.ui.editors.text.TextFileDocumentProvider.connect(TextFileDocumentProvider.java:478)
	at org.eclipse.ui.texteditor.AbstractTextEditor.doSetInput(AbstractTextEditor.java:4178)
	at org.eclipse.ui.texteditor.StatusTextEditor.doSetInput(StatusTextEditor.java:229)
	at org.eclipse.ui.texteditor.AbstractDecoratedTextEditor.doSetInput(AbstractDecoratedTextEditor.java:1466)
	at org.eclipse.ui.editors.text.TextEditor.doSetInput(TextEditor.java:150)
	at org.eclipse.ui.texteditor.AbstractTextEditor$5.run(AbstractTextEditor.java:3154)
	at org.eclipse.jface.operation.ModalContext.runInCurrentThread(ModalContext.java:437)
	at org.eclipse.jface.operation.ModalContext.run(ModalContext.java:353)
	at org.eclipse.ui.internal.WorkbenchWindow$14.run(WorkbenchWindow.java:2184)
	at org.eclipse.swt.custom.BusyIndicator.showWhile(BusyIndicator.java:70)
	at org.eclipse.ui.internal.WorkbenchWindow.run(WorkbenchWindow.java:2180)
	at org.eclipse.ui.texteditor.AbstractTextEditor.internalInit(AbstractTextEditor.java:3172)
	at org.eclipse.ui.texteditor.AbstractTextEditor.init(AbstractTextEditor.java:3197)
	at org.eclipse.ui.internal.EditorReference.initialize(EditorReference.java:362)
	at org.eclipse.ui.internal.e4.compatibility.CompatibilityPart.create(CompatibilityPart.java:318)
	at sun.reflect.NativeMethodAccessorImpl.invoke0(Native Method)
	at sun.reflect.NativeMethodAccessorImpl.invoke(NativeMethodAccessorImpl.java:62)
	at sun.reflect.DelegatingMethodAccessorImpl.invoke(DelegatingMethodAccessorImpl.java:43)
	at java.lang.reflect.Method.invoke(Method.java:498)
	at org.eclipse.e4.core.internal.di.MethodRequestor.execute(MethodRequestor.java:55)
	at org.eclipse.e4.core.internal.di.InjectorImpl.processAnnotated(InjectorImpl.java:966)
	at org.eclipse.e4.core.internal.di.InjectorImpl.processAnnotated(InjectorImpl.java:931)
	at org.eclipse.e4.core.internal.di.InjectorImpl.inject(InjectorImpl.java:151)
!SESSION 2017-08-01 09:47:10.536 -----------------------------------------------
eclipse.buildId=4.6.3.M20170301-0400
java.version=1.8.0_141
java.vendor=Oracle Corporation
BootLoader constants: OS=win32, ARCH=x86_64, WS=win32, NL=zh_CN
Framework arguments:  -product org.eclipse.epp.package.java.product
Command-line arguments:  -os win32 -ws win32 -arch x86_64 -product org.eclipse.epp.package.java.product

!ENTRY org.eclipse.egit.ui 2 0 2017-08-01 09:47:40.440
!MESSAGE Warning: The environment variable HOME is not set. The following directory will be used to store the Git
user global configuration and to define the default location to store repositories: 'C:\Users\ruanhuabin'. If this is
not correct please set the HOME environment variable and restart Eclipse. Otherwise Git for Windows and
EGit might behave differently since they see different configuration options.
This warning can be switched off on the Team > Git > Confirmations and Warnings preference page.

!ENTRY org.python.pydev.shared_core 4 4 2017-08-01 10:50:07.004
!MESSAGE org.python.pydev.parser.jython.ast.keywordType cannot be cast to org.python.pydev.parser.jython.ast.exprType
!STACK 0
java.lang.ClassCastException: org.python.pydev.parser.jython.ast.keywordType cannot be cast to org.python.pydev.parser.jython.ast.exprType
	at org.python.pydev.parser.grammar27.TreeBuilder27.onCloseNode(TreeBuilder27.java:165)
	at org.python.pydev.parser.grammarcommon.AbstractTreeBuilder.closeNode(AbstractTreeBuilder.java:625)
	at org.python.pydev.parser.grammarcommon.JJTPythonGrammarState.closeNodeScope(JJTPythonGrammarState.java:174)
	at org.python.pydev.parser.grammar27.PythonGrammar27.atomtrailer(PythonGrammar27.java:5618)
	at org.python.pydev.parser.grammar27.PythonGrammar27.power(PythonGrammar27.java:5502)
	at org.python.pydev.parser.grammar27.PythonGrammar27.factor(PythonGrammar27.java:5489)
	at org.python.pydev.parser.grammar27.PythonGrammar27.term(PythonGrammar27.java:5175)
	at org.python.pydev.parser.grammar27.PythonGrammar27.arith_expr(PythonGrammar27.java:5077)
	at org.python.pydev.parser.grammar27.PythonGrammar27.shift_expr(PythonGrammar27.java:4979)
	at org.python.pydev.parser.grammar27.PythonGrammar27.and_expr(PythonGrammar27.java:4928)
	at org.python.pydev.parser.grammar27.PythonGrammar27.xor_expr(PythonGrammar27.java:4877)
	at org.python.pydev.parser.grammar27.PythonGrammar27.expr(PythonGrammar27.java:4826)
	at org.python.pydev.parser.grammar27.PythonGrammar27.comparison(PythonGrammar27.java:4600)
	at org.python.pydev.parser.grammar27.PythonGrammar27.not_test(PythonGrammar27.java:4584)
	at org.python.pydev.parser.grammar27.PythonGrammar27.and_test(PythonGrammar27.java:4473)
	at org.python.pydev.parser.grammar27.PythonGrammar27.or_test(PythonGrammar27.java:4421)
	at org.python.pydev.parser.grammar27.PythonGrammar27.test(PythonGrammar27.java:4322)
	at org.python.pydev.parser.grammar27.PythonGrammar27.SmartTestList(PythonGrammar27.java:6520)
	at org.python.pydev.parser.grammar27.PythonGrammar27.expr_stmt(PythonGrammar27.java:1935)
	at org.python.pydev.parser.grammar27.PythonGrammar27.small_stmt(PythonGrammar27.java:928)
	at org.python.pydev.parser.grammar27.PythonGrammar27.simple_stmt(PythonGrammar27.java:868)
	at org.python.pydev.parser.grammar27.PythonGrammar27.stmt(PythonGrammar27.java:843)
	at org.python.pydev.parser.grammar27.PythonGrammar27.suite(PythonGrammar27.java:3961)
	at org.python.pydev.parser.grammar27.PythonGrammar27.funcdef(PythonGrammar27.java:275)
	at org.python.pydev.parser.grammar27.PythonGrammar27.compound_stmt(PythonGrammar27.java:3171)
	at org.python.pydev.parser.grammar27.PythonGrammar27.stmt(PythonGrammar27.java:854)
	at org.python.pydev.parser.grammar27.PythonGrammar27.file_input(PythonGrammar27.java:209)
	at org.python.pydev.parser.grammar27.PythonGrammar27.file_input(PythonGrammar27.java:1)
	at org.python.pydev.parser.PyParser.reparseDocument(PyParser.java:567)
	at org.python.pydev.editor.codecompletion.revisited.modules.AbstractModule.createModuleFromDoc(AbstractModule.java:313)
	at org.python.pydev.editor.codecompletion.revisited.modules.AbstractModule.createModuleFromDoc(AbstractModule.java:300)
	at org.python.pydev.editor.refactoring.RefactoringRequest.getModule(RefactoringRequest.java:248)
	at org.python.pydev.editor.refactoring.RefactoringRequest.getAST(RefactoringRequest.java:261)
	at com.python.pydev.refactoring.wizards.rename.PyReferenceSearcher.prepareSearch(PyReferenceSearcher.java:104)
	at com.python.pydev.refactoring.markoccurrences.MarkOccurrencesJob.createRequest(MarkOccurrencesJob.java:147)
	at org.python.pydev.shared_ui.mark_occurrences.BaseMarkOccurrencesJob.run(BaseMarkOccurrencesJob.java:168)
	at org.eclipse.core.internal.jobs.Worker.run(Worker.java:55)
